Start auto log messages stack - Iteration 8.	[MsgId: MMSG-10545]
Starting action Action.	[MsgId: MMSG-15919]
Action.c(3): Notify: Transaction "UC5_Itinerary" started.	[MsgId: MMSG-16999]
Action.c(5): Notify: Transaction "open_site" started.	[MsgId: MMSG-16999]
Action.c(7): web_set_sockets_option started  	[MsgId: MMSG-26355]
Action.c(7): web_set_sockets_option was successful  	[MsgId: MMSG-26392]
Action.c(9): web_add_auto_header("Sec-Fetch-Dest") started  	[MsgId: MMSG-26355]
Action.c(9): An unrecognized header ("Sec-Fetch-Dest") is being added  	[MsgId: MMSG-26595]
Action.c(9): "Sec-Fetch-Dest: frame" header registered for adding to requests from all following Action functions  	[MsgId: MMSG-26505]
Action.c(9): web_add_auto_header("Sec-Fetch-Dest") was successful  	[MsgId: MMSG-26392]
Action.c(12): web_add_auto_header("Sec-Fetch-Mode") started  	[MsgId: MMSG-26355]
Action.c(12): An unrecognized header ("Sec-Fetch-Mode") is being added  	[MsgId: MMSG-26595]
Action.c(12): "Sec-Fetch-Mode: navigate" header registered for adding to requests from all following Action functions  	[MsgId: MMSG-26505]
Action.c(12): web_add_auto_header("Sec-Fetch-Mode") was successful  	[MsgId: MMSG-26392]
Action.c(15): web_add_auto_header("Sec-Fetch-Site") started  	[MsgId: MMSG-26355]
Action.c(15): An unrecognized header ("Sec-Fetch-Site") is being added  	[MsgId: MMSG-26595]
Action.c(15): "Sec-Fetch-Site: same-origin" header registered for adding to requests from all following Action functions  	[MsgId: MMSG-26505]
Action.c(15): web_add_auto_header("Sec-Fetch-Site") was successful  	[MsgId: MMSG-26392]
Action.c(18): web_add_auto_header("Upgrade-Insecure-Requests") started  	[MsgId: MMSG-26355]
Action.c(18): An unrecognized header ("Upgrade-Insecure-Requests") is being added  	[MsgId: MMSG-26595]
Action.c(18): "Upgrade-Insecure-Requests: 1" header registered for adding to requests from all following Action functions  	[MsgId: MMSG-26505]
Action.c(18): web_add_auto_header("Upgrade-Insecure-Requests") was successful  	[MsgId: MMSG-26392]
Action.c(21): web_add_auto_header("sec-ch-ua") started  	[MsgId: MMSG-26355]
Action.c(21): An unrecognized header ("sec-ch-ua") is being added  	[MsgId: MMSG-26595]
Action.c(21): "sec-ch-ua: "Not?A_Brand";v="8", "Chromium";v="108", "Google Chrome";v="108"" header registered for adding to requests from all following Action functions  	[MsgId: MMSG-26505]
Action.c(21): web_add_auto_header("sec-ch-ua") was successful  	[MsgId: MMSG-26392]
Action.c(24): web_add_auto_header("sec-ch-ua-mobile") started  	[MsgId: MMSG-26355]
Action.c(24): An unrecognized header ("sec-ch-ua-mobile") is being added  	[MsgId: MMSG-26595]
Action.c(24): "sec-ch-ua-mobile: ?0" header registered for adding to requests from all following Action functions  	[MsgId: MMSG-26505]
Action.c(24): web_add_auto_header("sec-ch-ua-mobile") was successful  	[MsgId: MMSG-26392]
Action.c(27): web_add_auto_header("sec-ch-ua-platform") started  	[MsgId: MMSG-26355]
Action.c(27): An unrecognized header ("sec-ch-ua-platform") is being added  	[MsgId: MMSG-26595]
Action.c(27): "sec-ch-ua-platform: "Windows"" header registered for adding to requests from all following Action functions  	[MsgId: MMSG-26505]
Action.c(27): web_add_auto_header("sec-ch-ua-platform") was successful  	[MsgId: MMSG-26392]
Action.c(30): web_reg_find started  	[MsgId: MMSG-26355]
Action.c(30): Registering web_reg_find was successful  	[MsgId: MMSG-26390]
Action.c(36): web_reg_save_param_attrib started  	[MsgId: MMSG-26355]
Action.c(36): Registering web_reg_save_param_attrib was successful  	[MsgId: MMSG-26390]
Action.c(47): web_url("welcome.pl") started  	[MsgId: MMSG-26355]
Action.c(47): t=861600ms: Connecting [0] to host 127.0.0.1:1080  	[MsgId: MMSG-26000]
Action.c(47): t=861601ms: Connected socket [0] from 127.0.0.1:62375 to 127.0.0.1:1080 in 1 ms  	[MsgId: MMSG-26000]
Action.c(47): t=861601ms: 498-byte request headers for "http://localhost:1080/cgi-bin/welcome.pl?signOff=true" (RelFrameId=1, Internal ID=141)
Action.c(47):     GET /cgi-bin/welcome.pl?signOff=true HTTP/1.1\r\n
Action.c(47):     Referer: http://localhost:1080/WebTours/\r\n
Action.c(47):     Sec-Fetch-Dest: frame\r\n
Action.c(47):     Sec-Fetch-Mode: navigate\r\n
Action.c(47):     Sec-Fetch-Site: same-origin\r\n
Action.c(47):     Upgrade-Insecure-Requests: 1\r\n
Action.c(47):     sec-ch-ua: "Not?A_Brand";v="8", "Chromium";v="108", "Google Chrome";v="108"\r\n
Action.c(47):     sec-ch-ua-mobile: ?0\r\n
Action.c(47):     sec-ch-ua-platform: "Windows"\r\n
Action.c(47):     User-Agent: Mozilla/5.0 (compatible; MSIE 10.0; Windows NT 6.1; Trident/6.0)\r\n
Action.c(47):     Accept-Encoding: gzip, deflate\r\n
Action.c(47):     Accept: */*\r\n
Action.c(47):     Connection: Keep-Alive\r\n
Action.c(47):     Host: localhost:1080\r\n
Action.c(47):     \r\n
Action.c(47): t=861800ms: 328-byte response headers for "http://localhost:1080/cgi-bin/welcome.pl?signOff=true" (RelFrameId=1, Internal ID=141)
Action.c(47):     HTTP/1.1 200 OK\r\n
Action.c(47):     Date: Sun, 05 Feb 2023 10:15:48 GMT\r\n
Action.c(47):     Server: Apache/2.2.21 (Win32)\r\n
Action.c(47):     Set-Cookie: MSO=SID&1675592148; path=/\r\n
Action.c(47):     Set-Cookie: MTUserInfo=; path=/; expires=Sat, 04-Feb-2023 10:15:48 GMT\r\n
Action.c(47):     Keep-Alive: timeout=5, max=100\r\n
Action.c(47):     Connection: Keep-Alive\r\n
Action.c(47):     Transfer-Encoding: chunked\r\n
Action.c(47):     Content-Type: text/html; charset=ISO-8859-1\r\n
Action.c(47):     \r\n
Action.c(47): t=861800ms: 5-byte chunked response overhead for "http://localhost:1080/cgi-bin/welcome.pl?signOff=true" (RelFrameId=1, Internal ID=141)
Action.c(47):     2ae\r\n
Action.c(47): t=861800ms: 2-byte chunked response overhead for "http://localhost:1080/cgi-bin/welcome.pl?signOff=true" (RelFrameId=1, Internal ID=141)
Action.c(47):     \r\n
Action.c(47): t=861800ms: 686-byte chunked response body for "http://localhost:1080/cgi-bin/welcome.pl?signOff=true" (RelFrameId=1, Internal ID=141)
Action.c(47):     <!-- \n
Action.c(47):      A Session ID has been created and loaded into a cookie called MSO.\n
Action.c(47):      Also, the server options have been loaded into the cookie called\n
Action.c(47):      MSO as well.  The server options can be set via the Admin page.\n
Action.c(47):      --->\n
Action.c(47):     \n
Action.c(47):     <html>\n
Action.c(47):     <title>Web Tours</title>\n
Action.c(47):        <!-- Frame Set -->\n
Action.c(47):        <frameset cols="160,*" border="1" frameborder="1">\n
Action.c(47):           <!-- Navigation Frame -->\n
Action.c(47):           <frame src="nav.pl?in=home" name="navbar" marginheight="2" marginwidth="2" \n
Action.c(47):                 noresize="noresize" scrolling="auto"/>\n
Action.c(47):           <!-- Home Frame -->\n
Action.c(47):           <frame src="/WebTours/home.html" name="info" marginheight="2" marginwidth="2" \n
Action.c(47):                 noresize="noresize" scrolling="auto"/>\n
Action.c(47):        </frameset>\n
Action.c(47):     </html>\n
Action.c(47):     \n
Action.c(47):     </body>\n
Action.c(47):     </html>
Action.c(47): Detected non-resource "http://localhost:1080/cgi-bin/nav.pl?in=home" in "http://localhost:1080/cgi-bin/welcome.pl?signOff=true"  	[MsgId: MMSG-26574]
Action.c(47): Detected non-resource "http://localhost:1080/WebTours/home.html" in "http://localhost:1080/cgi-bin/welcome.pl?signOff=true"  	[MsgId: MMSG-26574]
Action.c(47): t=861802ms: Connecting [1] to host 127.0.0.1:1080  	[MsgId: MMSG-26000]
Action.c(47): t=861803ms: Connecting [2] to host 127.0.0.1:1080  	[MsgId: MMSG-26000]
Action.c(47): t=861804ms: Connected socket [1] from 127.0.0.1:62376 to 127.0.0.1:1080 in 2 ms  	[MsgId: MMSG-26000]
Action.c(47): t=861804ms: 539-byte request headers for "http://localhost:1080/cgi-bin/nav.pl?in=home" (RelFrameId=1.1, Internal ID=142)
Action.c(47):     GET /cgi-bin/nav.pl?in=home HTTP/1.1\r\n
Action.c(47):     Referer: http://localhost:1080/cgi-bin/welcome.pl?signOff=true\r\n
Action.c(47):     Sec-Fetch-Dest: frame\r\n
Action.c(47):     Sec-Fetch-Mode: navigate\r\n
Action.c(47):     Sec-Fetch-Site: same-origin\r\n
Action.c(47):     Upgrade-Insecure-Requests: 1\r\n
Action.c(47):     sec-ch-ua: "Not?A_Brand";v="8", "Chromium";v="108", "Google Chrome";v="108"\r\n
Action.c(47):     sec-ch-ua-mobile: ?0\r\n
Action.c(47):     sec-ch-ua-platform: "Windows"\r\n
Action.c(47):     User-Agent: Mozilla/5.0 (compatible; MSIE 10.0; Windows NT 6.1; Trident/6.0)\r\n
Action.c(47):     Accept-Encoding: gzip, deflate\r\n
Action.c(47):     Accept: */*\r\n
Action.c(47):     Connection: Keep-Alive\r\n
Action.c(47):     Host: localhost:1080\r\n
Action.c(47):     Cookie: MSO=SID&1675592148\r\n
Action.c(47):     \r\n
Action.c(47): t=861804ms: Connected socket [2] from 127.0.0.1:62377 to 127.0.0.1:1080 in 1 ms  	[MsgId: MMSG-26000]
Action.c(47): t=861804ms: 535-byte request headers for "http://localhost:1080/WebTours/home.html" (RelFrameId=1.2, Internal ID=143)
Action.c(47):     GET /WebTours/home.html HTTP/1.1\r\n
Action.c(47):     Referer: http://localhost:1080/cgi-bin/welcome.pl?signOff=true\r\n
Action.c(47):     Sec-Fetch-Dest: frame\r\n
Action.c(47):     Sec-Fetch-Mode: navigate\r\n
Action.c(47):     Sec-Fetch-Site: same-origin\r\n
Action.c(47):     Upgrade-Insecure-Requests: 1\r\n
Action.c(47):     sec-ch-ua: "Not?A_Brand";v="8", "Chromium";v="108", "Google Chrome";v="108"\r\n
Action.c(47):     sec-ch-ua-mobile: ?0\r\n
Action.c(47):     sec-ch-ua-platform: "Windows"\r\n
Action.c(47):     User-Agent: Mozilla/5.0 (compatible; MSIE 10.0; Windows NT 6.1; Trident/6.0)\r\n
Action.c(47):     Accept-Encoding: gzip, deflate\r\n
Action.c(47):     Accept: */*\r\n
Action.c(47):     Connection: Keep-Alive\r\n
Action.c(47):     Host: localhost:1080\r\n
Action.c(47):     Cookie: MSO=SID&1675592148\r\n
Action.c(47):     \r\n
Action.c(47): t=861805ms: 5-byte chunked response overhead for "http://localhost:1080/cgi-bin/welcome.pl?signOff=true" (RelFrameId=1, Internal ID=141)
Action.c(47):     0\r\n
Action.c(47):     \r\n
Action.c(47): t=861805ms: Request done "http://localhost:1080/cgi-bin/welcome.pl?signOff=true"  	[MsgId: MMSG-26000]
Action.c(47): Search registration for "userSession" parameter is filtered by "Request URL"  	[MsgId: MMSG-26000]
Action.c(47): t=861806ms: 300-byte response headers for "http://localhost:1080/WebTours/home.html" (RelFrameId=1.2, Internal ID=143)
Action.c(47):     HTTP/1.1 200 OK\r\n
Action.c(47):     Date: Sun, 05 Feb 2023 10:15:48 GMT\r\n
Action.c(47):     Server: Apache/2.2.21 (Win32)\r\n
Action.c(47):     Last-Modified: Mon, 27 May 2013 11:20:22 GMT\r\n
Action.c(47):     ETag: "26000000037a5a-551-4ddb1559ac980"\r\n
Action.c(47):     Accept-Ranges: bytes\r\n
Action.c(47):     Content-Length: 1361\r\n
Action.c(47):     Keep-Alive: timeout=5, max=100\r\n
Action.c(47):     Connection: Keep-Alive\r\n
Action.c(47):     Content-Type: text/html\r\n
Action.c(47):     \r\n
Action.c(47): t=861806ms: 1361-byte response body for "http://localhost:1080/WebTours/home.html" (RelFrameId=1.2, Internal ID=143)
Action.c(47):     <HTML>\n
Action.c(47):     <HEAD>\n
Action.c(47):     \t<title>Web Tours</title>\n
Action.c(47):     </HEAD>\n
Action.c(47):     <style>\n
Action.c(47):     \tblockquote {font-family: tahoma; font-size : 10pt}\n
Action.c(47):     \tH1 {font-family: tahoma; font-size : 22pt; color: #003366}\n
Action.c(47):     \tsmall {font-family: tahoma; font-size : 8pt}\n
Action.c(47):     \tH3{font-family: tahoma; font-size : 10pt; color: black}\n
Action.c(47):     \tA {FONT-WEIGHT: bold; FONT-SIZE: 10pt; COLOR: black; FONT-FAMILY: Tahoma; TEXT-DECORATIO
Action.c(47):     N: none}\n
Action.c(47):     \tA:hover{ FONT-WEIGHT: bold; FONT-SIZE: 10pt; COLOR: #993333; FONT-FAMILY: Tahoma;TEXT-DE
Action.c(47):     CORATION: underline}\n
Action.c(47):     \tTD {font-family: tahoma; font-size : 10pt; color: black}\n
Action.c(47):     </style>\n
Action.c(47):     <body bgcolor="#e0e7f1">\n
Action.c(47):     <BR/>\n
Action.c(47):     <BR/>\n
Action.c(47):     <BR/>\n
Action.c(47):     <br/>\n
Action.c(47):     <table border="0">\n
Action.c(47):     <tr><td></td></tr>\n
Action.c(47):     <TR><TD></TD></TR>\n
Action.c(47):     <TR><TD>\n
Action.c(47):     <blockquote>\n
Action.c(47):     <H1><b>Web Tours</b></H1>\n
Action.c(47):     Welcome to the Web Tours site.\n
Action.c(47):     <br/>\n
Action.c(47):     To make reservations,please enter your account information to the left.\n
Action.c(47):     <br/>\n
Action.c(47):     If you haven't registered yet, <A href="/cgi-bin/login.pl?username=&amp;password=&amp;getI
Action.c(47):     nfo=true" ><B>sign up now</B></A> to get access to all our resources.\n
Action.c(47):     <br/>\n
Action.c(47):     To configure the server options, use <A href="/cgi-bin/admin.pl" target="body" ><b>adminis
Action.c(47):     tration</b></A> link.\n
Action.c(47):     <br/><br/><br/><br/><br/><br/>\n
Action.c(47):     <br/><small>\n
Action.c(47):     This product uses parts of the SMT Kernel, Copyright (c) 1991-99 <A href="http://www.imati
Action.c(47):     x.com" target="new"><B><small>iMatix Corporation</small></B></A> \n
Action.c(47):     </small>\n
Action.c(47):     </blockquote></TD>\n
Action.c(47):     <TD></TD></TR>\n
Action.c(47):     </table>\n
Action.c(47):     </body>\n
Action.c(47):     </HTML>\n
Action.c(47): t=861806ms: Request done "http://localhost:1080/WebTours/home.html"  	[MsgId: MMSG-26000]
Action.c(47): Search registration for "userSession" parameter is filtered by "Request URL"  	[MsgId: MMSG-26000]
Action.c(47): t=866808ms: Inactive socket [2] was closed by localhost:1080, probably due to Keep-Alive timeout  	[MsgId: MMSG-26000]
Action.c(47): t=866808ms: Closed connection [2] to localhost:1080 after completing 1 request(s)  	[MsgId: MMSG-26000]
Action.c(47): t=866870ms: Inactive socket [0] was closed by localhost:1080, probably due to Keep-Alive timeout  	[MsgId: MMSG-26000]
Action.c(47): t=866870ms: Closed connection [0] to localhost:1080 after completing 1 request(s)  	[MsgId: MMSG-26000]
Action.c(47): Error -27778: Timeout (120 seconds) exceeded while waiting to receive data for URL "http://localhost:1080/cgi-bin/nav.pl?in=home"  	[MsgId: MERR-27778]
End auto log messages stack.	[MsgId: MMSG-10544]


Start auto log messages stack - Iteration 8.	[MsgId: MMSG-10545]
Action.c(47): Aborting download of URL "http://localhost:1080/cgi-bin/nav.pl?in=home" (RelFrameId=1.1, Internal ID=142) (e.g., due to the target document or object being deleted)  	[MsgId: MMSG-26507]
Action.c(47): Notify: Saving Parameter "userSession = ".	[MsgId: MMSG-13798]
Action.c(47): Error -35048: No match found for the requested parameter "userSession". Check whether the tag with specific attributes exists in the response data  	[MsgId: MERR-35048]
End auto log messages stack.	[MsgId: MMSG-10544]


