Start auto log messages stack - Iteration 7.	[MsgId: MMSG-10545]
Action.c(88):       </TD>\n
Action.c(88):       <TD width="5%" >.<br/>.<br/>.<br/>.</TD>\n
Action.c(88):       <TD width="45%" valign=top><b>Invoice sent to:</b><br/>\n
Action.c(88):           <center>\n
Action.c(88):           <Table width="80%" cellspacing="0" > <tr> <td>\n
Action.c(88):                <br/>\n
Action.c(88):               <br/>\n
Action.c(88):               <br/>\n
Action.c(88):               <br/>\n
Action.c(88):               Total Charge: $ 0 <BR/> (CC: x-2345)\n
Action.c(88):           </td> </tr> </table>\n
Action.c(88):           </center>\n
Action.c(88):       </TD>\n
Action.c(88):     </TR>\n
Action.c(88):     <TR bgcolor="#EFF2F7">\n
Action.c(88):       <TD COLSPAN="3">\n
Action.c(88):       <b>Flight Details:</b><BR/>  <center>\n
Action.c(88):        :  8am : Flight Value\n
Action.c(88):      leaves Denver  for Denver.<br>  </center>\n
Action.c(88):       </TD>\n
Action.c(88):     </TR>\n
Action.c(88):     \n
Action.c(88):     <TR bgcolor="#EFF2F7">\n
Action.c(88):       <TD COLSPAN="4">\n
Action.c(88):       <hr/>\n
Action.c(88):       </TD>\n
Action.c(88):     </TR>\n
Action.c(88):     \n
Action.c(88):     <!-- Flight #1 -->\n
Action.c(88):     <TR bgcolor="#EFF2F7">\n
Action.c(88):       <TD width="5%" rowspan="2" align="left" valign="top">\n
Action.c(88):     <b>\n
Action.c(88):     <label><input type="checkbox" name="63" value="on" /></label></font></b>\n
Action.c(88):     <input type="hidden" name="flightID" value="86-48-"  />\n
Action.c(88):       </TD>\n
Action.c(88):       <TD width="45%" valign="top">\n
Action.c(88):           <b>&nbsp;&nbsp;A First class ticket for :</b><br/>\n
Action.c(88):           <center><table border="0" width="85%"><tr><td>\n
Action.c(88):           <li><i>Rob Koch\n
Action.c(88):           <li><i></i>\n
Action.c(88):           </td></tr></table></center>\n
Action.c(88):       </TD>\n
Action.c(88):       <TD width="5%" >.<br/>.<br/>.<br/>.</TD>\n
Action.c(88):       <TD width="45%" valign=top><b>Invoice sent to:</b><br/>\n
Action.c(88):           <center>\n
Action.c(88):           <Table width="80%" cellspacing="0" > <tr> <td>\n
Action.c(88):                <br/>\n
Action.c(88):               <br/>\n
Action.c(88):               <br/>\n
Action.c(88):               <br/>\n
Action.c(88):               Total Charge: $ 0 <BR/> (CC: x-2345)\n
Action.c(88):           </td> </tr> </table>\n
Action.c(88):           </center>\n
Action.c(88):       </TD>\n
Action.c(88):     </TR>\n
Action.c(88):     <TR bgcolor="#EFF2F7">\n
Action.c(88):       <TD COLSPAN="3">\n
Action.c(88):       <b>Flight Details:</b><BR/>  <center>\n
Action.c(88):        :  8am : Flight Value\n
Action.c(88):      leaves Denver  for Denver.<br>  </center>\n
Action.c(88):       </TD>\n
Action.c(88):     </TR>\n
Action.c(88):     \n
Action.c(88):     <TR bgcolor="#EFF2F7">\n
Action.c(88):       <TD COLSPAN="4">\n
Action.c(88):       <hr/>\n
Action.c(88):       </TD>\n
Action.c(88):     </TR>\n
Action.c(88):     \n
Action.c(88):     <!-- Flight #1 -->\n
Action.c(88):     <TR bgcolor="#EFF2F7">\n
Action.c(88):       <TD width="5%" rowspan="2" align="left" valign="top">\n
Action.c(88):     <b>\n
Action.c(88):     <label><input type="checkbox" name="64" value="on" /></label></font></b>\n
Action.c(88):     <input type="hidden" name="flightID" value="86-49-"  />\n
Action.c(88):       </TD>\n
Action.c(88):       <TD width="45%" valign="top">\n
Action.c(88):           <b>&nbsp;&nbsp;A Business class ticket for :</b><br/>\n
Action.c(88):           <center><table border="0" width="85%"><tr><td>\n
Action.c(88):           <li><i>Rob Koch\n
Action.c(88):           <li><i></i>\n
Action.c(88):           </td></tr></table></center>\n
Action.c(88):       </TD>\n
Action.c(88):       <TD width="5%" >.<br/>.<br/>.<br/>.</TD>\n
Action.c(88):       <TD width="45%" valign=top><b>Invoice sent to:</b><br/>\n
Action.c(88):           <center>\n
Action.c(88):           <Table width="80%" cellspacing="0" > <tr> <td>\n
Action.c(88):                <br/>\n
Action.c(88):               <br/>\n
Action.c(88):               <br/>\n
Action.c(88):               <br/>\n
Action.c(88):               Total Charge: $ 0 <BR/> (CC: x-2345)\n
Action.c(88):           </td> </tr> </table>\n
Action.c(88):           </center>\n
Action.c(88):       </TD>\n
Action.c(88):     </TR>\n
Action.c(88):     <TR bgcolor="#EFF2F7">\n
Action.c(88):       <TD COLSPAN="3">\n
Action.c(88):       <b>Flight Details:</b><BR/>  <center>\n
Action.c(88):        :  8am : Flight Value\n
Action.c(88):      leaves Denver  for Denver.<br>  </center>\n
Action.c(88):       </TD>\n
Action.c(88):     </TR>\n
Action.c(88):     \n
Action.c(88):     <TR bgcolor="#EFF2F7">\n
Action.c(88):       <TD COLSPAN="4">\n
Action.c(88):       <hr/>\n
Action.c(88):       </TD>\n
Action.c(88):     </TR>\n
Action.c(88):     \n
Action.c(88):     <!-- Flight #1 -->\n
Action.c(88):     <TR bgcolor="#EFF2F7">\n
Action.c(88):       <TD width="5%" rowspan="2" align="left" valign="top">\n
Action.c(88):     <b>\n
Action.c(88):     <label><input type="checkbox" name="65" value="on" /></label></font></b>\n
Action.c(88):     <input type="hidden" name="flightID" value="868519-5-"  />\n
Action.c(88):       </TD>\n
Action.c(88):       <TD width="45%" valign="top">\n
Action.c(88):           <b>&nbsp;&nbsp;A First class ticket for :</b><br/>\n
Action.c(88):           <center><table border="0" width="85%"><tr><td>\n
Action.c(88):           <li><i>Rob Koch\n
Action.c(88):           <li><i></i>\n
Action.c(88):           </td></tr></table></center>\n
Action.c(88):       </TD>\n
Action.c(88):       <TD width="5%" >.<br/>.<br/>.<br/>.</TD>\n
Action.c(88):       <TD width="45%" valign=top><b>Invoice sent to:</b><br/>\n
Action.c(88):           <center>\n
Action.c(88):           <Table width="80%" cellspacing="0" > <tr> <td>\n
Action.c(88):                <br/>\n
Action.c(88):               <br/>\n
Action.c(88):               <br/>\n
Action.c(88):               <br/>\n
Action.c(88):               Total Charge: $ 0 <BR/> (CC: x-2345)\n
Action.c(88):           </td> </tr> </table>\n
Action.c(88):           </center>\n
Action.c(88):       </TD>\n
Action.c(88):     </TR>\n
Action.c(88):     <TR bgcolor="#EFF2F7">\n
Action.c(88):       <TD COLSPA
Action.c(88): t=641747ms: 6-byte chunked response overhead for "http://localhost:1080/cgi-bin/itinerary.pl" (RelFrameId=1.2, Internal ID=152)
Action.c(88):     1000\r\n
Action.c(88): t=641747ms: 2-byte chunked response overhead for "http://localhost:1080/cgi-bin/itinerary.pl" (RelFrameId=1.2, Internal ID=152)
Action.c(88):     \r\n
Action.c(88): t=641747ms: 4096-byte chunked response body for "http://localhost:1080/cgi-bin/itinerary.pl" (RelFrameId=1.2, Internal ID=152)
Action.c(88):     N="3">\n
Action.c(88):       <b>Flight Details:</b><BR/>  <center>\n
Action.c(88):       12/26/2022\n
Action.c(88):      :  11pm : Flight 003 leaves Denver  for Denver.<br>  </center>\n
Action.c(88):       </TD>\n
Action.c(88):     </TR>\n
Action.c(88):     \n
Action.c(88):     <TR bgcolor="#EFF2F7">\n
Action.c(88):       <TD COLSPAN="4">\n
Action.c(88):       <hr/>\n
Action.c(88):       </TD>\n
Action.c(88):     </TR>\n
Action.c(88):     \n
Action.c(88):     <!-- Flight #1 -->\n
Action.c(88):     <TR bgcolor="#EFF2F7">\n
Action.c(88):       <TD width="5%" rowspan="2" align="left" valign="top">\n
Action.c(88):     <b>\n
Action.c(88):     <label><input type="checkbox" name="66" value="on" /></label></font></b>\n
Action.c(88):     <input type="hidden" name="flightID" value="868518-5-"  />\n
Action.c(88):       </TD>\n
Action.c(88):       <TD width="45%" valign="top">\n
Action.c(88):           <b>&nbsp;&nbsp;A First class ticket for :</b><br/>\n
Action.c(88):           <center><table border="0" width="85%"><tr><td>\n
Action.c(88):           <li><i>Rob Koch\n
Action.c(88):           <li><i></i>\n
Action.c(88):           </td></tr></table></center>\n
Action.c(88):       </TD>\n
Action.c(88):       <TD width="5%" >.<br/>.<br/>.<br/>.</TD>\n
Action.c(88):       <TD width="45%" valign=top><b>Invoice sent to:</b><br/>\n
Action.c(88):           <center>\n
Action.c(88):           <Table width="80%" cellspacing="0" > <tr> <td>\n
Action.c(88):                <br/>\n
Action.c(88):               <br/>\n
Action.c(88):               <br/>\n
Action.c(88):               <br/>\n
Action.c(88):               Total Charge: $ 0 <BR/> (CC: x-2345)\n
Action.c(88):           </td> </tr> </table>\n
Action.c(88):           </center>\n
Action.c(88):       </TD>\n
Action.c(88):     </TR>\n
Action.c(88):     <TR bgcolor="#EFF2F7">\n
Action.c(88):       <TD COLSPAN="3">\n
Action.c(88):       <b>Flight Details:</b><BR/>  <center>\n
Action.c(88):       12/26/2022\n
Action.c(88):      :  1pm : Flight 001 leaves Denver  for Denver.<br>  </center>\n
Action.c(88):       </TD>\n
Action.c(88):     </TR>\n
Action.c(88):     \n
Action.c(88):     <TR bgcolor="#EFF2F7">\n
Action.c(88):       <TD COLSPAN="4">\n
Action.c(88):       <hr/>\n
Action.c(88):       </TD>\n
Action.c(88):     </TR>\n
Action.c(88):     \n
Action.c(88):     <!-- Flight #1 -->\n
Action.c(88):     <TR bgcolor="#EFF2F7">\n
Action.c(88):       <TD width="5%" rowspan="2" align="left" valign="top">\n
Action.c(88):     <b>\n
Action.c(88):     <label><input type="checkbox" name="67" value="on" /></label></font></b>\n
Action.c(88):     <input type="hidden" name="flightID" value="86873728-52269333-"  />\n
Action.c(88):       </TD>\n
Action.c(88):       <TD width="45%" valign="top">\n
Action.c(88):           <b>&nbsp;&nbsp;A Business class ticket for :</b><br/>\n
Action.c(88):           <center><table border="0" width="85%"><tr><td>\n
Action.c(88):           <li><i>Rob Koch\n
Action.c(88):           <li><i></i>\n
Action.c(88):           </td></tr></table></center>\n
Action.c(88):       </TD>\n
Action.c(88):       <TD width="5%" >.<br/>.<br/>.<br/>.</TD>\n
Action.c(88):       <TD width="45%" valign=top><b>Invoice sent to:</b><br/>\n
Action.c(88):           <center>\n
Action.c(88):           <Table width="80%" cellspacing="0" > <tr> <td>\n
Action.c(88):                <br/>\n
Action.c(88):               <br/>\n
Action.c(88):               <br/>\n
Action.c(88):               <br/>\n
Action.c(88):               Total Charge: $ 1338 <BR/> (CC: x-2345)\n
Action.c(88):           </td> </tr> </table>\n
Action.c(88):           </center>\n
Action.c(88):       </TD>\n
Action.c(88):     </TR>\n
Action.c(88):     <TR bgcolor="#EFF2F7">\n
Action.c(88):       <TD COLSPAN="3">\n
Action.c(88):       <b>Flight Details:</b><BR/>  <center>\n
Action.c(88):       02/05/2023\n
Action.c(88):      :  8am : Flight 590 leaves Portland  for Zurich.<br>  02/05/2023\n
Action.c(88):      :  8am : Flight 950 leaves Zurich  for Portland.<br>  </center>\n
Action.c(88):       </TD>\n
Action.c(88):     </TR>\n
Action.c(88):     \n
Action.c(88):     <TR bgcolor="#EFF2F7">\n
Action.c(88):       <TD COLSPAN="4">\n
Action.c(88):       <hr/>\n
Action.c(88):       </TD>\n
Action.c(88):     </TR>\n
Action.c(88):     \n
Action.c(88):     <!-- Flight #1 -->\n
Action.c(88):     <TR bgcolor="#EFF2F7">\n
Action.c(88):       <TD width="5%" rowspan="2" align="left" valign="top">\n
Action.c(88):     <b>\n
Action.c(88):     <label><input type="checkbox" name="68" value="on" /></label></font></b>\n
Action.c(88):     <input type="hidden" name="flightID" value="868519-5-RK"  />\n
Action.c(88):       </TD>\n
Action.c(88):       <TD width="45%" valign="top">\n
Action.c(88):           <b>&nbsp;&nbsp;A Coach class ticket for :</b><br/>\n
Action.c(88):           <center><table border="0" width="85%"><tr><td>\n
Action.c(88):           <li><i>Rob Koch\n
Action.c(88):           <li><i></i>\n
Action.c(88):           </td></tr></table></center>\n
Action.c(88):       </TD>\n
Action.c(88):       <TD width="5%" >.<br/>.<br/>.<br/>.</TD>\n
Action.c(88):       <TD width="45%" valign=top><b>Invoice sent to:</b><br/>\n
Action.c(88):           <center>\n
Action.c(88):           <Table width="80%" cellspacing="0" > <tr> <td>\n
Action.c(88):               Rob Koch\n
Action.c(88):     <br/>\n
Action.c(88):               <br/>\n
Action.c(88):               <br/>\n
Action.c(88):               <br/>\n
Action.c(88):               Total Charge: $ 0 <BR/> (CC: x-2345)\n
Action.c(88):           </td> </tr> </table>\n
Action.c(88):           </center>\n
Action.c(88):       </TD>\n
Action.c(88):     </TR>\n
Action.c(88):     <TR bgcolor="#EFF2F7">\n
Action.c(88):       <TD COLSPAN="3">\n
Action.c(88):       <b>Flight Details:</b><BR/>  <center>\n
Action.c(88):       02/04/2023\n
Action.c(88):      :  11pm : Flight 003 leaves Denver  for Denver.<br>  </center>\n
Action.c(88):       </TD>\n
Action.c(88):     </TR>\n
Action.c(88):     \n
Action.c(88):     <TR bgcolor="#EFF2F7">\n
Action.c(88):       <TD COLSPAN="4">\n
Action.c(88):       <hr/>\n
Action.c(88):       </TD>\n
Action.c(88):     </TR>\n
Action.c(88):     \n
Action.c(88):     <!-- Flight #1 -->\n
Action.c(88):     <TR bgcolor="#EFF2F7">\n
Action.c(88):       <TD width="5%" rowspan="2" align="left" valign="top">\n
Action.c(88):     <b>\n
Action.c(88):     <label><input type="checkbox" name="69" value="on" /></label></font></b>\n
Action.c(88):     <input type="hidden" name="flightID" value="868519-5-"  />\n
Action.c(88):       </TD>\n
Action.c(88):       <TD width="45%" valign="top">\n
Action.c(88):           <b>&nbsp;&nbsp;A Coach class ticket for :</b><br/>\n
Action.c(88):           <center><table border="0" width="85%"><tr><td>\n
Action.c(88):           <li><i>Rob Koch\n
Action.c(88):           <li><i></i>\n
Action.c(88):           </td></tr></table></center>\n
Action.c(88):       </TD>\n
Action.c(88):       <TD width="5%" >.<br/>.<br/>.<br/>.</TD>\n
Action.c(88):       <TD width="45%" valign=top><b>Invoice sent to:</b><br/>\n
Action.c(88):           <center>\n
Action.c(88):           <Table width="80%" cellspacing="0" > <tr> <td>\n
Action.c(88):                <br/>\n
Action.c(88):               <br/>\n
Action.c(88):         
Action.c(88): t=641749ms: 6-byte chunked response overhead for "http://localhost:1080/cgi-bin/itinerary.pl" (RelFrameId=1.2, Internal ID=152)
Action.c(88):     1000\r\n
Action.c(88): t=641749ms: 2-byte chunked response overhead for "http://localhost:1080/cgi-bin/itinerary.pl" (RelFrameId=1.2, Internal ID=152)
Action.c(88):     \r\n
Action.c(88): t=641749ms: 4096-byte chunked response body for "http://localhost:1080/cgi-bin/itinerary.pl" (RelFrameId=1.2, Internal ID=152)
Action.c(88):           <br/>\n
Action.c(88):               <br/>\n
Action.c(88):               Total Charge: $ 0 <BR/> (CC: x-2345)\n
Action.c(88):           </td> </tr> </table>\n
Action.c(88):           </center>\n
Action.c(88):       </TD>\n
Action.c(88):     </TR>\n
Action.c(88):     <TR bgcolor="#EFF2F7">\n
Action.c(88):       <TD COLSPAN="3">\n
Action.c(88):       <b>Flight Details:</b><BR/>  <center>\n
Action.c(88):       02/04/2023\n
Action.c(88):      :  11pm : Flight 003 leaves Denver  for Denver.<br>  </center>\n
Action.c(88):       </TD>\n
Action.c(88):     </TR>\n
Action.c(88):     \n
Action.c(88):     <TR bgcolor="#EFF2F7">\n
Action.c(88):       <TD COLSPAN="4">\n
Action.c(88):       <hr/>\n
Action.c(88):       </TD>\n
Action.c(88):     </TR>\n
Action.c(88):     \n
Action.c(88):     <!-- Flight #1 -->\n
Action.c(88):     <TR bgcolor="#EFF2F7">\n
Action.c(88):       <TD width="5%" rowspan="2" align="left" valign="top">\n
Action.c(88):     <b>\n
Action.c(88):     <label><input type="checkbox" name="70" value="on" /></label></font></b>\n
Action.c(88):     <input type="hidden" name="flightID" value="868519-5-"  />\n
Action.c(88):       </TD>\n
Action.c(88):       <TD width="45%" valign="top">\n
Action.c(88):           <b>&nbsp;&nbsp;A First class ticket for :</b><br/>\n
Action.c(88):           <center><table border="0" width="85%"><tr><td>\n
Action.c(88):           <li><i>Rob Koch\n
Action.c(88):           <li><i></i>\n
Action.c(88):           </td></tr></table></center>\n
Action.c(88):       </TD>\n
Action.c(88):       <TD width="5%" >.<br/>.<br/>.<br/>.</TD>\n
Action.c(88):       <TD width="45%" valign=top><b>Invoice sent to:</b><br/>\n
Action.c(88):           <center>\n
Action.c(88):           <Table width="80%" cellspacing="0" > <tr> <td>\n
Action.c(88):                <br/>\n
Action.c(88):               <br/>\n
Action.c(88):               <br/>\n
Action.c(88):               <br/>\n
Action.c(88):               Total Charge: $ 0 <BR/> (CC: x-2345)\n
Action.c(88):           </td> </tr> </table>\n
Action.c(88):           </center>\n
Action.c(88):       </TD>\n
Action.c(88):     </TR>\n
Action.c(88):     <TR bgcolor="#EFF2F7">\n
Action.c(88):       <TD COLSPAN="3">\n
Action.c(88):       <b>Flight Details:</b><BR/>  <center>\n
Action.c(88):       02/04/2023\n
Action.c(88):      :  5pm : Flight 002 leaves Denver  for Denver.<br>  </center>\n
Action.c(88):       </TD>\n
Action.c(88):     </TR>\n
Action.c(88):     \n
Action.c(88):     <TR bgcolor="#EFF2F7">\n
Action.c(88):       <TD COLSPAN="4">\n
Action.c(88):       <hr/>\n
Action.c(88):       </TD>\n
Action.c(88):     </TR>\n
Action.c(88):     \n
Action.c(88):     <!-- Flight #1 -->\n
Action.c(88):     <TR bgcolor="#EFF2F7">\n
Action.c(88):       <TD width="5%" rowspan="2" align="left" valign="top">\n
Action.c(88):     <b>\n
Action.c(88):     <label><input type="checkbox" name="71" value="on" /></label></font></b>\n
Action.c(88):     <input type="hidden" name="flightID" value="868519-5-"  />\n
Action.c(88):       </TD>\n
Action.c(88):       <TD width="45%" valign="top">\n
Action.c(88):           <b>&nbsp;&nbsp;A Coach class ticket for :</b><br/>\n
Action.c(88):           <center><table border="0" width="85%"><tr><td>\n
Action.c(88):           <li><i>Rob Koch\n
Action.c(88):           <li><i></i>\n
Action.c(88):           </td></tr></table></center>\n
Action.c(88):       </TD>\n
Action.c(88):       <TD width="5%" >.<br/>.<br/>.<br/>.</TD>\n
Action.c(88):       <TD width="45%" valign=top><b>Invoice sent to:</b><br/>\n
Action.c(88):           <center>\n
Action.c(88):           <Table width="80%" cellspacing="0" > <tr> <td>\n
Action.c(88):                <br/>\n
Action.c(88):               <br/>\n
Action.c(88):               <br/>\n
Action.c(88):               <br/>\n
Action.c(88):               Total Charge: $ 0 <BR/> (CC: x-2345)\n
Action.c(88):           </td> </tr> </table>\n
Action.c(88):           </center>\n
Action.c(88):       </TD>\n
Action.c(88):     </TR>\n
Action.c(88):     <TR bgcolor="#EFF2F7">\n
Action.c(88):       <TD COLSPAN="3">\n
Action.c(88):       <b>Flight Details:</b><BR/>  <center>\n
Action.c(88):       02/04/2023\n
Action.c(88):      :  5pm : Flight 002 leaves Denver  for Denver.<br>  </center>\n
Action.c(88):       </TD>\n
Action.c(88):     </TR>\n
Action.c(88):     \n
Action.c(88):     <TR bgcolor="#EFF2F7">\n
Action.c(88):       <TD COLSPAN="4">\n
Action.c(88):       <hr/>\n
Action.c(88):       </TD>\n
Action.c(88):     </TR>\n
Action.c(88):     \n
Action.c(88):     <!-- Flight #1 -->\n
Action.c(88):     <TR bgcolor="#EFF2F7">\n
Action.c(88):       <TD width="5%" rowspan="2" align="left" valign="top">\n
Action.c(88):     <b>\n
Action.c(88):     <label><input type="checkbox" name="72" value="on" /></label></font></b>\n
Action.c(88):     <input type="hidden" name="flightID" value="86853352-55692385-"  />\n
Action.c(88):       </TD>\n
Action.c(88):       <TD width="45%" valign="top">\n
Action.c(88):           <b>&nbsp;&nbsp;A Business class ticket for :</b><br/>\n
Action.c(88):           <center><table border="0" width="85%"><tr><td>\n
Action.c(88):           <li><i>Rob Koch\n
Action.c(88):           <li><i></i>\n
Action.c(88):           </td></tr></table></center>\n
Action.c(88):       </TD>\n
Action.c(88):       <TD width="5%" >.<br/>.<br/>.<br/>.</TD>\n
Action.c(88):       <TD width="45%" valign=top><b>Invoice sent to:</b><br/>\n
Action.c(88):           <center>\n
Action.c(88):           <Table width="80%" cellspacing="0" > <tr> <td>\n
Action.c(88):                <br/>\n
Action.c(88):               <br/>\n
Action.c(88):               <br/>\n
Action.c(88):               <br/>\n
Action.c(88):               Total Charge: $ 1016 <BR/> (CC: x-2345)\n
Action.c(88):           </td> </tr> </table>\n
Action.c(88):           </center>\n
Action.c(88):       </TD>\n
Action.c(88):     </TR>\n
Action.c(88):     <TR bgcolor="#EFF2F7">\n
Action.c(88):       <TD COLSPAN="3">\n
Action.c(88):       <b>Flight Details:</b><BR/>  <center>\n
Action.c(88):       02/05/2023\n
Action.c(88):      :  8am : Flight 040 leaves Denver  for Paris.<br>  02/05/2023\n
Action.c(88):      :  8am : Flight 400 leaves Paris  for Denver.<br>  </center>\n
Action.c(88):       </TD>\n
Action.c(88):     </TR>\n
Action.c(88):     \n
Action.c(88):     <TR bgcolor="#EFF2F7">\n
Action.c(88):       <TD COLSPAN="4">\n
Action.c(88):       <hr/>\n
Action.c(88):       </TD>\n
Action.c(88):     </TR>\n
Action.c(88):     \n
Action.c(88):     <!-- Flight #1 -->\n
Action.c(88):     <TR bgcolor="#EFF2F7">\n
Action.c(88):       <TD width="5%" rowspan="2" align="left" valign="top">\n
Action.c(88):     <b>\n
Action.c(88):     <label><input type="checkbox" name="73" value="on" /></label></font></b>\n
Action.c(88):     <input type="hidden" name="flightID" value="8687976-5-RK"  />\n
Action.c(88):       </TD>\n
Action.c(88):       <TD width="45%" valign="top">\n
Action.c(88):           <b>&nbsp;&nbsp;A Coach class ticket for :</b><br/>\n
Action.c(88):           <center><table border="0" width="85%"><tr><td>\n
Action.c(88):           <li><i>Rob Koch\n
Action.c(88):           <li><i></i>\n
Action.c(88):           </td></tr></table></center>\n
Action.c(88):       </TD>\n
Action.c(88):       <TD width="5%" >.<br/>.<br/>.<br/>.</TD>\n
Action.c(88):       <TD widt
Action.c(88): t=641750ms: 6-byte chunked response overhead for "http://localhost:1080/cgi-bin/itinerary.pl" (RelFrameId=1.2, Internal ID=152)
Action.c(88):     1000\r\n
Action.c(88): t=641750ms: 2-byte chunked response overhead for "http://localhost:1080/cgi-bin/itinerary.pl" (RelFrameId=1.2, Internal ID=152)
Action.c(88):     \r\n
Action.c(88): t=641750ms: 4096-byte chunked response body for "http://localhost:1080/cgi-bin/itinerary.pl" (RelFrameId=1.2, Internal ID=152)
Action.c(88):     h="45%" valign=top><b>Invoice sent to:</b><br/>\n
Action.c(88):           <center>\n
Action.c(88):           <Table width="80%" cellspacing="0" > <tr> <td>\n
Action.c(88):               Rob Koch\n
Action.c(88):     <br/>\n
Action.c(88):               <br/>\n
Action.c(88):               <br/>\n
Action.c(88):               <br/>\n
Action.c(88):               Total Charge: $ 53 <BR/> (CC: x-2345)\n
Action.c(88):           </td> </tr> </table>\n
Action.c(88):           </center>\n
Action.c(88):       </TD>\n
Action.c(88):     </TR>\n
Action.c(88):     <TR bgcolor="#EFF2F7">\n
Action.c(88):       <TD COLSPAN="3">\n
Action.c(88):       <b>Flight Details:</b><BR/>  <center>\n
Action.c(88):       02/05/2023\n
Action.c(88):      :  11pm : Flight 753 leaves Seattle  for Portland.<br>  </center>\n
Action.c(88):       </TD>\n
Action.c(88):     </TR>\n
Action.c(88):     \n
Action.c(88):     <TR bgcolor="#EFF2F7">\n
Action.c(88):       <TD COLSPAN="4">\n
Action.c(88):       <hr/>\n
Action.c(88):       </TD>\n
Action.c(88):     </TR>\n
Action.c(88):     \n
Action.c(88):     <!-- Flight #1 -->\n
Action.c(88):     <TR bgcolor="#EFF2F7">\n
Action.c(88):       <TD width="5%" rowspan="2" align="left" valign="top">\n
Action.c(88):     <b>\n
Action.c(88):     <label><input type="checkbox" name="74" value="on" /></label></font></b>\n
Action.c(88):     <input type="hidden" name="flightID" value="868638192-5-"  />\n
Action.c(88):       </TD>\n
Action.c(88):       <TD width="45%" valign="top">\n
Action.c(88):           <b>&nbsp;&nbsp;A First class ticket for :</b><br/>\n
Action.c(88):           <center><table border="0" width="85%"><tr><td>\n
Action.c(88):           <li><i>Rob Koch\n
Action.c(88):           <li><i></i>\n
Action.c(88):           </td></tr></table></center>\n
Action.c(88):       </TD>\n
Action.c(88):       <TD width="5%" >.<br/>.<br/>.<br/>.</TD>\n
Action.c(88):       <TD width="45%" valign=top><b>Invoice sent to:</b><br/>\n
Action.c(88):           <center>\n
Action.c(88):           <Table width="80%" cellspacing="0" > <tr> <td>\n
Action.c(88):                <br/>\n
Action.c(88):               <br/>\n
Action.c(88):               <br/>\n
Action.c(88):               <br/>\n
Action.c(88):               Total Charge: $ 1186 <BR/> (CC: x-2345)\n
Action.c(88):           </td> </tr> </table>\n
Action.c(88):           </center>\n
Action.c(88):       </TD>\n
Action.c(88):     </TR>\n
Action.c(88):     <TR bgcolor="#EFF2F7">\n
Action.c(88):       <TD COLSPAN="3">\n
Action.c(88):       <b>Flight Details:</b><BR/>  <center>\n
Action.c(88):       02/05/2023\n
Action.c(88):      :  11pm : Flight 323 leaves Los Angeles  for London.<br>  </center>\n
Action.c(88):       </TD>\n
Action.c(88):     </TR>\n
Action.c(88):     \n
Action.c(88):     <TR bgcolor="#EFF2F7">\n
Action.c(88):       <TD COLSPAN="4">\n
Action.c(88):       <hr/>\n
Action.c(88):       </TD>\n
Action.c(88):     </TR>\n
Action.c(88):     \n
Action.c(88):     <!-- Flight #1 -->\n
Action.c(88):     <TR bgcolor="#EFF2F7">\n
Action.c(88):       <TD width="5%" rowspan="2" align="left" valign="top">\n
Action.c(88):     <b>\n
Action.c(88):     <label><input type="checkbox" name="75" value="on" /></label></font></b>\n
Action.c(88):     <input type="hidden" name="flightID" value="8687599-5-"  />\n
Action.c(88):       </TD>\n
Action.c(88):       <TD width="45%" valign="top">\n
Action.c(88):           <b>&nbsp;&nbsp;A Business class ticket for :</b><br/>\n
Action.c(88):           <center><table border="0" width="85%"><tr><td>\n
Action.c(88):           <li><i>Rob Koch\n
Action.c(88):           <li><i></i>\n
Action.c(88):           </td></tr></table></center>\n
Action.c(88):       </TD>\n
Action.c(88):       <TD width="5%" >.<br/>.<br/>.<br/>.</TD>\n
Action.c(88):       <TD width="45%" valign=top><b>Invoice sent to:</b><br/>\n
Action.c(88):           <center>\n
Action.c(88):           <Table width="80%" cellspacing="0" > <tr> <td>\n
Action.c(88):                <br/>\n
Action.c(88):               <br/>\n
Action.c(88):               <br/>\n
Action.c(88):               <br/>\n
Action.c(88):               Total Charge: $ 98 <BR/> (CC: x-2345)\n
Action.c(88):           </td> </tr> </table>\n
Action.c(88):           </center>\n
Action.c(88):       </TD>\n
Action.c(88):     </TR>\n
Action.c(88):     <TR bgcolor="#EFF2F7">\n
Action.c(88):       <TD COLSPAN="3">\n
Action.c(88):       <b>Flight Details:</b><BR/>  <center>\n
Action.c(88):       02/05/2023\n
Action.c(88):      :  1pm : Flight 651 leaves San Francisco  for Portland.<br>  </center>\n
Action.c(88):       </TD>\n
Action.c(88):     </TR>\n
Action.c(88):     \n
Action.c(88):     <TR bgcolor="#EFF2F7">\n
Action.c(88):       <TD COLSPAN="4">\n
Action.c(88):       <hr/>\n
Action.c(88):       </TD>\n
Action.c(88):     </TR>\n
Action.c(88):     \n
Action.c(88):     <!-- Flight #1 -->\n
Action.c(88):     <TR bgcolor="#EFF2F7">\n
Action.c(88):       <TD width="5%" rowspan="2" align="left" valign="top">\n
Action.c(88):     <b>\n
Action.c(88):     <label><input type="checkbox" name="76" value="on" /></label></font></b>\n
Action.c(88):     <input type="hidden" name="flightID" value="86861253-5-"  />\n
Action.c(88):       </TD>\n
Action.c(88):       <TD width="45%" valign="top">\n
Action.c(88):           <b>&nbsp;&nbsp;A First class ticket for :</b><br/>\n
Action.c(88):           <center><table border="0" width="85%"><tr><td>\n
Action.c(88):           <li><i>Rob Koch\n
Action.c(88):           <li><i></i>\n
Action.c(88):           </td></tr></table></center>\n
Action.c(88):       </TD>\n
Action.c(88):       <TD width="5%" >.<br/>.<br/>.<br/>.</TD>\n
Action.c(88):       <TD width="45%" valign=top><b>Invoice sent to:</b><br/>\n
Action.c(88):           <center>\n
Action.c(88):           <Table width="80%" cellspacing="0" > <tr> <td>\n
Action.c(88):                <br/>\n
Action.c(88):               <br/>\n
Action.c(88):               <br/>\n
Action.c(88):               <br/>\n
Action.c(88):               Total Charge: $ 852 <BR/> (CC: x-2345)\n
Action.c(88):           </td> </tr> </table>\n
Action.c(88):           </center>\n
Action.c(88):       </TD>\n
Action.c(88):     </TR>\n
Action.c(88):     <TR bgcolor="#EFF2F7">\n
Action.c(88):       <TD COLSPAN="3">\n
Action.c(88):       <b>Flight Details:</b><BR/>  <center>\n
Action.c(88):       02/05/2023\n
Action.c(88):      :  11pm : Flight 253 leaves London  for Portland.<br>  </center>\n
Action.c(88):       </TD>\n
Action.c(88):     </TR>\n
Action.c(88):     \n
Action.c(88):     <TR bgcolor="#EFF2F7">\n
Action.c(88):       <TD COLSPAN="4">\n
Action.c(88):       <hr/>\n
Action.c(88):       </TD>\n
Action.c(88):     </TR>\n
Action.c(88):     \n
Action.c(88):     <!-- Flight #1 -->\n
Action.c(88):     <TR bgcolor="#EFF2F7">\n
Action.c(88):       <TD width="5%" rowspan="2" align="left" valign="top">\n
Action.c(88):     <b>\n
Action.c(88):     <label><input type="checkbox" name="77" value="on" /></label></font></b>\n
Action.c(88):     <input type="hidden" name="flightID" value="868560-5-RK"  />\n
Action.c(88):       </TD>\n
Action.c(88):       <TD width="45%" valign="top">\n
Action.c(88):           <b>&nbsp;&nbsp;A Business class ticket for :</b><br/>\n
Action.c(88):           <center><table border="0" width="85%"><tr><td>\n
Action.c(88):           <li><i
Action.c(88): t=641752ms: 6-byte chunked response overhead for "http://localhost:1080/cgi-bin/itinerary.pl" (RelFrameId=1.2, Internal ID=152)
Action.c(88):     1000\r\n
Action.c(88): t=641752ms: 2-byte chunked response overhead for "http://localhost:1080/cgi-bin/itinerary.pl" (RelFrameId=1.2, Internal ID=152)
Action.c(88):     \r\n
Action.c(88): t=641752ms: 4096-byte chunked response body for "http://localhost:1080/cgi-bin/itinerary.pl" (RelFrameId=1.2, Internal ID=152)
Action.c(88):     >Rob Koch\n
Action.c(88):           <li><i></i>\n
Action.c(88):           </td></tr></table></center>\n
Action.c(88):       </TD>\n
Action.c(88):       <TD width="5%" >.<br/>.<br/>.<br/>.</TD>\n
Action.c(88):       <TD width="45%" valign=top><b>Invoice sent to:</b><br/>\n
Action.c(88):           <center>\n
Action.c(88):           <Table width="80%" cellspacing="0" > <tr> <td>\n
Action.c(88):               Rob Koch\n
Action.c(88):     <br/>\n
Action.c(88):               <br/>\n
Action.c(88):               <br/>\n
Action.c(88):               <br/>\n
Action.c(88):               Total Charge: $ 0 <BR/> (CC: x-2345)\n
Action.c(88):           </td> </tr> </table>\n
Action.c(88):           </center>\n
Action.c(88):       </TD>\n
Action.c(88):     </TR>\n
Action.c(88):     <TR bgcolor="#EFF2F7">\n
Action.c(88):       <TD COLSPAN="3">\n
Action.c(88):       <b>Flight Details:</b><BR/>  <center>\n
Action.c(88):       02/05/2023\n
Action.c(88):      :  5pm : Flight 112 leaves Frankfurt  for Frankfurt.<br>  </center>\n
Action.c(88):       </TD>\n
Action.c(88):     </TR>\n
Action.c(88):     \n
Action.c(88):     <TR bgcolor="#EFF2F7">\n
Action.c(88):       <TD COLSPAN="4">\n
Action.c(88):       <hr/>\n
Action.c(88):       </TD>\n
Action.c(88):     </TR>\n
Action.c(88):     \n
Action.c(88):     <!-- Flight #1 -->\n
Action.c(88):     <TR bgcolor="#EFF2F7">\n
Action.c(88):       <TD width="5%" rowspan="2" align="left" valign="top">\n
Action.c(88):     <b>\n
Action.c(88):     <label><input type="checkbox" name="78" value="on" /></label></font></b>\n
Action.c(88):     <input type="hidden" name="flightID" value="86858175-6-RK"  />\n
Action.c(88):       </TD>\n
Action.c(88):       <TD width="45%" valign="top">\n
Action.c(88):           <b>&nbsp;&nbsp;A Business class ticket for :</b><br/>\n
Action.c(88):           <center><table border="0" width="85%"><tr><td>\n
Action.c(88):           <li><i>Rob Koch\n
Action.c(88):           <li><i></i>\n
Action.c(88):           </td></tr></table></center>\n
Action.c(88):       </TD>\n
Action.c(88):       <TD width="5%" >.<br/>.<br/>.<br/>.</TD>\n
Action.c(88):       <TD width="45%" valign=top><b>Invoice sent to:</b><br/>\n
Action.c(88):           <center>\n
Action.c(88):           <Table width="80%" cellspacing="0" > <tr> <td>\n
Action.c(88):               Rob Koch\n
Action.c(88):     <br/>\n
Action.c(88):               <br/>\n
Action.c(88):               <br/>\n
Action.c(88):               <br/>\n
Action.c(88):               Total Charge: $ 740 <BR/> (CC: x-2345)\n
Action.c(88):           </td> </tr> </table>\n
Action.c(88):           </center>\n
Action.c(88):       </TD>\n
Action.c(88):     </TR>\n
Action.c(88):     <TR bgcolor="#EFF2F7">\n
Action.c(88):       <TD COLSPAN="3">\n
Action.c(88):       <b>Flight Details:</b><BR/>  <center>\n
Action.c(88):       02/05/2023\n
Action.c(88):      :  8am : Flight 170 leaves Frankfurt  for Seattle.<br>  </center>\n
Action.c(88):       </TD>\n
Action.c(88):     </TR>\n
Action.c(88):     \n
Action.c(88):     <TR bgcolor="#EFF2F7">\n
Action.c(88):       <TD COLSPAN="4">\n
Action.c(88):       <hr/>\n
Action.c(88):       </TD>\n
Action.c(88):     </TR>\n
Action.c(88):     \n
Action.c(88):     <!-- Flight #1 -->\n
Action.c(88):     <TR bgcolor="#EFF2F7">\n
Action.c(88):       <TD width="5%" rowspan="2" align="left" valign="top">\n
Action.c(88):     <b>\n
Action.c(88):     <label><input type="checkbox" name="79" value="on" /></label></font></b>\n
Action.c(88):     <input type="hidden" name="flightID" value="86866324-6-RK"  />\n
Action.c(88):       </TD>\n
Action.c(88):       <TD width="45%" valign="top">\n
Action.c(88):           <b>&nbsp;&nbsp;A First class ticket for :</b><br/>\n
Action.c(88):           <center><table border="0" width="85%"><tr><td>\n
Action.c(88):           <li><i>Rob Koch\n
Action.c(88):           <li><i></i>\n
Action.c(88):           </td></tr></table></center>\n
Action.c(88):       </TD>\n
Action.c(88):       <TD width="5%" >.<br/>.<br/>.<br/>.</TD>\n
Action.c(88):       <TD width="45%" valign=top><b>Invoice sent to:</b><br/>\n
Action.c(88):           <center>\n
Action.c(88):           <Table width="80%" cellspacing="0" > <tr> <td>\n
Action.c(88):               Rob Koch\n
Action.c(88):     <br/>\n
Action.c(88):               <br/>\n
Action.c(88):               <br/>\n
Action.c(88):               <br/>\n
Action.c(88):               Total Charge: $ 752 <BR/> (CC: x-2345)\n
Action.c(88):           </td> </tr> </table>\n
Action.c(88):           </center>\n
Action.c(88):       </TD>\n
Action.c(88):     </TR>\n
Action.c(88):     <TR bgcolor="#EFF2F7">\n
Action.c(88):       <TD COLSPAN="3">\n
Action.c(88):       <b>Flight Details:</b><BR/>  <center>\n
Action.c(88):       02/05/2023\n
Action.c(88):      :  8am : Flight 390 leaves Los Angeles  for Zurich.<br>  </center>\n
Action.c(88):       </TD>\n
Action.c(88):     </TR>\n
Action.c(88):     \n
Action.c(88):     <TR bgcolor="#EFF2F7">\n
Action.c(88):       <TD COLSPAN="4">\n
Action.c(88):       <hr/>\n
Action.c(88):       </TD>\n
Action.c(88):     </TR>\n
Action.c(88):     \n
Action.c(88):     <!-- Flight #1 -->\n
Action.c(88):     <TR bgcolor="#EFF2F7">\n
Action.c(88):       <TD width="5%" rowspan="2" align="left" valign="top">\n
Action.c(88):     <b>\n
Action.c(88):     <label><input type="checkbox" name="80" value="on" /></label></font></b>\n
Action.c(88):     <input type="hidden" name="flightID" value="86865225-6-RK"  />\n
Action.c(88):       </TD>\n
Action.c(88):       <TD width="45%" valign="top">\n
Action.c(88):           <b>&nbsp;&nbsp;A First class ticket for :</b><br/>\n
Action.c(88):           <center><table border="0" width="85%"><tr><td>\n
Action.c(88):           <li><i>Rob Koch\n
Action.c(88):           <li><i></i>\n
Action.c(88):           </td></tr></table></center>\n
Action.c(88):       </TD>\n
Action.c(88):       <TD width="5%" >.<br/>.<br/>.<br/>.</TD>\n
Action.c(88):       <TD width="45%" valign=top><b>Invoice sent to:</b><br/>\n
Action.c(88):           <center>\n
Action.c(88):           <Table width="80%" cellspacing="0" > <tr> <td>\n
Action.c(88):               Rob Koch\n
Action.c(88):     <br/>\n
Action.c(88):               <br/>\n
Action.c(88):               <br/>\n
Action.c(88):               <br/>\n
Action.c(88):               Total Charge: $ 101 <BR/> (CC: x-2345)\n
Action.c(88):           </td> </tr> </table>\n
Action.c(88):           </center>\n
Action.c(88):       </TD>\n
Action.c(88):     </TR>\n
Action.c(88):     <TR bgcolor="#EFF2F7">\n
Action.c(88):       <TD COLSPAN="3">\n
Action.c(88):       <b>Flight Details:</b><BR/>  <center>\n
Action.c(88):       02/05/2023\n
Action.c(88):      :  1pm : Flight 361 leaves Los Angeles  for San Francisco.<br>  </center>\n
Action.c(88):       </TD>\n
Action.c(88):     </TR>\n
Action.c(88):     \n
Action.c(88):     <TR bgcolor="#EFF2F7">\n
Action.c(88):       <TD COLSPAN="4">\n
Action.c(88):       <hr/>\n
Action.c(88):       </TD>\n
Action.c(88):     </TR>\n
Action.c(88):     \n
Action.c(88):     <!-- Flight #1 -->\n
Action.c(88):     <TR bgcolor="#EFF2F7">\n
Action.c(88):       <TD width="5%" rowspan="2" align="left" valign="top">\n
Action.c(88):     <b>\n
Action.c(88):     <label><input type="checkbox" name="81" value="on" /></label></font></b>\n
Action.c(88):     <input type="hidden" name="flightID" value="86881175-6-RK"  />\n
Action.c(88):       </TD
Action.c(88): t=641756ms: 6-byte chunked response overhead for "http://localhost:1080/cgi-bin/itinerary.pl" (RelFrameId=1.2, Internal ID=152)
Action.c(88):     1000\r\n
Action.c(88): t=641756ms: 2-byte chunked response overhead for "http://localhost:1080/cgi-bin/itinerary.pl" (RelFrameId=1.2, Internal ID=152)
Action.c(88):     \r\n
Action.c(88): t=641756ms: 4096-byte chunked response body for "http://localhost:1080/cgi-bin/itinerary.pl" (RelFrameId=1.2, Internal ID=152)
Action.c(88):     >\n
Action.c(88):       <TD width="45%" valign="top">\n
Action.c(88):           <b>&nbsp;&nbsp;A First class ticket for :</b><br/>\n
Action.c(88):           <center><table border="0" width="85%"><tr><td>\n
Action.c(88):           <li><i>Rob Koch\n
Action.c(88):           <li><i></i>\n
Action.c(88):           </td></tr></table></center>\n
Action.c(88):       </TD>\n
Action.c(88):       <TD width="5%" >.<br/>.<br/>.<br/>.</TD>\n
Action.c(88):       <TD width="45%" valign=top><b>Invoice sent to:</b><br/>\n
Action.c(88):           <center>\n
Action.c(88):           <Table width="80%" cellspacing="0" > <tr> <td>\n
Action.c(88):               Rob Koch\n
Action.c(88):     <br/>\n
Action.c(88):               <br/>\n
Action.c(88):               <br/>\n
Action.c(88):               <br/>\n
Action.c(88):               Total Charge: $ 747 <BR/> (CC: x-2345)\n
Action.c(88):           </td> </tr> </table>\n
Action.c(88):           </center>\n
Action.c(88):       </TD>\n
Action.c(88):     </TR>\n
Action.c(88):     <TR bgcolor="#EFF2F7">\n
Action.c(88):       <TD COLSPAN="3">\n
Action.c(88):       <b>Flight Details:</b><BR/>  <center>\n
Action.c(88):       02/05/2023\n
Action.c(88):      :  1pm : Flight 791 leaves Seattle  for Zurich.<br>  </center>\n
Action.c(88):       </TD>\n
Action.c(88):     </TR>\n
Action.c(88):     \n
Action.c(88):     <TR bgcolor="#EFF2F7">\n
Action.c(88):       <TD COLSPAN="4">\n
Action.c(88):       <hr/>\n
Action.c(88):       </TD>\n
Action.c(88):     </TR>\n
Action.c(88):     <TR>\n
Action.c(88):        <TD align="center" COLSPAN="4">\n
Action.c(88):        <b>A total of 81 scheduled flights.</font></b>\n
Action.c(88):        </TD>\n
Action.c(88):     </TR>\n
Action.c(88):     </TABLE>\n
Action.c(88):     \n
Action.c(88):     <TABLE WIDTH="87%" BORDER="0" CELLSPACING="0">\n
Action.c(88):     <TR>\n
Action.c(88):     <TD align="left" width="50%" >\n
Action.c(88):     <input type="image" name="removeFlights" src="/WebTours/images/cancelreservation.gif" bord
Action.c(88):     er="0" /></TD>\n
Action.c(88):     <TD align="right" width="50%" >\n
Action.c(88):     <input type="image" name="removeAllFlights" src="/WebTours/images/cancelallreservations.gi
Action.c(88):     f" border="0" /></TD>\n
Action.c(88):     </TABLE>\n
Action.c(88):     \n
Action.c(88):     <div><input type="hidden" name=".cgifields" value="33"  /><input type="hidden" name=".cgif
Action.c(88):     ields" value="32"  /><input type="hidden" name=".cgifields" value="63"  /><input type="hid
Action.c(88):     den" name=".cgifields" value="21"  /><input type="hidden" name=".cgifields" value="71"  />
Action.c(88):     <input type="hidden" name=".cgifields" value="7"  /><input type="hidden" name=".cgifields"
Action.c(88):      value="80"  /><input type="hidden" name=".cgifields" value="26"  /><input type="hidden" n
Action.c(88):     ame=".cgifields" value="18"  /><input type="hidden" name=".cgifields" value="72"  /><input
Action.c(88):      type="hidden" name=".cgifields" value="16"  /><input type="hidden" name=".cgifields" valu
Action.c(88):     e="44"  /><input type="hidden" name=".cgifields" value="55"  /><input type="hidden" name="
Action.c(88):     .cgifields" value="74"  /><input type="hidden" name=".cgifields" value="27"  /><input type
Action.c(88):     ="hidden" name=".cgifields" value="57"  /><input type="hidden" name=".cgifields" value="61
Action.c(88):     "  /><input type="hidden" name=".cgifields" value="20"  /><input type="hidden" name=".cgif
Action.c(88):     ields" value="10"  /><input type="hidden" name=".cgifields" value="31"  /><input type="hid
Action.c(88):     den" name=".cgifields" value="35"  /><input type="hidden" name=".cgifields" value="11"  />
Action.c(88):     <input type="hidden" name=".cgifields" value="78"  /><input type="hidden" name=".cgifields
Action.c(88):     " value="48"  /><input type="hidden" name=".cgifields" value="77"  /><input type="hidden" 
Action.c(88):     name=".cgifields" value="65"  /><input type="hidden" name=".cgifields" value="29"  /><inpu
Action.c(88):     t type="hidden" name=".cgifields" value="50"  /><input type="hidden" name=".cgifields" val
Action.c(88):     ue="39"  /><input type="hidden" name=".cgifields" value="64"  /><input type="hidden" name=
Action.c(88):     ".cgifields" value="58"  /><input type="hidden" name=".cgifields" value="41"  /><input typ
Action.c(88):     e="hidden" name=".cgifields" value="12"  /><input type="hidden" name=".cgifields" value="1
Action.c(88):     5"  /><input type="hidden" name=".cgifields" value="81"  /><input type="hidden" name=".cgi
Action.c(88):     fields" value="52"  /><input type="hidden" name=".cgifields" value="60"  /><input type="hi
Action.c(88):     dden" name=".cgifields" value="56"  /><input type="hidden" name=".cgifields" value="73"  /
Action.c(88):     ><input type="hidden" name=".cgifields" value="66"  /><input type="hidden" name=".cgifield
Action.c(88):     s" value="45"  /><input type="hidden" name=".cgifields" value="76"  /><input type="hidden"
Action.c(88):      name=".cgifields" value="19"  /><input type="hidden" name=".cgifields" value="62"  /><inp
Action.c(88):     ut type="hidden" name=".cgifields" value="54"  /><input type="hidden" name=".cgifields" va
Action.c(88):     lue="67"  /><input type="hidden" name=".cgifields" value="70"  /><input type="hidden" name
Action.c(88):     =".cgifields" value="68"  /><input type="hidden" name=".cgifields" value="2"  /><input typ
Action.c(88):     e="hidden" name=".cgifields" value="17"  /><input type="hidden" name=".cgifields" value="1
Action.c(88):     "  /><input type="hidden" name=".cgifields" value="30"  /><input type="hidden" name=".cgif
Action.c(88):     ields" value="25"  /><input type="hid
Action.c(88): Found resource "http://localhost:1080/WebTours/images/cancelreservation.gif" in HTML "http://localhost:1080/cgi-bin/itinerary.pl"  	[MsgId: MMSG-26659]
Action.c(88): Found resource "http://localhost:1080/WebTours/images/cancelallreservations.gif" in HTML "http://localhost:1080/cgi-bin/itinerary.pl"  	[MsgId: MMSG-26659]
Action.c(88): t=641757ms: 5-byte chunked response overhead for "http://localhost:1080/cgi-bin/itinerary.pl" (RelFrameId=1.2, Internal ID=152)
Action.c(88):     5df\r\n
Action.c(88): t=641757ms: 2-byte chunked response overhead for "http://localhost:1080/cgi-bin/itinerary.pl" (RelFrameId=1.2, Internal ID=152)
Action.c(88):     \r\n
Action.c(88): t=641757ms: 1503-byte chunked response body for "http://localhost:1080/cgi-bin/itinerary.pl" (RelFrameId=1.2, Internal ID=152)
Action.c(88):     den" name=".cgifields" value="28"  /><input type="hidden" name=".cgifields" value="75"  />
Action.c(88):     <input type="hidden" name=".cgifields" value="40"  /><input type="hidden" name=".cgifields
Action.c(88):     " value="14"  /><input type="hidden" name=".cgifields" value="69"  /><input type="hidden" 
Action.c(88):     name=".cgifields" value="59"  /><input type="hidden" name=".cgifields" value="49"  /><inpu
Action.c(88):     t type="hidden" name=".cgifields" value="24"  /><input type="hidden" name=".cgifields" val
Action.c(88):     ue="53"  /><input type="hidden" name=".cgifields" value="79"  /><input type="hidden" name=
Action.c(88):     ".cgifields" value="22"  /><input type="hidden" name=".cgifields" value="42"  /><input typ
Action.c(88):     e="hidden" name=".cgifields" value="46"  /><input type="hidden" name=".cgifields" value="2
Action.c(88):     3"  /><input type="hidden" name=".cgifields" value="13"  /><input type="hidden" name=".cgi
Action.c(88):     fields" value="6"  /><input type="hidden" name=".cgifields" value="3"  /><input type="hidd
Action.c(88):     en" name=".cgifields" value="36"  /><input type="hidden" name=".cgifields" value="9"  /><i
Action.c(88):     nput type="hidden" name=".cgifields" value="51"  /><input type="hidden" name=".cgifields" 
Action.c(88):     value="47"  /><input type="hidden" name=".cgifields" value="8"  /><input type="hidden" nam
Action.c(88):     e=".cgifields" value="38"  /><input type="hidden" name=".cgifields" value="4"  /><input ty
Action.c(88):     pe="hidden" name=".cgifields" value="34"  /><input type="hidden" name=".cgifields" value="
Action.c(88):     37"  /><input type="hidden" name=".cgifields" value="43"  /><input type="hidden" name=".cg
Action.c(88):     ifields" value="5"  /></div></form>\n
Action.c(88):     \n
Action.c(88):     </center>\n
Action.c(88):     \n
Action.c(88):     </body>\n
Action.c(88):     </html>
Action.c(88): t=641757ms: Already connected [2] to localhost:1080  	[MsgId: MMSG-26000]
Action.c(88): t=641757ms: 760-byte request headers for "http://localhost:1080/WebTours/images/cancelallreservations.gif" (RelFrameId=, Internal ID=158)
Action.c(88):     GET /WebTours/images/cancelallreservations.gif HTTP/1.1\r\n
Action.c(88):     Referer: http://localhost:1080/cgi-bin/itinerary.pl\r\n
Action.c(88):     Sec-Fetch-Dest: frame\r\n
Action.c(88):     Sec-Fetch-Mode: navigate\r\n
Action.c(88):     Sec-Fetch-Site: same-origin\r\n
Action.c(88):     Upgrade-Insecure-Requests: 1\r\n
Action.c(88):     sec-ch-ua: "Not_A Brand";v="99", "Google Chrome";v="109", "Chromium";v="109"\r\n
Action.c(88):     sec-ch-ua-mobile: ?0\r\n
Action.c(88):     sec-ch-ua-platform: "Windows"\r\n
Action.c(88):     User-Agent: Mozilla/5.0 (Windows NT 10.0; Win64; x64) AppleWebKit/537.36 (KHTML, like Geck
Action.c(88):     o) Chrome/109.0.0.0 Safari/537.36\r\n
Action.c(88):     Accept-Encoding: gzip, deflate, br\r\n
Action.c(88):     Accept-Language: ru-RU,ru;q=0.9,en-US;q=0.8,en;q=0.7\r\n
Action.c(88):     Accept: */*\r\n
Action.c(88):     Connection: Keep-Alive\r\n
Action.c(88):     Host: localhost:1080\r\n
Action.c(88):     Cookie: MSO=SID&1675591918; MTUserInfo=firstName&Rob&address2&&username&rob&hash&2&lastNam
Action.c(88):     e&Koch%0A&address1&&creditCard&&expDate&%0A\r\n
Action.c(88):     \r\n
Action.c(88): t=641757ms: Already connected [0] to localhost:1080  	[MsgId: MMSG-26000]
Action.c(88): t=641757ms: 756-byte request headers for "http://localhost:1080/WebTours/images/cancelreservation.gif" (RelFrameId=, Internal ID=157)
Action.c(88):     GET /WebTours/images/cancelreservation.gif HTTP/1.1\r\n
Action.c(88):     Referer: http://localhost:1080/cgi-bin/itinerary.pl\r\n
Action.c(88):     Sec-Fetch-Dest: frame\r\n
Action.c(88):     Sec-Fetch-Mode: navigate\r\n
Action.c(88):     Sec-Fetch-Site: same-origin\r\n
Action.c(88):     Upgrade-Insecure-Requests: 1\r\n
Action.c(88):     sec-ch-ua: "Not_A Brand";v="99", "Google Chrome";v="109", "Chromium";v="109"\r\n
Action.c(88):     sec-ch-ua-mobile: ?0\r\n
Action.c(88):     sec-ch-ua-platform: "Windows"\r\n
Action.c(88):     User-Agent: Mozilla/5.0 (Windows NT 10.0; Win64; x64) AppleWebKit/537.36 (KHTML, like Geck
Action.c(88):     o) Chrome/109.0.0.0 Safari/537.36\r\n
Action.c(88):     Accept-Encoding: gzip, deflate, br\r\n
Action.c(88):     Accept-Language: ru-RU,ru;q=0.9,en-US;q=0.8,en;q=0.7\r\n
Action.c(88):     Accept: */*\r\n
Action.c(88):     Connection: Keep-Alive\r\n
Action.c(88):     Host: localhost:1080\r\n
Action.c(88):     Cookie: MSO=SID&1675591918; MTUserInfo=firstName&Rob&address2&&username&rob&hash&2&lastNam
Action.c(88):     e&Koch%0A&address1&&creditCard&&expDate&%0A\r\n
Action.c(88):     \r\n
Action.c(88): t=641759ms: 298-byte response headers for "http://localhost:1080/WebTours/images/cancelallreservations.gif" (RelFrameId=, Internal ID=158)
Action.c(88):     HTTP/1.1 200 OK\r\n
Action.c(88):     Date: Sun, 05 Feb 2023 10:12:09 GMT\r\n
Action.c(88):     Server: Apache/2.2.21 (Win32)\r\n
Action.c(88):     Last-Modified: Thu, 12 Jan 2012 13:30:28 GMT\r\n
Action.c(88):     ETag: "2d000000037a72-2e6-4b654c0620500"\r\n
Action.c(88):     Accept-Ranges: bytes\r\n
Action.c(88):     Content-Length: 742\r\n
Action.c(88):     Keep-Alive: timeout=5, max=99\r\n
Action.c(88):     Connection: Keep-Alive\r\n
Action.c(88):     Content-Type: image/gif\r\n
Action.c(88):     \r\n
Action.c(88): t=641759ms: 742-byte response body for "http://localhost:1080/WebTours/images/cancelallreservations.gif" (RelFrameId=, Internal ID=158)
Action.c(88): t=641759ms: Request done "http://localhost:1080/WebTours/images/cancelallreservations.gif"  	[MsgId: MMSG-26000]
Action.c(88): t=641759ms: 298-byte response headers for "http://localhost:1080/WebTours/images/cancelreservation.gif" (RelFrameId=, Internal ID=157)
Action.c(88):     HTTP/1.1 200 OK\r\n
Action.c(88):     Date: Sun, 05 Feb 2023 10:12:09 GMT\r\n
Action.c(88):     Server: Apache/2.2.21 (Win32)\r\n
Action.c(88):     Last-Modified: Thu, 12 Jan 2012 13:30:28 GMT\r\n
Action.c(88):     ETag: "24000000037a78-33f-4b654c0620500"\r\n
Action.c(88):     Accept-Ranges: bytes\r\n
Action.c(88):     Content-Length: 831\r\n
Action.c(88):     Keep-Alive: timeout=5, max=98\r\n
Action.c(88):     Connection: Keep-Alive\r\n
Action.c(88):     Content-Type: image/gif\r\n
Action.c(88):     \r\n
Action.c(88): t=641759ms: 831-byte response body for "http://localhost:1080/WebTours/images/cancelreservation.gif" (RelFrameId=, Internal ID=157)
Action.c(88): t=641759ms: Request done "http://localhost:1080/WebTours/images/cancelreservation.gif"  	[MsgId: MMSG-26000]
Action.c(88): t=641761ms: 5-byte chunked response overhead for "http://localhost:1080/cgi-bin/itinerary.pl" (RelFrameId=1.2, Internal ID=152)
Action.c(88):     0\r\n
Action.c(88):     \r\n
Action.c(88): t=641761ms: Request done "http://localhost:1080/cgi-bin/itinerary.pl"  	[MsgId: MMSG-26000]
Action.c(88): web_image("Itinerary Button") was successful, 100654 body bytes, 2311 header bytes, 219 chunking overhead bytes  	[MsgId: MMSG-26385]
Action.c(93): Notify: Transaction "itinerary" ended with a "Pass" status (Duration: 0,2885 Wasted Time: 0,0006).	[MsgId: MMSG-16871]
Action.c(96): lr_think_time: 5,00 seconds.	[MsgId: MMSG-15948]
Action.c(99): Notify: Transaction "delete_booking" started.	[MsgId: MMSG-16999]
Action.c(101): web_add_header("Origin") started  	[MsgId: MMSG-26355]
Action.c(101): An unrecognized header ("Origin") is being added  	[MsgId: MMSG-26595]
Action.c(101): "Origin: http://localhost:1080" header registered for adding to requests from the immediately following Action function  	[MsgId: MMSG-26506]
Action.c(101): web_add_header("Origin") was successful  	[MsgId: MMSG-26392]
Action.c(104): web_add_auto_header("Sec-Fetch-User") started  	[MsgId: MMSG-26355]
Action.c(104): An unrecognized header ("Sec-Fetch-User") is being added  	[MsgId: MMSG-26595]
Action.c(104): "Sec-Fetch-User: ?1" header registered for adding to requests from all following Action functions  	[MsgId: MMSG-26505]
Action.c(104): web_add_auto_header("Sec-Fetch-User") was successful  	[MsgId: MMSG-26392]
Action.c(108): web_reg_find started  	[MsgId: MMSG-26355]
Action.c(108): Notify: Parameter Substitution: parameter "login" =  "rob"	[MsgId: MMSG-13992]
Action.c(108): Registering web_reg_find was successful  	[MsgId: MMSG-26390]
Action.c(112): web_reg_find started  	[MsgId: MMSG-26355]
Action.c(112): Notify: Parameter Substitution: parameter "flightID" =  "86857043-108490-RK"	[MsgId: MMSG-13992]
Action.c(112): Registering web_reg_find was successful  	[MsgId: MMSG-26390]
Action.c(117): web_submit_form("itinerary.pl") started  	[MsgId: MMSG-26355]
Action.c(117): Submitting form to "http://localhost:1080/cgi-bin/itinerary.pl", Target Frame=""  	[MsgId: MMSG-27978]
Action.c(117): t=646777ms: Closed connection [0] to localhost:1080 after completing 3 request(s)  	[MsgId: MMSG-26000]
Action.c(117): t=646778ms: Connecting [0] to host 127.0.0.1:1080  	[MsgId: MMSG-26000]
Action.c(117): t=646779ms: Connected socket [0] from 127.0.0.1:61816 to 127.0.0.1:1080 in 1 ms  	[MsgId: MMSG-26000]
Action.c(117): t=646779ms: 862-byte request headers for "http://localhost:1080/cgi-bin/itinerary.pl" (RelFrameId=1, Internal ID=159)
Action.c(117):     POST /cgi-bin/itinerary.pl HTTP/1.1\r\n
Action.c(117):     Content-Type: application/x-www-form-urlencoded\r\n
Action.c(117):     Referer: http://localhost:1080/cgi-bin/itinerary.pl\r\n
Action.c(117):     Origin: http://localhost:1080\r\n
Action.c(117):     Sec-Fetch-Dest: frame\r\n
Action.c(117):     Sec-Fetch-Mode: navigate\r\n
Action.c(117):     Sec-Fetch-Site: same-origin\r\n
Action.c(117):     Upgrade-Insecure-Requests: 1\r\n
Action.c(117):     sec-ch-ua: "Not_A Brand";v="99", "Google Chrome";v="109", "Chromium";v="109"\r\n
Action.c(117):     sec-ch-ua-mobile: ?0\r\n
Action.c(117):     sec-ch-ua-platform: "Windows"\r\n
Action.c(117):     Sec-Fetch-User: ?1\r\n
Action.c(117):     User-Agent: Mozilla/5.0 (Windows NT 10.0; Win64; x64) AppleWebKit/537.36 (KHTML, like Geck
Action.c(117):     o) Chrome/109.0.0.0 Safari/537.36\r\n
Action.c(117):     Accept-Encoding: gzip, deflate, br\r\n
Action.c(117):     Accept-Language: ru-RU,ru;q=0.9,en-US;q=0.8,en;q=0.7\r\n
Action.c(117):     Accept: */*\r\n
Action.c(117):     Connection: Keep-Alive\r\n
Action.c(117):     Host: localhost:1080\r\n
Action.c(117):     Cookie: MSO=SID&1675591918; MTUserInfo=firstName&Rob&address2&&username&rob&hash&2&lastNam
Action.c(117):     e&Koch%0A&address1&&creditCard&&expDate&%0A\r\n
Action.c(117):     Content-Length: 3296\r\n
Action.c(117):     \r\n
Action.c(117): t=646779ms: 3296-byte request body for "http://localhost:1080/cgi-bin/itinerary.pl" (RelFrameId=1, Internal ID=159)
Action.c(117):     1=on&flightID=86857043-108490-RK&flightID=86862972-156192-RK&flightID=86877433-3046262-RK&
Action.c(117):     flightID=868848205-3831008-RK&flightID=86864825-425428-RK&flightID=86852616-4769328-RK&fli
Action.c(117):     ghtID=868848222-6138771-RK&flightID=8688541-684709-RK&flightID=86851-692-RK&flightID=86880
Action.c(117):     3-8284-RK&flightID=86877064-9123190-RK&flightID=868614855-9707861-RK&flightID=868885-10761
Action.c(117):     -RK&flightID=86853352-11077001-RK&flightID=86878539-11746240-RK&flightID=86875189-1258478-
Action.c(117):     RK&flightID=86861131-13477008-RK&flightID=8685938-140052-RK&flightID=8686691-1492408-RK&fl
Action.c(117):     ightID=86866324-16100107-RK&flightID=86861131-16553931-RK&flightID=86859282-16938559-RK&fl
Action.c(117):     ightID=8687299-1826937-RK&flightID=86854464-19000084-RK&flightID=86869291-19800133-RK&flig
Action.c(117):     htID=868559-20084-RK&flightID=868685228-21184794-RK&flightID=868722-21961-RK&flightID=8688
Action.c(117):     7061-22761641-RK&flightID=86870389-23115463-RK&flightID=86865562-2440796-RK&flightID=86858
Action.c(117):     183-25161685-RK&flightID=86878167-25515463-RK&flightID=86883730-26677036-RK&flightID=86859
Action.c(117):     49-2707790-RK&flightID=868848205-28446393-RK&flightID=868711149-28654006-RK&flightID=86881
Action.c(117):     127-2997761-RK&flightID=86872967-3057710-RK&flightID=86875588-31123215-RK&flightID=8685334
Action.c(117):     6-3184669-RK&flightID=868733389-32961770-RK&flightID=868885-33838-RK&flightID=86858899-345
Action.c(117):     4659-RK&flightID=86883730-35138574-RK&flightID=86877064-36046266-RK&flightID=868559-36238-
Action.c(117):     RK&flightID=86862972-3694654-RK&flightID=86875930-3812324-RK&flightID=8687520-3873855-RK&f
Action.c(117):     lightID=86863349-39330848-RK&flightID=86885207-40069324-RK&flightID=868807463-41438692-RK&
Action.c(117):     flightID=868837088-42061750-RK&flightID=86861882-42861664-RK&flightID=86865189-4356171-RK&
Action.c(117):     flightID=868711149-44038621-RK&flightID=86-44-RK&flightID=86-45-&flightID=86-46-&flightID=
Action.c(117):     86-46-&flightID=86-47-&flightID=86-48-&flightID=86-49-&flightID=868519-5-&flightID=868518-
Action.c(117):     5-&flightID=86873728-52269333-&flightID=868519-5-RK&flightID=868519-5-&flightID=868519-5-&
Action.c(117):     flightID=868519-5-&flightID=86853352-55692385-&flightID=8687976-5-RK&flightID=868638192-5-
Action.c(117):     &flightID=8687599-5-&flightID=86861253-5-&flightID=868560-5-RK&flightID=86858175-6-RK&flig
Action.c(117):     htID=86866324-6-RK&flightID=86865225-6-RK&flightID=86881175-6-RK&.cgifields=33&.cgifields=
Action.c(117):     32&.cgifields=63&.cgifields=21&.cgifields=71&.cgifields=7&.cgifields=80&.cgifields=26&.cgi
Action.c(117):     fields=18&.cgifields=72&.cgifields=16&.cgifields=44&.cgifields=55&.cgifields=74&.cgifields
Action.c(117):     =27&.cgifields=57&.cgifields=61&.cgifields=20&.cgifields=10&.cgifields=31&.cgifields=35&.c
Action.c(117):     gifields=11&.cgifields=78&.cgifields=48&.cgifields=77&.cgifields=65&.cgifields=29&.cgifiel
Action.c(117):     ds=50&.cgifields=39&.cgifields=64&.cgifields=58&.cgifields=41&.cgifields=12&.cgifields=15&
Action.c(117):     .cgifields=81&.cgifields=52&.cgifields=60&.cgifields=56&.cgifields=73&.cgifields=66&.cgifi
Action.c(117):     elds=45&.cgifields=76&.cgifields=19&.cgifields=62&.cgifields=54&.cgifields=67&.cgifields=7
Action.c(117):     0&.cgifields=68&.cgifields=2&.cgifields=17&.cgifields=1&.cgifields=30&.cgifields=25&.cgifi
Action.c(117):     elds=28&.cgifields=75&.cgifields=40&.cgifields=14&.cgifields=69&.cgifields=59&.cgifields=4
Action.c(117):     9&.cgifields=24&.cgifields=53&.cgifields=79&.cgifields=22&.cgifields=42&.cgifields=46&.cgi
Action.c(117):     fields=23&.cgifields=13&.cgifields=6&.cgifields=3&.cgifields=36&.cgifields=9&.cgifields=51
Action.c(117):     &.cgifields=47&.cgifields=8&.cgifields=38&.cgifields=4&.cgifields=34&.cgifields=37&.cgifie
Action.c(117):     lds=43&.cgifields=5&removeFlights.x=77&removeFlights.y=6
Action.c(117): t=646780ms: Inactive socket [2] was closed by localhost:1080, probably due to Keep-Alive timeout  	[MsgId: MMSG-26000]
Action.c(117): t=646780ms: Closed connection [2] to localhost:1080 after completing 2 request(s)  	[MsgId: MMSG-26000]
Action.c(117): t=646780ms: Inactive socket [3] was closed by localhost:1080, probably due to Keep-Alive timeout  	[MsgId: MMSG-26000]
Action.c(117): t=646780ms: Closed connection [3] to localhost:1080 after completing 1 request(s)  	[MsgId: MMSG-26000]
Action.c(117): t=646780ms: Inactive socket [4] was closed by localhost:1080, probably due to Keep-Alive timeout  	[MsgId: MMSG-26000]
Action.c(117): t=646780ms: Closed connection [4] to localhost:1080 after completing 1 request(s)  	[MsgId: MMSG-26000]
Action.c(117): t=646780ms: Inactive socket [5] was closed by localhost:1080, probably due to Keep-Alive timeout  	[MsgId: MMSG-26000]
Action.c(117): t=646780ms: Closed connection [5] to localhost:1080 after completing 1 request(s)  	[MsgId: MMSG-26000]
Action.c(117): t=646858ms: Inactive socket [1] was closed by localhost:1080, probably due to Keep-Alive timeout  	[MsgId: MMSG-26000]
Action.c(117): t=646858ms: Closed connection [1] to localhost:1080 after completing 1 request(s)  	[MsgId: MMSG-26000]
Action.c(117): t=646961ms: 256-byte response headers for "http://localhost:1080/cgi-bin/itinerary.pl" (RelFrameId=1, Internal ID=159)
Action.c(117):     HTTP/1.1 200 OK\r\n
Action.c(117):     Date: Sun, 05 Feb 2023 10:12:14 GMT\r\n
Action.c(117):     Server: Apache/2.2.21 (Win32)\r\n
Action.c(117):     Expires: Sat, 04 Feb 2023 10:12:14 GMT\r\n
Action.c(117):     Keep-Alive: timeout=5, max=100\r\n
Action.c(117):     Connection: Keep-Alive\r\n
Action.c(117):     Transfer-Encoding: chunked\r\n
Action.c(117):     Content-Type: text/html; charset=ISO-8859-1\r\n
Action.c(117):     \r\n
Action.c(117): t=646961ms: 5-byte chunked response overhead for "http://localhost:1080/cgi-bin/itinerary.pl" (RelFrameId=1, Internal ID=159)
Action.c(117):     3a4\r\n
Action.c(117): t=646961ms: 2-byte chunked response overhead for "http://localhost:1080/cgi-bin/itinerary.pl" (RelFrameId=1, Internal ID=159)
Action.c(117):     \r\n
Action.c(117): t=646961ms: 932-byte chunked response body for "http://localhost:1080/cgi-bin/itinerary.pl" (RelFrameId=1, Internal ID=159)
Action.c(117):     <!DOCTYPE html\n
Action.c(117):     \tPUBLIC "-//W3C//DTD XHTML 1.0 Transitional//EN"\n
Action.c(117):     \t "http://www.w3.org/TR/xhtml1/DTD/xhtml1-transitional.dtd">\n
Action.c(117):     <html xmlns="http://www.w3.org/1999/xhtml" lang="en-US" xml:lang="en-US">\n
Action.c(117):     <head>\n
Action.c(117):     <title>Flights List</title>\n
Action.c(117):     <meta http-equiv="Content-Type" content="text/html; charset=iso-8859-1" />\n
Action.c(117):     </head>\n
Action.c(117):     <body bgcolor="#E0E7F1">\n
Action.c(117):     <style>blockquote {font-family: tahoma; font-size : 10pt}H1 {font-family: tahoma; font-siz
Action.c(117):     e : 22pt; color: #993333}small {font-family: tahoma; font-size : 8pt}H3 {font-family: taho
Action.c(117):     ma; font-size : 10pt; color: black}TD {font-family: tahoma; font-size : 8pt; color: black}
Action.c(117):     </style><BR/><BR/><h1>&nbsp;&nbsp;<b>Itinerary</b></h1>\n
Action.c(117):     <blockquote><P break>Unfortunately, we could not delete your entire itinerary because of a
Action.c(117):      database synchronization error.  If you could please re-load your itinerary and try again
Action.c(117):     , we would appreciate it.  Thank you for your patience.</blockquote>\n
Action.c(117):     </body>\n
Action.c(117):     </html>
Action.c(117): t=646968ms: 5-byte chunked response overhead for "http://localhost:1080/cgi-bin/itinerary.pl" (RelFrameId=1, Internal ID=159)
Action.c(117):     0\r\n
Action.c(117):     \r\n
Action.c(117): t=646968ms: Request done "http://localhost:1080/cgi-bin/itinerary.pl"  	[MsgId: MMSG-26000]
Action.c(117): Error -26366: "Text=rob" not found for web_reg_find  	[MsgId: MERR-26366]
End auto log messages stack.	[MsgId: MMSG-10544]

