Start auto log messages stack - Iteration 7.	[MsgId: MMSG-10545]
Action.c(88):       </TD>\n
Action.c(88):       <TD width="5%" >.<br/>.<br/>.<br/>.</TD>\n
Action.c(88):       <TD width="45%" valign=top><b>Invoice sent to:</b><br/>\n
Action.c(88):           <center>\n
Action.c(88):           <Table width="80%" cellspacing="0" > <tr> <td>\n
Action.c(88):                <br/>\n
Action.c(88):               <br/>\n
Action.c(88):               <br/>\n
Action.c(88):               <br/>\n
Action.c(88):               Total Charge: $ 0 <BR/> (CC: x-2345)\n
Action.c(88):           </td> </tr> </table>\n
Action.c(88):           </center>\n
Action.c(88):       </TD>\n
Action.c(88):     </TR>\n
Action.c(88):     <TR bgcolor="#EFF2F7">\n
Action.c(88):       <TD COLSPAN="3">\n
Action.c(88):       <b>Flight Details:</b><BR/>  <center>\n
Action.c(88):        :  8am : Flight Value\n
Action.c(88):      leaves Denver  for Denver.<br>  </center>\n
Action.c(88):       </TD>\n
Action.c(88):     </TR>\n
Action.c(88):     \n
Action.c(88):     <TR bgcolor="#EFF2F7">\n
Action.c(88):       <TD COLSPAN="4">\n
Action.c(88):       <hr/>\n
Action.c(88):       </TD>\n
Action.c(88):     </TR>\n
Action.c(88):     \n
Action.c(88):     <!-- Flight #1 -->\n
Action.c(88):     <TR bgcolor="#EFF2F7">\n
Action.c(88):       <TD width="5%" rowspan="2" align="left" valign="top">\n
Action.c(88):     <b>\n
Action.c(88):     <label><input type="checkbox" name="63" value="on" /></label></font></b>\n
Action.c(88):     <input type="hidden" name="flightID" value="86-48-"  />\n
Action.c(88):       </TD>\n
Action.c(88):       <TD width="45%" valign="top">\n
Action.c(88):           <b>&nbsp;&nbsp;A First class ticket for :</b><br/>\n
Action.c(88):           <center><table border="0" width="85%"><tr><td>\n
Action.c(88):           <li><i>Rob Koch\n
Action.c(88):           <li><i></i>\n
Action.c(88):           </td></tr></table></center>\n
Action.c(88):       </TD>\n
Action.c(88):       <TD width="5%" >.<br/>.<br/>.<br/>.</TD>\n
Action.c(88):       <TD width="45%" valign=top><b>Invoice sent to:</b><br/>\n
Action.c(88):           <center>\n
Action.c(88):           <Table width="80%" cellspacing="0" > <tr> <td>\n
Action.c(88):                <br/>\n
Action.c(88):               <br/>\n
Action.c(88):               <br/>\n
Action.c(88):               <br/>\n
Action.c(88):               Total Charge: $ 0 <BR/> (CC: x-2345)\n
Action.c(88):           </td> </tr> </table>\n
Action.c(88):           </center>\n
Action.c(88):       </TD>\n
Action.c(88):     </TR>\n
Action.c(88):     <TR bgcolor="#EFF2F7">\n
Action.c(88):       <TD COLSPAN="3">\n
Action.c(88):       <b>Flight Details:</b><BR/>  <center>\n
Action.c(88):        :  8am : Flight Value\n
Action.c(88):      leaves Denver  for Denver.<br>  </center>\n
Action.c(88):       </TD>\n
Action.c(88):     </TR>\n
Action.c(88):     \n
Action.c(88):     <TR bgcolor="#EFF2F7">\n
Action.c(88):       <TD COLSPAN="4">\n
Action.c(88):       <hr/>\n
Action.c(88):       </TD>\n
Action.c(88):     </TR>\n
Action.c(88):     \n
Action.c(88):     <!-- Flight #1 -->\n
Action.c(88):     <TR bgcolor="#EFF2F7">\n
Action.c(88):       <TD width="5%" rowspan="2" align="left" valign="top">\n
Action.c(88):     <b>\n
Action.c(88):     <label><input type="checkbox" name="64" value="on" /></label></font></b>\n
Action.c(88):     <input type="hidden" name="flightID" value="86-49-"  />\n
Action.c(88):       </TD>\n
Action.c(88):       <TD width="45%" valign="top">\n
Action.c(88):           <b>&nbsp;&nbsp;A Business class ticket for :</b><br/>\n
Action.c(88):           <center><table border="0" width="85%"><tr><td>\n
Action.c(88):           <li><i>Rob Koch\n
Action.c(88):           <li><i></i>\n
Action.c(88):           </td></tr></table></center>\n
Action.c(88):       </TD>\n
Action.c(88):       <TD width="5%" >.<br/>.<br/>.<br/>.</TD>\n
Action.c(88):       <TD width="45%" valign=top><b>Invoice sent to:</b><br/>\n
Action.c(88):           <center>\n
Action.c(88):           <Table width="80%" cellspacing="0" > <tr> <td>\n
Action.c(88):                <br/>\n
Action.c(88):               <br/>\n
Action.c(88):               <br/>\n
Action.c(88):               <br/>\n
Action.c(88):               Total Charge: $ 0 <BR/> (CC: x-2345)\n
Action.c(88):           </td> </tr> </table>\n
Action.c(88):           </center>\n
Action.c(88):       </TD>\n
Action.c(88):     </TR>\n
Action.c(88):     <TR bgcolor="#EFF2F7">\n
Action.c(88):       <TD COLSPAN="3">\n
Action.c(88):       <b>Flight Details:</b><BR/>  <center>\n
Action.c(88):        :  8am : Flight Value\n
Action.c(88):      leaves Denver  for Denver.<br>  </center>\n
Action.c(88):       </TD>\n
Action.c(88):     </TR>\n
Action.c(88):     \n
Action.c(88):     <TR bgcolor="#EFF2F7">\n
Action.c(88):       <TD COLSPAN="4">\n
Action.c(88):       <hr/>\n
Action.c(88):       </TD>\n
Action.c(88):     </TR>\n
Action.c(88):     \n
Action.c(88):     <!-- Flight #1 -->\n
Action.c(88):     <TR bgcolor="#EFF2F7">\n
Action.c(88):       <TD width="5%" rowspan="2" align="left" valign="top">\n
Action.c(88):     <b>\n
Action.c(88):     <label><input type="checkbox" name="65" value="on" /></label></font></b>\n
Action.c(88):     <input type="hidden" name="flightID" value="868519-5-"  />\n
Action.c(88):       </TD>\n
Action.c(88):       <TD width="45%" valign="top">\n
Action.c(88):           <b>&nbsp;&nbsp;A First class ticket for :</b><br/>\n
Action.c(88):           <center><table border="0" width="85%"><tr><td>\n
Action.c(88):           <li><i>Rob Koch\n
Action.c(88):           <li><i></i>\n
Action.c(88):           </td></tr></table></center>\n
Action.c(88):       </TD>\n
Action.c(88):       <TD width="5%" >.<br/>.<br/>.<br/>.</TD>\n
Action.c(88):       <TD width="45%" valign=top><b>Invoice sent to:</b><br/>\n
Action.c(88):           <center>\n
Action.c(88):           <Table width="80%" cellspacing="0" > <tr> <td>\n
Action.c(88):                <br/>\n
Action.c(88):               <br/>\n
Action.c(88):               <br/>\n
Action.c(88):               <br/>\n
Action.c(88):               Total Charge: $ 0 <BR/> (CC: x-2345)\n
Action.c(88):           </td> </tr> </table>\n
Action.c(88):           </center>\n
Action.c(88):       </TD>\n
Action.c(88):     </TR>\n
Action.c(88):     <TR bgcolor="#EFF2F7">\n
Action.c(88):       <TD COLSPA
Action.c(88): t=641747ms: 6-byte chunked response overhead for "http://localhost:1080/cgi-bin/itinerary.pl" (RelFrameId=1.2, Internal ID=152)
Action.c(88):     1000\r\n
Action.c(88): t=641747ms: 2-byte chunked response overhead for "http://localhost:1080/cgi-bin/itinerary.pl" (RelFrameId=1.2, Internal ID=152)
Action.c(88):     \r\n
Action.c(88): t=641747ms: 4096-byte chunked response body for "http://localhost:1080/cgi-bin/itinerary.pl" (RelFrameId=1.2, Internal ID=152)
Action.c(88):     N="3">\n
Action.c(88):       <b>Flight Details:</b><BR/>  <center>\n
Action.c(88):       12/26/2022\n
Action.c(88):      :  11pm : Flight 003 leaves Denver  for Denver.<br>  </center>\n
Action.c(88):       </TD>\n
Action.c(88):     </TR>\n
Action.c(88):     \n
Action.c(88):     <TR bgcolor="#EFF2F7">\n
Action.c(88):       <TD COLSPAN="4">\n
Action.c(88):       <hr/>\n
Action.c(88):       </TD>\n
Action.c(88):     </TR>\n
Action.c(88):     \n
Action.c(88):     <!-- Flight #1 -->\n
Action.c(88):     <TR bgcolor="#EFF2F7">\n
Action.c(88):       <TD width="5%" rowspan="2" align="left" valign="top">\n
Action.c(88):     <b>\n
Action.c(88):     <label><input type="checkbox" name="66" value="on" /></label></font></b>\n
Action.c(88):     <input type="hidden" name="flightID" value="868518-5-"  />\n
Action.c(88):       </TD>\n
Action.c(88):       <TD width="45%" valign="top">\n
Action.c(88):           <b>&nbsp;&nbsp;A First class ticket for :</b><br/>\n
Action.c(88):           <center><table border="0" width="85%"><tr><td>\n
Action.c(88):           <li><i>Rob Koch\n
Action.c(88):           <li><i></i>\n
Action.c(88):           </td></tr></table></center>\n
Action.c(88):       </TD>\n
Action.c(88):       <TD width="5%" >.<br/>.<br/>.<br/>.</TD>\n
Action.c(88):       <TD width="45%" valign=top><b>Invoice sent to:</b><br/>\n
Action.c(88):           <center>\n
Action.c(88):           <Table width="80%" cellspacing="0" > <tr> <td>\n
Action.c(88):                <br/>\n
Action.c(88):               <br/>\n
Action.c(88):               <br/>\n
Action.c(88):               <br/>\n
Action.c(88):               Total Charge: $ 0 <BR/> (CC: x-2345)\n
Action.c(88):           </td> </tr> </table>\n
Action.c(88):           </center>\n
Action.c(88):       </TD>\n
Action.c(88):     </TR>\n
Action.c(88):     <TR bgcolor="#EFF2F7">\n
Action.c(88):       <TD COLSPAN="3">\n
Action.c(88):       <b>Flight Details:</b><BR/>  <center>\n
Action.c(88):       12/26/2022\n
Action.c(88):      :  1pm : Flight 001 leaves Denver  for Denver.<br>  </center>\n
Action.c(88):       </TD>\n
Action.c(88):     </TR>\n
Action.c(88):     \n
Action.c(88):     <TR bgcolor="#EFF2F7">\n
Action.c(88):       <TD COLSPAN="4">\n
Action.c(88):       <hr/>\n
Action.c(88):       </TD>\n
Action.c(88):     </TR>\n
Action.c(88):     \n
Action.c(88):     <!-- Flight #1 -->\n
Action.c(88):     <TR bgcolor="#EFF2F7">\n
Action.c(88):       <TD width="5%" rowspan="2" align="left" valign="top">\n
Action.c(88):     <b>\n
Action.c(88):     <label><input type="checkbox" name="67" value="on" /></label></font></b>\n
Action.c(88):     <input type="hidden" name="flightID" value="86873728-52269333-"  />\n
Action.c(88):       </TD>\n
Action.c(88):       <TD width="45%" valign="top">\n
Action.c(88):           <b>&nbsp;&nbsp;A Business class ticket for :</b><br/>\n
Action.c(88):           <center><table border="0" width="85%"><tr><td>\n
Action.c(88):           <li><i>Rob Koch\n
Action.c(88):           <li><i></i>\n
Action.c(88):           </td></tr></table></center>\n
Action.c(88):       </TD>\n
Action.c(88):       <TD width="5%" >.<br/>.<br/>.<br/>.</TD>\n
Action.c(88):       <TD width="45%" valign=top><b>Invoice sent to:</b><br/>\n
Action.c(88):           <center>\n
Action.c(88):           <Table width="80%" cellspacing="0" > <tr> <td>\n
Action.c(88):                <br/>\n
Action.c(88):               <br/>\n
Action.c(88):               <br/>\n
Action.c(88):               <br/>\n
Action.c(88):               Total Charge: $ 1338 <BR/> (CC: x-2345)\n
Action.c(88):           </td> </tr> </table>\n
Action.c(88):           </center>\n
Action.c(88):       </TD>\n
Action.c(88):     </TR>\n
Action.c(88):     <TR bgcolor="#EFF2F7">\n
Action.c(88):       <TD COLSPAN="3">\n
Action.c(88):       <b>Flight Details:</b><BR/>  <center>\n
Action.c(88):       02/05/2023\n
Action.c(88):      :  8am : Flight 590 leaves Portland  for Zurich.<br>  02/05/2023\n
Action.c(88):      :  8am : Flight 950 leaves Zurich  for Portland.<br>  </center>\n
Action.c(88):       </TD>\n
Action.c(88):     </TR>\n
Action.c(88):     \n
Action.c(88):     <TR bgcolor="#EFF2F7">\n
Action.c(88):       <TD COLSPAN="4">\n
Action.c(88):       <hr/>\n
Action.c(88):       </TD>\n
Action.c(88):     </TR>\n
Action.c(88):     \n
Action.c(88):     <!-- Flight #1 -->\n
Action.c(88):     <TR bgcolor="#EFF2F7">\n
Action.c(88):       <TD width="5%" rowspan="2" align="left" valign="top">\n
Action.c(88):     <b>\n
Action.c(88):     <label><input type="checkbox" name="68" value="on" /></label></font></b>\n
Action.c(88):     <input type="hidden" name="flightID" value="868519-5-RK"  />\n
Action.c(88):       </TD>\n
Action.c(88):       <TD width="45%" valign="top">\n
Action.c(88):           <b>&nbsp;&nbsp;A Coach class ticket for :</b><br/>\n
Action.c(88):           <center><table border="0" width="85%"><tr><td>\n
Action.c(88):           <li><i>Rob Koch\n
Action.c(88):           <li><i></i>\n
Action.c(88):           </td></tr></table></center>\n
Action.c(88):       </TD>\n
Action.c(88):       <TD width="5%" >.<br/>.<br/>.<br/>.</TD>\n
Action.c(88):       <TD width="45%" valign=top><b>Invoice sent to:</b><br/>\n
Action.c(88):           <center>\n
Action.c(88):           <Table width="80%" cellspacing="0" > <tr> <td>\n
Action.c(88):               Rob Koch\n
Action.c(88):     <br/>\n
Action.c(88):               <br/>\n
Action.c(88):               <br/>\n
Action.c(88):               <br/>\n
Action.c(88):               Total Charge: $ 0 <BR/> (CC: x-2345)\n
Action.c(88):           </td> </tr> </table>\n
Action.c(88):           </center>\n
Action.c(88):       </TD>\n
Action.c(88):     </TR>\n
Action.c(88):     <TR bgcolor="#EFF2F7">\n
Action.c(88):       <TD COLSPAN="3">\n
Action.c(88):       <b>Flight Details:</b><BR/>  <center>\n
Action.c(88):       02/04/2023\n
Action.c(88):      :  11pm : Flight 003 leaves Denver  for Denver.<br>  </center>\n
Action.c(88):       </TD>\n
Action.c(88):     </TR>\n
Action.c(88):     \n
Action.c(88):     <TR bgcolor="#EFF2F7">\n
Action.c(88):       <TD COLSPAN="4">\n
Action.c(88):       <hr/>\n
Action.c(88):       </TD>\n
Action.c(88):     </TR>\n
Action.c(88):     \n
Action.c(88):     <!-- Flight #1 -->\n
Action.c(88):     <TR bgcolor="#EFF2F7">\n
Action.c(88):       <TD width="5%" rowspan="2" align="left" valign="top">\n
Action.c(88):     <b>\n
Action.c(88):     <label><input type="checkbox" name="69" value="on" /></label></font></b>\n
Action.c(88):     <input type="hidden" name="flightID" value="868519-5-"  />\n
Action.c(88):       </TD>\n
Action.c(88):       <TD width="45%" valign="top">\n
Action.c(88):           <b>&nbsp;&nbsp;A Coach class ticket for :</b><br/>\n
Action.c(88):           <center><table border="0" width="85%"><tr><td>\n
Action.c(88):           <li><i>Rob Koch\n
Action.c(88):           <li><i></i>\n
Action.c(88):           </td></tr></table></center>\n
Action.c(88):       </TD>\n
Action.c(88):       <TD width="5%" >.<br/>.<br/>.<br/>.</TD>\n
Action.c(88):       <TD width="45%" valign=top><b>Invoice sent to:</b><br/>\n
Action.c(88):           <center>\n
Action.c(88):           <Table width="80%" cellspacing="0" > <tr> <td>\n
Action.c(88):                <br/>\n
Action.c(88):               <br/>\n
Action.c(88):         
Action.c(88): t=641749ms: 6-byte chunked response overhead for "http://localhost:1080/cgi-bin/itinerary.pl" (RelFrameId=1.2, Internal ID=152)
Action.c(88):     1000\r\n
Action.c(88): t=641749ms: 2-byte chunked response overhead for "http://localhost:1080/cgi-bin/itinerary.pl" (RelFrameId=1.2, Internal ID=152)
Action.c(88):     \r\n
Action.c(88): t=641749ms: 4096-byte chunked response body for "http://localhost:1080/cgi-bin/itinerary.pl" (RelFrameId=1.2, Internal ID=152)
Action.c(88):           <br/>\n
Action.c(88):               <br/>\n
Action.c(88):               Total Charge: $ 0 <BR/> (CC: x-2345)\n
Action.c(88):           </td> </tr> </table>\n
Action.c(88):           </center>\n
Action.c(88):       </TD>\n
Action.c(88):     </TR>\n
Action.c(88):     <TR bgcolor="#EFF2F7">\n
Action.c(88):       <TD COLSPAN="3">\n
Action.c(88):       <b>Flight Details:</b><BR/>  <center>\n
Action.c(88):       02/04/2023\n
Action.c(88):      :  11pm : Flight 003 leaves Denver  for Denver.<br>  </center>\n
Action.c(88):       </TD>\n
Action.c(88):     </TR>\n
Action.c(88):     \n
Action.c(88):     <TR bgcolor="#EFF2F7">\n
Action.c(88):       <TD COLSPAN="4">\n
Action.c(88):       <hr/>\n
Action.c(88):       </TD>\n
Action.c(88):     </TR>\n
Action.c(88):     \n
Action.c(88):     <!-- Flight #1 -->\n
Action.c(88):     <TR bgcolor="#EFF2F7">\n
Action.c(88):       <TD width="5%" rowspan="2" align="left" valign="top">\n
Action.c(88):     <b>\n
Action.c(88):     <label><input type="checkbox" name="70" value="on" /></label></font></b>\n
Action.c(88):     <input type="hidden" name="flightID" value="868519-5-"  />\n
Action.c(88):       </TD>\n
Action.c(88):       <TD width="45%" valign="top">\n
Action.c(88):           <b>&nbsp;&nbsp;A First class ticket for :</b><br/>\n
Action.c(88):           <center><table border="0" width="85%"><tr><td>\n
Action.c(88):           <li><i>Rob Koch\n
Action.c(88):           <li><i></i>\n
Action.c(88):           </td></tr></table></center>\n
Action.c(88):       </TD>\n
Action.c(88):       <TD width="5%" >.<br/>.<br/>.<br/>.</TD>\n
Action.c(88):       <TD width="45%" valign=top><b>Invoice sent to:</b><br/>\n
Action.c(88):           <center>\n
Action.c(88):           <Table width="80%" cellspacing="0" > <tr> <td>\n
Action.c(88):                <br/>\n
Action.c(88):               <br/>\n
Action.c(88):               <br/>\n
Action.c(88):               <br/>\n
Action.c(88):               Total Charge: $ 0 <BR/> (CC: x-2345)\n
Action.c(88):           </td> </tr> </table>\n
Action.c(88):           </center>\n
Action.c(88):       </TD>\n
Action.c(88):     </TR>\n
Action.c(88):     <TR bgcolor="#EFF2F7">\n
Action.c(88):       <TD COLSPAN="3">\n
Action.c(88):       <b>Flight Details:</b><BR/>  <center>\n
Action.c(88):       02/04/2023\n
Action.c(88):      :  5pm : Flight 002 leaves Denver  for Denver.<br>  </center>\n
Action.c(88):       </TD>\n
Action.c(88):     </TR>\n
Action.c(88):     \n
Action.c(88):     <TR bgcolor="#EFF2F7">\n
Action.c(88):       <TD COLSPAN="4">\n
Action.c(88):       <hr/>\n
Action.c(88):       </TD>\n
Action.c(88):     </TR>\n
Action.c(88):     \n
Action.c(88):     <!-- Flight #1 -->\n
Action.c(88):     <TR bgcolor="#EFF2F7">\n
Action.c(88):       <TD width="5%" rowspan="2" align="left" valign="top">\n
Action.c(88):     <b>\n
Action.c(88):     <label><input type="checkbox" name="71" value="on" /></label></font></b>\n
Action.c(88):     <input type="hidden" name="flightID" value="868519-5-"  />\n
Action.c(88):       </TD>\n
Action.c(88):       <TD width="45%" valign="top">\n
Action.c(88):           <b>&nbsp;&nbsp;A Coach class ticket for :</b><br/>\n
Action.c(88):           <center><table border="0" width="85%"><tr><td>\n
Action.c(88):           <li><i>Rob Koch\n
Action.c(88):           <li><i></i>\n
Action.c(88):           </td></tr></table></center>\n
Action.c(88):       </TD>\n
Action.c(88):       <TD width="5%" >.<br/>.<br/>.<br/>.</TD>\n
Action.c(88):       <TD width="45%" valign=top><b>Invoice sent to:</b><br/>\n
Action.c(88):           <center>\n
Action.c(88):           <Table width="80%" cellspacing="0" > <tr> <td>\n
Action.c(88):                <br/>\n
Action.c(88):               <br/>\n
Action.c(88):               <br/>\n
Action.c(88):               <br/>\n
Action.c(88):               Total Charge: $ 0 <BR/> (CC: x-2345)\n
Action.c(88):           </td> </tr> </table>\n
Action.c(88):           </center>\n
Action.c(88):       </TD>\n
Action.c(88):     </TR>\n
Action.c(88):     <TR bgcolor="#EFF2F7">\n
Action.c(88):       <TD COLSPAN="3">\n
Action.c(88):       <b>Flight Details:</b><BR/>  <center>\n
Action.c(88):       02/04/2023\n
Action.c(88):      :  5pm : Flight 002 leaves Denver  for Denver.<br>  </center>\n
Action.c(88):       </TD>\n
Action.c(88):     </TR>\n
Action.c(88):     \n
Action.c(88):     <TR bgcolor="#EFF2F7">\n
Action.c(88):       <TD COLSPAN="4">\n
Action.c(88):       <hr/>\n
Action.c(88):       </TD>\n
Action.c(88):     </TR>\n
Action.c(88):     \n
Action.c(88):     <!-- Flight #1 -->\n
Action.c(88):     <TR bgcolor="#EFF2F7">\n
Action.c(88):       <TD width="5%" rowspan="2" align="left" valign="top">\n
Action.c(88):     <b>\n
Action.c(88):     <label><input type="checkbox" name="72" value="on" /></label></font></b>\n
Action.c(88):     <input type="hidden" name="flightID" value="86853352-55692385-"  />\n
Action.c(88):       </TD>\n
Action.c(88):       <TD width="45%" valign="top">\n
Action.c(88):           <b>&nbsp;&nbsp;A Business class ticket for :</b><br/>\n
Action.c(88):           <center><table border="0" width="85%"><tr><td>\n
Action.c(88):           <li><i>Rob Koch\n
Action.c(88):           <li><i></i>\n
Action.c(88):           </td></tr></table></center>\n
Action.c(88):       </TD>\n
Action.c(88):       <TD width="5%" >.<br/>.<br/>.<br/>.</TD>\n
Action.c(88):       <TD width="45%" valign=top><b>Invoice sent to:</b><br/>\n
Action.c(88):           <center>\n
Action.c(88):           <Table width="80%" cellspacing="0" > <tr> <td>\n
Action.c(88):                <br/>\n
Action.c(88):               <br/>\n
Action.c(88):               <br/>\n
Action.c(88):               <br/>\n
Action.c(88):               Total Charge: $ 1016 <BR/> (CC: x-2345)\n
Action.c(88):           </td> </tr> </table>\n
Action.c(88):           </center>\n
Action.c(88):       </TD>\n
Action.c(88):     </TR>\n
Action.c(88):     <TR bgcolor="#EFF2F7">\n
Action.c(88):       <TD COLSPAN="3">\n
Action.c(88):       <b>Flight Details:</b><BR/>  <center>\n
Action.c(88):       02/05/2023\n
Action.c(88):      :  8am : Flight 040 leaves Denver  for Paris.<br>  02/05/2023\n
Action.c(88):      :  8am : Flight 400 leaves Paris  for Denver.<br>  </center>\n
Action.c(88):       </TD>\n
Action.c(88):     </TR>\n
Action.c(88):     \n
Action.c(88):     <TR bgcolor="#EFF2F7">\n
Action.c(88):       <TD COLSPAN="4">\n
Action.c(88):       <hr/>\n
Action.c(88):       </TD>\n
Action.c(88):     </TR>\n
Action.c(88):     \n
Action.c(88):     <!-- Flight #1 -->\n
Action.c(88):     <TR bgcolor="#EFF2F7">\n
Action.c(88):       <TD width="5%" rowspan="2" align="left" valign="top">\n
Action.c(88):     <b>\n
Action.c(88):     <label><input type="checkbox" name="73" value="on" /></label></font></b>\n
Action.c(88):     <input type="hidden" name="flightID" value="8687976-5-RK"  />\n
Action.c(88):       </TD>\n
Action.c(88):       <TD width="45%" valign="top">\n
Action.c(88):           <b>&nbsp;&nbsp;A Coach class ticket for :</b><br/>\n
Action.c(88):           <center><table border="0" width="85%"><tr><td>\n
Action.c(88):           <li><i>Rob Koch\n
Action.c(88):           <li><i></i>\n
Action.c(88):           </td></tr></table></center>\n
Action.c(88):       </TD>\n
Action.c(88):       <TD width="5%" >.<br/>.<br/>.<br/>.</TD>\n
Action.c(88):       <TD widt
Action.c(88): t=641750ms: 6-byte chunked response overhead for "http://localhost:1080/cgi-bin/itinerary.pl" (RelFrameId=1.2, Internal ID=152)
Action.c(88):     1000\r\n
Action.c(88): t=641750ms: 2-byte chunked response overhead for "http://localhost:1080/cgi-bin/itinerary.pl" (RelFrameId=1.2, Internal ID=152)
Action.c(88):     \r\n
Action.c(88): t=641750ms: 4096-byte chunked response body for "http://localhost:1080/cgi-bin/itinerary.pl" (RelFrameId=1.2, Internal ID=152)
Action.c(88):     h="45%" valign=top><b>Invoice sent to:</b><br/>\n
Action.c(88):           <center>\n
Action.c(88):           <Table width="80%" cellspacing="0" > <tr> <td>\n
Action.c(88):               Rob Koch\n
Action.c(88):     <br/>\n
Action.c(88):               <br/>\n
Action.c(88):               <br/>\n
Action.c(88):               <br/>\n
Action.c(88):               Total Charge: $ 53 <BR/> (CC: x-2345)\n
Action.c(88):           </td> </tr> </table>\n
Action.c(88):           </center>\n
Action.c(88):       </TD>\n
Action.c(88):     </TR>\n
Action.c(88):     <TR bgcolor="#EFF2F7">\n
Action.c(88):       <TD COLSPAN="3">\n
Action.c(88):       <b>Flight Details:</b><BR/>  <center>\n
Action.c(88):       02/05/2023\n
Action.c(88):      :  11pm : Flight 753 leaves Seattle  for Portland.<br>  </center>\n
Action.c(88):       </TD>\n
Action.c(88):     </TR>\n
Action.c(88):     \n
Action.c(88):     <TR bgcolor="#EFF2F7">\n
Action.c(88):       <TD COLSPAN="4">\n
Action.c(88):       <hr/>\n
Action.c(88):       </TD>\n
Action.c(88):     </TR>\n
Action.c(88):     \n
Action.c(88):     <!-- Flight #1 -->\n
Action.c(88):     <TR bgcolor="#EFF2F7">\n
Action.c(88):       <TD width="5%" rowspan="2" align="left" valign="top">\n
Action.c(88):     <b>\n
Action.c(88):     <label><input type="checkbox" name="74" value="on" /></label></font></b>\n
Action.c(88):     <input type="hidden" name="flightID" value="868638192-5-"  />\n
Action.c(88):       </TD>\n
Action.c(88):       <TD width="45%" valign="top">\n
Action.c(88):           <b>&nbsp;&nbsp;A First class ticket for :</b><br/>\n
Action.c(88):           <center><table border="0" width="85%"><tr><td>\n
Action.c(88):           <li><i>Rob Koch\n
Action.c(88):           <li><i></i>\n
Action.c(88):           </td></tr></table></center>\n
Action.c(88):       </TD>\n
Action.c(88):       <TD width="5%" >.<br/>.<br/>.<br/>.</TD>\n
Action.c(88):       <TD width="45%" valign=top><b>Invoice sent to:</b><br/>\n
Action.c(88):           <center>\n
Action.c(88):           <Table width="80%" cellspacing="0" > <tr> <td>\n
Action.c(88):                <br/>\n
Action.c(88):               <br/>\n
Action.c(88):               <br/>\n
Action.c(88):               <br/>\n
Action.c(88):               Total Charge: $ 1186 <BR/> (CC: x-2345)\n
Action.c(88):           </td> </tr> </table>\n
Action.c(88):           </center>\n
Action.c(88):       </TD>\n
Action.c(88):     </TR>\n
Action.c(88):     <TR bgcolor="#EFF2F7">\n
Action.c(88):       <TD COLSPAN="3">\n
Action.c(88):       <b>Flight Details:</b><BR/>  <center>\n
Action.c(88):       02/05/2023\n
Action.c(88):      :  11pm : Flight 323 leaves Los Angeles  for London.<br>  </center>\n
Action.c(88):       </TD>\n
Action.c(88):     </TR>\n
Action.c(88):     \n
Action.c(88):     <TR bgcolor="#EFF2F7">\n
Action.c(88):       <TD COLSPAN="4">\n
Action.c(88):       <hr/>\n
Action.c(88):       </TD>\n
Action.c(88):     </TR>\n
Action.c(88):     \n
Action.c(88):     <!-- Flight #1 -->\n
Action.c(88):     <TR bgcolor="#EFF2F7">\n
Action.c(88):       <TD width="5%" rowspan="2" align="left" valign="top">\n
Action.c(88):     <b>\n
Action.c(88):     <label><input type="checkbox" name="75" value="on" /></label></font></b>\n
Action.c(88):     <input type="hidden" name="flightID" value="8687599-5-"  />\n
Action.c(88):       </TD>\n
Action.c(88):       <TD width="45%" valign="top">\n
Action.c(88):           <b>&nbsp;&nbsp;A Business class ticket for :</b><br/>\n
Action.c(88):           <center><table border="0" width="85%"><tr><td>\n
Action.c(88):           <li><i>Rob Koch\n
Action.c(88):           <li><i></i>\n
Action.c(88):           </td></tr></table></center>\n
Action.c(88):       </TD>\n
Action.c(88):       <TD width="5%" >.<br/>.<br/>.<br/>.</TD>\n
Action.c(88):       <TD width="45%" valign=top><b>Invoice sent to:</b><br/>\n
Action.c(88):           <center>\n
Action.c(88):           <Table width="80%" cellspacing="0" > <tr> <td>\n
Action.c(88):                <br/>\n
Action.c(88):               <br/>\n
Action.c(88):               <br/>\n
Action.c(88):               <br/>\n
Action.c(88):               Total Charge: $ 98 <BR/> (CC: x-2345)\n
Action.c(88):           </td> </tr> </table>\n
Action.c(88):           </center>\n
Action.c(88):       </TD>\n
Action.c(88):     </TR>\n
Action.c(88):     <TR bgcolor="#EFF2F7">\n
Action.c(88):       <TD COLSPAN="3">\n
Action.c(88):       <b>Flight Details:</b><BR/>  <center>\n
Action.c(88):       02/05/2023\n
Action.c(88):      :  1pm : Flight 651 leaves San Francisco  for Portland.<br>  </center>\n
Action.c(88):       </TD>\n
Action.c(88):     </TR>\n
Action.c(88):     \n
Action.c(88):     <TR bgcolor="#EFF2F7">\n
Action.c(88):       <TD COLSPAN="4">\n
Action.c(88):       <hr/>\n
Action.c(88):       </TD>\n
Action.c(88):     </TR>\n
Action.c(88):     \n
Action.c(88):     <!-- Flight #1 -->\n
Action.c(88):     <TR bgcolor="#EFF2F7">\n
Action.c(88):       <TD width="5%" rowspan="2" align="left" valign="top">\n
Action.c(88):     <b>\n
Action.c(88):     <label><input type="checkbox" name="76" value="on" /></label></font></b>\n
Action.c(88):     <input type="hidden" name="flightID" value="86861253-5-"  />\n
Action.c(88):       </TD>\n
Action.c(88):       <TD width="45%" valign="top">\n
Action.c(88):           <b>&nbsp;&nbsp;A First class ticket for :</b><br/>\n
Action.c(88):           <center><table border="0" width="85%"><tr><td>\n
Action.c(88):           <li><i>Rob Koch\n
Action.c(88):           <li><i></i>\n
Action.c(88):           </td></tr></table></center>\n
Action.c(88):       </TD>\n
Action.c(88):       <TD width="5%" >.<br/>.<br/>.<br/>.</TD>\n
Action.c(88):       <TD width="45%" valign=top><b>Invoice sent to:</b><br/>\n
Action.c(88):           <center>\n
Action.c(88):           <Table width="80%" cellspacing="0" > <tr> <td>\n
Action.c(88):                <br/>\n
Action.c(88):               <br/>\n
Action.c(88):               <br/>\n
Action.c(88):               <br/>\n
Action.c(88):               Total Charge: $ 852 <BR/> (CC: x-2345)\n
Action.c(88):           </td> </tr> </table>\n
Action.c(88):           </center>\n
Action.c(88):       </TD>\n
Action.c(88):     </TR>\n
Action.c(88):     <TR bgcolor="#EFF2F7">\n
Action.c(88):       <TD COLSPAN="3">\n
Action.c(88):       <b>Flight Details:</b><BR/>  <center>\n
Action.c(88):       02/05/2023\n
Action.c(88):      :  11pm : Flight 253 leaves London  for Portland.<br>  </center>\n
Action.c(88):       </TD>\n
Action.c(88):     </TR>\n
Action.c(88):     \n
Action.c(88):     <TR bgcolor="#EFF2F7">\n
Action.c(88):       <TD COLSPAN="4">\n
Action.c(88):       <hr/>\n
Action.c(88):       </TD>\n
Action.c(88):     </TR>\n
Action.c(88):     \n
Action.c(88):     <!-- Flight #1 -->\n
Action.c(88):     <TR bgcolor="#EFF2F7">\n
Action.c(88):       <TD width="5%" rowspan="2" align="left" valign="top">\n
Action.c(88):     <b>\n
Action.c(88):     <label><input type="checkbox" name="77" value="on" /></label></font></b>\n
Action.c(88):     <input type="hidden" name="flightID" value="868560-5-RK"  />\n
Action.c(88):       </TD>\n
Action.c(88):       <TD width="45%" valign="top">\n
Action.c(88):           <b>&nbsp;&nbsp;A Business class ticket for :</b><br/>\n
Action.c(88):           <center><table border="0" width="85%"><tr><td>\n
Action.c(88):           <li><i
Action.c(88): t=641752ms: 6-byte chunked response overhead for "http://localhost:1080/cgi-bin/itinerary.pl" (RelFrameId=1.2, Internal ID=152)
Action.c(88):     1000\r\n
Action.c(88): t=641752ms: 2-byte chunked response overhead for "http://localhost:1080/cgi-bin/itinerary.pl" (RelFrameId=1.2, Internal ID=152)
Action.c(88):     \r\n
Action.c(88): t=641752ms: 4096-byte chunked response body for "http://localhost:1080/cgi-bin/itinerary.pl" (RelFrameId=1.2, Internal ID=152)
Action.c(88):     >Rob Koch\n
Action.c(88):           <li><i></i>\n
Action.c(88):           </td></tr></table></center>\n
Action.c(88):       </TD>\n
Action.c(88):       <TD width="5%" >.<br/>.<br/>.<br/>.</TD>\n
Action.c(88):       <TD width="45%" valign=top><b>Invoice sent to:</b><br/>\n
Action.c(88):           <center>\n
Action.c(88):           <Table width="80%" cellspacing="0" > <tr> <td>\n
Action.c(88):               Rob Koch\n
Action.c(88):     <br/>\n
Action.c(88):               <br/>\n
Action.c(88):               <br/>\n
Action.c(88):               <br/>\n
Action.c(88):               Total Charge: $ 0 <BR/> (CC: x-2345)\n
Action.c(88):           </td> </tr> </table>\n
Action.c(88):           </center>\n
Action.c(88):       </TD>\n
Action.c(88):     </TR>\n
Action.c(88):     <TR bgcolor="#EFF2F7">\n
Action.c(88):       <TD COLSPAN="3">\n
Action.c(88):       <b>Flight Details:</b><BR/>  <center>\n
Action.c(88):       02/05/2023\n
Action.c(88):      :  5pm : Flight 112 leaves Frankfurt  for Frankfurt.<br>  </center>\n
Action.c(88):       </TD>\n
Action.c(88):     </TR>\n
Action.c(88):     \n
Action.c(88):     <TR bgcolor="#EFF2F7">\n
Action.c(88):       <TD COLSPAN="4">\n
Action.c(88):       <hr/>\n
Action.c(88):       </TD>\n
Action.c(88):     </TR>\n
Action.c(88):     \n
Action.c(88):     <!-- Flight #1 -->\n
Action.c(88):     <TR bgcolor="#EFF2F7">\n
Action.c(88):       <TD width="5%" rowspan="2" align="left" valign="top">\n
Action.c(88):     <b>\n
Action.c(88):     <label><input type="checkbox" name="78" value="on" /></label></font></b>\n
Action.c(88):     <input type="hidden" name="flightID" value="86858175-6-RK"  />\n
Action.c(88):       </TD>\n
Action.c(88):       <TD width="45%" valign="top">\n
Action.c(88):           <b>&nbsp;&nbsp;A Business class ticket for :</b><br/>\n
Action.c(88):           <center><table border="0" width="85%"><tr><td>\n
Action.c(88):           <li><i>Rob Koch\n
Action.c(88):           <li><i></i>\n
Action.c(88):           </td></tr></table></center>\n
Action.c(88):       </TD>\n
Action.c(88):       <TD width="5%" >.<br/>.<br/>.<br/>.</TD>\n
Action.c(88):       <TD width="45%" valign=top><b>Invoice sent to:</b><br/>\n
Action.c(88):           <center>\n
Action.c(88):           <Table width="80%" cellspacing="0" > <tr> <td>\n
Action.c(88):               Rob Koch\n
Action.c(88):     <br/>\n
Action.c(88):               <br/>\n
Action.c(88):               <br/>\n
Action.c(88):               <br/>\n
Action.c(88):               Total Charge: $ 740 <BR/> (CC: x-2345)\n
Action.c(88):           </td> </tr> </table>\n
Action.c(88):           </center>\n
Action.c(88):       </TD>\n
Action.c(88):     </TR>\n
Action.c(88):     <TR bgcolor="#EFF2F7">\n
Action.c(88):       <TD COLSPAN="3">\n
Action.c(88):       <b>Flight Details:</b><BR/>  <center>\n
Action.c(88):       02/05/2023\n
Action.c(88):      :  8am : Flight 170 leaves Frankfurt  for Seattle.<br>  </center>\n
Action.c(88):       </TD>\n
Action.c(88):     </TR>\n
Action.c(88):     \n
Action.c(88):     <TR bgcolor="#EFF2F7">\n
Action.c(88):       <TD COLSPAN="4">\n
Action.c(88):       <hr/>\n
Action.c(88):       </TD>\n
Action.c(88):     </TR>\n
Action.c(88):     \n
Action.c(88):     <!-- Flight #1 -->\n
Action.c(88):     <TR bgcolor="#EFF2F7">\n
Action.c(88):       <TD width="5%" rowspan="2" align="left" valign="top">\n
Action.c(88):     <b>\n
Action.c(88):     <label><input type="checkbox" name="79" value="on" /></label></font></b>\n
Action.c(88):     <input type="hidden" name="flightID" value="86866324-6-RK"  />\n
Action.c(88):       </TD>\n
Action.c(88):       <TD width="45%" valign="top">\n
Action.c(88):           <b>&nbsp;&nbsp;A First class ticket for :</b><br/>\n
Action.c(88):           <center><table border="0" width="85%"><tr><td>\n
Action.c(88):           <li><i>Rob Koch\n
Action.c(88):           <li><i></i>\n
Action.c(88):           </td></tr></table></center>\n
Action.c(88):       </TD>\n
Action.c(88):       <TD width="5%" >.<br/>.<br/>.<br/>.</TD>\n
Action.c(88):       <TD width="45%" valign=top><b>Invoice sent to:</b><br/>\n
Action.c(88):           <center>\n
Action.c(88):           <Table width="80%" cellspacing="0" > <tr> <td>\n
Action.c(88):               Rob Koch\n
Action.c(88):     <br/>\n
Action.c(88):               <br/>\n
Action.c(88):               <br/>\n
Action.c(88):               <br/>\n
Action.c(88):               Total Charge: $ 752 <BR/> (CC: x-2345)\n
Action.c(88):           </td> </tr> </table>\n
Action.c(88):           </center>\n
Action.c(88):       </TD>\n
Action.c(88):     </TR>\n
Action.c(88):     <TR bgcolor="#EFF2F7">\n
Action.c(88):       <TD COLSPAN="3">\n
Action.c(88):       <b>Flight Details:</b><BR/>  <center>\n
Action.c(88):       02/05/2023\n
Action.c(88):      :  8am : Flight 390 leaves Los Angeles  for Zurich.<br>  </center>\n
Action.c(88):       </TD>\n
Action.c(88):     </TR>\n
Action.c(88):     \n
Action.c(88):     <TR bgcolor="#EFF2F7">\n
Action.c(88):       <TD COLSPAN="4">\n
Action.c(88):       <hr/>\n
Action.c(88):       </TD>\n
Action.c(88):     </TR>\n
Action.c(88):     \n
Action.c(88):     <!-- Flight #1 -->\n
Action.c(88):     <TR bgcolor="#EFF2F7">\n
Action.c(88):       <TD width="5%" rowspan="2" align="left" valign="top">\n
Action.c(88):     <b>\n
Action.c(88):     <label><input type="checkbox" name="80" value="on" /></label></font></b>\n
Action.c(88):     <input type="hidden" name="flightID" value="86865225-6-RK"  />\n
Action.c(88):       </TD>\n
Action.c(88):       <TD width="45%" valign="top">\n
Action.c(88):           <b>&nbsp;&nbsp;A First class ticket for :</b><br/>\n
Action.c(88):           <center><table border="0" width="85%"><tr><td>\n
Action.c(88):           <li><i>Rob Koch\n
Action.c(88):           <li><i></i>\n
Action.c(88):           </td></tr></table></center>\n
Action.c(88):       </TD>\n
Action.c(88):       <TD width="5%" >.<br/>.<br/>.<br/>.</TD>\n
Action.c(88):       <TD width="45%" valign=top><b>Invoice sent to:</b><br/>\n
Action.c(88):           <center>\n
Action.c(88):           <Table width="80%" cellspacing="0" > <tr> <td>\n
Action.c(88):               Rob Koch\n
Action.c(88):     <br/>\n
Action.c(88):               <br/>\n
Action.c(88):               <br/>\n
Action.c(88):               <br/>\n
Action.c(88):               Total Charge: $ 101 <BR/> (CC: x-2345)\n
Action.c(88):           </td> </tr> </table>\n
Action.c(88):           </center>\n
Action.c(88):       </TD>\n
Action.c(88):     </TR>\n
Action.c(88):     <TR bgcolor="#EFF2F7">\n
Action.c(88):       <TD COLSPAN="3">\n
Action.c(88):       <b>Flight Details:</b><BR/>  <center>\n
Action.c(88):       02/05/2023\n
Action.c(88):      :  1pm : Flight 361 leaves Los Angeles  for San Francisco.<br>  </center>\n
Action.c(88):       </TD>\n
Action.c(88):     </TR>\n
Action.c(88):     \n
Action.c(88):     <TR bgcolor="#EFF2F7">\n
Action.c(88):       <TD COLSPAN="4">\n
Action.c(88):       <hr/>\n
Action.c(88):       </TD>\n
Action.c(88):     </TR>\n
Action.c(88):     \n
Action.c(88):     <!-- Flight #1 -->\n
Action.c(88):     <TR bgcolor="#EFF2F7">\n
Action.c(88):       <TD width="5%" rowspan="2" align="left" valign="top">\n
Action.c(88):     <b>\n
Action.c(88):     <label><input type="checkbox" name="81" value="on" /></label></font></b>\n
Action.c(88):     <input type="hidden" name="flightID" value="86881175-6-RK"  />\n
Action.c(88):       </TD
Action.c(88): t=641756ms: 6-byte chunked response overhead for "http://localhost:1080/cgi-bin/itinerary.pl" (RelFrameId=1.2, Internal ID=152)
Action.c(88):     1000\r\n
Action.c(88): t=641756ms: 2-byte chunked response overhead for "http://localhost:1080/cgi-bin/itinerary.pl" (RelFrameId=1.2, Internal ID=152)
Action.c(88):     \r\n
Action.c(88): t=641756ms: 4096-byte chunked response body for "http://localhost:1080/cgi-bin/itinerary.pl" (RelFrameId=1.2, Internal ID=152)
Action.c(88):     >\n
Action.c(88):       <TD width="45%" valign="top">\n
Action.c(88):           <b>&nbsp;&nbsp;A First class ticket for :</b><br/>\n
Action.c(88):           <center><table border="0" width="85%"><tr><td>\n
Action.c(88):           <li><i>Rob Koch\n
Action.c(88):           <li><i></i>\n
Action.c(88):           </td></tr></table></center>\n
Action.c(88):       </TD>\n
Action.c(88):       <TD width="5%" >.<br/>.<br/>.<br/>.</TD>\n
Action.c(88):       <TD width="45%" valign=top><b>Invoice sent to:</b><br/>\n
Action.c(88):           <center>\n
Action.c(88):           <Table width="80%" cellspacing="0" > <tr> <td>\n
Action.c(88):               Rob Koch\n
Action.c(88):     <br/>\n
Action.c(88):               <br/>\n
Action.c(88):               <br/>\n
Action.c(88):               <br/>\n
Action.c(88):               Total Charge: $ 747 <BR/> (CC: x-2345)\n
Action.c(88):           </td> </tr> </table>\n
Action.c(88):           </center>\n
Action.c(88):       </TD>\n
Action.c(88):     </TR>\n
Action.c(88):     <TR bgcolor="#EFF2F7">\n
Action.c(88):       <TD COLSPAN="3">\n
Action.c(88):       <b>Flight Details:</b><BR/>  <center>\n
Action.c(88):       02/05/2023\n
Action.c(88):      :  1pm : Flight 791 leaves Seattle  for Zurich.<br>  </center>\n
Action.c(88):       </TD>\n
Action.c(88):     </TR>\n
Action.c(88):     \n
Action.c(88):     <TR bgcolor="#EFF2F7">\n
Action.c(88):       <TD COLSPAN="4">\n
Action.c(88):       <hr/>\n
Action.c(88):       </TD>\n
Action.c(88):     </TR>\n
Action.c(88):     <TR>\n
Action.c(88):        <TD align="center" COLSPAN="4">\n
Action.c(88):        <b>A total of 81 scheduled flights.</font></b>\n
Action.c(88):        </TD>\n
Action.c(88):     </TR>\n
Action.c(88):     </TABLE>\n
Action.c(88):     \n
Action.c(88):     <TABLE WIDTH="87%" BORDER="0" CELLSPACING="0">\n
Action.c(88):     <TR>\n
Action.c(88):     <TD align="left" width="50%" >\n
Action.c(88):     <input type="image" name="removeFlights" src="/WebTours/images/cancelreservation.gif" bord
Action.c(88):     er="0" /></TD>\n
Action.c(88):     <TD align="right" width="50%" >\n
Action.c(88):     <input type="image" name="removeAllFlights" src="/WebTours/images/cancelallreservations.gi
Action.c(88):     f" border="0" /></TD>\n
Action.c(88):     </TABLE>\n
Action.c(88):     \n
Action.c(88):     <div><input type="hidden" name=".cgifields" value="33"  /><input type="hidden" name=".cgif
Action.c(88):     ields" value="32"  /><input type="hidden" name=".cgifields" value="63"  /><input type="hid
Action.c(88):     den" name=".cgifields" value="21"  /><input type="hidden" name=".cgifields" value="71"  />
Action.c(88):     <input type="hidden" name=".cgifields" value="7"  /><input type="hidden" name=".cgifields"
Action.c(88):      value="80"  /><input type="hidden" name=".cgifields" value="26"  /><input type="hidden" n
Action.c(88):     ame=".cgifields" value="18"  /><input type="hidden" name=".cgifields" value="72"  /><input
Action.c(88):      type="hidden" name=".cgifields" value="16"  /><input type="hidden" name=".cgifields" valu
Action.c(88):     e="44"  /><input type="hidden" name=".cgifields" value="55"  /><input type="hidden" name="
Action.c(88):     .cgifields" value="74"  /><input type="hidden" name=".cgifields" value="27"  /><input type
Action.c(88):     ="hidden" name=".cgifields" value="57"  /><input type="hidden" name=".cgifields" value="61
Action.c(88):     "  /><input type="hidden" name=".cgifields" value="20"  /><input type="hidden" name=".cgif
Action.c(88):     ields" value="10"  /><input type="hidden" name=".cgifields" value="31"  /><input type="hid
Action.c(88):     den" name=".cgifields" value="35"  /><input type="hidden" name=".cgifields" value="11"  />
Action.c(88):     <input type="hidden" name=".cgifields" value="78"  /><input type="hidden" name=".cgifields
Action.c(88):     " value="48"  /><input type="hidden" name=".cgifields" value="77"  /><input type="hidden" 
Action.c(88):     name=".cgifields" value="65"  /><input type="hidden" name=".cgifields" value="29"  /><inpu
Action.c(88):     t type="hidden" name=".cgifields" value="50"  /><input type="hidden" name=".cgifields" val
Action.c(88):     ue="39"  /><input type="hidden" name=".cgifields" value="64"  /><input type="hidden" name=
Action.c(88):     ".cgifields" value="58"  /><input type="hidden" name=".cgifields" value="41"  /><input typ
Action.c(88):     e="hidden" name=".cgifields" value="12"  /><input type="hidden" name=".cgifields" value="1
Action.c(88):     5"  /><input type="hidden" name=".cgifields" value="81"  /><input type="hidden" name=".cgi
Action.c(88):     fields" value="52"  /><input type="hidden" name=".cgifields" value="60"  /><input type="hi
Action.c(88):     dden" name=".cgifields" value="56"  /><input type="hidden" name=".cgifields" value="73"  /
Action.c(88):     ><input type="hidden" name=".cgifields" value="66"  /><input type="hidden" name=".cgifield
Action.c(88):     s" value="45"  /><input type="hidden" name=".cgifields" value="76"  /><input type="hidden"
Action.c(88):      name=".cgifields" value="19"  /><input type="hidden" name=".cgifields" value="62"  /><inp
Action.c(88):     ut type="hidden" name=".cgifields" value="54"  /><input type="hidden" name=".cgifields" va
Action.c(88):     lue="67"  /><input type="hidden" name=".cgifields" value="70"  /><input type="hidden" name
Action.c(88):     =".cgifields" value="68"  /><input type="hidden" name=".cgifields" value="2"  /><input typ
Action.c(88):     e="hidden" name=".cgifields" value="17"  /><input type="hidden" name=".cgifields" value="1
Action.c(88):     "  /><input type="hidden" name=".cgifields" value="30"  /><input type="hidden" name=".cgif
Action.c(88):     ields" value="25"  /><input type="hid
Action.c(88): Found resource "http://localhost:1080/WebTours/images/cancelreservation.gif" in HTML "http://localhost:1080/cgi-bin/itinerary.pl"  	[MsgId: MMSG-26659]
Action.c(88): Found resource "http://localhost:1080/WebTours/images/cancelallreservations.gif" in HTML "http://localhost:1080/cgi-bin/itinerary.pl"  	[MsgId: MMSG-26659]
Action.c(88): t=641757ms: 5-byte chunked response overhead for "http://localhost:1080/cgi-bin/itinerary.pl" (RelFrameId=1.2, Internal ID=152)
Action.c(88):     5df\r\n
Action.c(88): t=641757ms: 2-byte chunked response overhead for "http://localhost:1080/cgi-bin/itinerary.pl" (RelFrameId=1.2, Internal ID=152)
Action.c(88):     \r\n
Action.c(88): t=641757ms: 1503-byte chunked response body for "http://localhost:1080/cgi-bin/itinerary.pl" (RelFrameId=1.2, Internal ID=152)
Action.c(88):     den" name=".cgifields" value="28"  /><input type="hidden" name=".cgifields" value="75"  />
Action.c(88):     <input type="hidden" name=".cgifields" value="40"  /><input type="hidden" name=".cgifields
Action.c(88):     " value="14"  /><input type="hidden" name=".cgifields" value="69"  /><input type="hidden" 
Action.c(88):     name=".cgifields" value="59"  /><input type="hidden" name=".cgifields" value="49"  /><inpu
Action.c(88):     t type="hidden" name=".cgifields" value="24"  /><input type="hidden" name=".cgifields" val
Action.c(88):     ue="53"  /><input type="hidden" name=".cgifields" value="79"  /><input type="hidden" name=
Action.c(88):     ".cgifields" value="22"  /><input type="hidden" name=".cgifields" value="42"  /><input typ
Action.c(88):     e="hidden" name=".cgifields" value="46"  /><input type="hidden" name=".cgifields" value="2
Action.c(88):     3"  /><input type="hidden" name=".cgifields" value="13"  /><input type="hidden" name=".cgi
Action.c(88):     fields" value="6"  /><input type="hidden" name=".cgifields" value="3"  /><input type="hidd
Action.c(88):     en" name=".cgifields" value="36"  /><input type="hidden" name=".cgifields" value="9"  /><i
Action.c(88):     nput type="hidden" name=".cgifields" value="51"  /><input type="hidden" name=".cgifields" 
Action.c(88):     value="47"  /><input type="hidden" name=".cgifields" value="8"  /><input type="hidden" nam
Action.c(88):     e=".cgifields" value="38"  /><input type="hidden" name=".cgifields" value="4"  /><input ty
Action.c(88):     pe="hidden" name=".cgifields" value="34"  /><input type="hidden" name=".cgifields" value="
Action.c(88):     37"  /><input type="hidden" name=".cgifields" value="43"  /><input type="hidden" name=".cg
Action.c(88):     ifields" value="5"  /></div></form>\n
Action.c(88):     \n
Action.c(88):     </center>\n
Action.c(88):     \n
Action.c(88):     </body>\n
Action.c(88):     </html>
Action.c(88): t=641757ms: Already connected [2] to localhost:1080  	[MsgId: MMSG-26000]
Action.c(88): t=641757ms: 760-byte request headers for "http://localhost:1080/WebTours/images/cancelallreservations.gif" (RelFrameId=, Internal ID=158)
Action.c(88):     GET /WebTours/images/cancelallreservations.gif HTTP/1.1\r\n
Action.c(88):     Referer: http://localhost:1080/cgi-bin/itinerary.pl\r\n
Action.c(88):     Sec-Fetch-Dest: frame\r\n
Action.c(88):     Sec-Fetch-Mode: navigate\r\n
Action.c(88):     Sec-Fetch-Site: same-origin\r\n
Action.c(88):     Upgrade-Insecure-Requests: 1\r\n
Action.c(88):     sec-ch-ua: "Not_A Brand";v="99", "Google Chrome";v="109", "Chromium";v="109"\r\n
Action.c(88):     sec-ch-ua-mobile: ?0\r\n
Action.c(88):     sec-ch-ua-platform: "Windows"\r\n
Action.c(88):     User-Agent: Mozilla/5.0 (Windows NT 10.0; Win64; x64) AppleWebKit/537.36 (KHTML, like Geck
Action.c(88):     o) Chrome/109.0.0.0 Safari/537.36\r\n
Action.c(88):     Accept-Encoding: gzip, deflate, br\r\n
Action.c(88):     Accept-Language: ru-RU,ru;q=0.9,en-US;q=0.8,en;q=0.7\r\n
Action.c(88):     Accept: */*\r\n
Action.c(88):     Connection: Keep-Alive\r\n
Action.c(88):     Host: localhost:1080\r\n
Action.c(88):     Cookie: MSO=SID&1675591918; MTUserInfo=firstName&Rob&address2&&username&rob&hash&2&lastNam
Action.c(88):     e&Koch%0A&address1&&creditCard&&expDate&%0A\r\n
Action.c(88):     \r\n
Action.c(88): t=641757ms: Already connected [0] to localhost:1080  	[MsgId: MMSG-26000]
Action.c(88): t=641757ms: 756-byte request headers for "http://localhost:1080/WebTours/images/cancelreservation.gif" (RelFrameId=, Internal ID=157)
Action.c(88):     GET /WebTours/images/cancelreservation.gif HTTP/1.1\r\n
Action.c(88):     Referer: http://localhost:1080/cgi-bin/itinerary.pl\r\n
Action.c(88):     Sec-Fetch-Dest: frame\r\n
Action.c(88):     Sec-Fetch-Mode: navigate\r\n
Action.c(88):     Sec-Fetch-Site: same-origin\r\n
Action.c(88):     Upgrade-Insecure-Requests: 1\r\n
Action.c(88):     sec-ch-ua: "Not_A Brand";v="99", "Google Chrome";v="109", "Chromium";v="109"\r\n
Action.c(88):     sec-ch-ua-mobile: ?0\r\n
Action.c(88):     sec-ch-ua-platform: "Windows"\r\n
Action.c(88):     User-Agent: Mozilla/5.0 (Windows NT 10.0; Win64; x64) AppleWebKit/537.36 (KHTML, like Geck
Action.c(88):     o) Chrome/109.0.0.0 Safari/537.36\r\n
Action.c(88):     Accept-Encoding: gzip, deflate, br\r\n
Action.c(88):     Accept-Language: ru-RU,ru;q=0.9,en-US;q=0.8,en;q=0.7\r\n
Action.c(88):     Accept: */*\r\n
Action.c(88):     Connection: Keep-Alive\r\n
Action.c(88):     Host: localhost:1080\r\n
Action.c(88):     Cookie: MSO=SID&1675591918; MTUserInfo=firstName&Rob&address2&&username&rob&hash&2&lastNam
Action.c(88):     e&Koch%0A&address1&&creditCard&&expDate&%0A\r\n
Action.c(88):     \r\n
Action.c(88): t=641759ms: 298-byte response headers for "http://localhost:1080/WebTours/images/cancelallreservations.gif" (RelFrameId=, Internal ID=158)
Action.c(88):     HTTP/1.1 200 OK\r\n
Action.c(88):     Date: Sun, 05 Feb 2023 10:12:09 GMT\r\n
Action.c(88):     Server: Apache/2.2.21 (Win32)\r\n
Action.c(88):     Last-Modified: Thu, 12 Jan 2012 13:30:28 GMT\r\n
Action.c(88):     ETag: "2d000000037a72-2e6-4b654c0620500"\r\n
Action.c(88):     Accept-Ranges: bytes\r\n
Action.c(88):     Content-Length: 742\r\n
Action.c(88):     Keep-Alive: timeout=5, max=99\r\n
Action.c(88):     Connection: Keep-Alive\r\n
Action.c(88):     Content-Type: image/gif\r\n
Action.c(88):     \r\n
Action.c(88): t=641759ms: 742-byte response body for "http://localhost:1080/WebTours/images/cancelallreservations.gif" (RelFrameId=, Internal ID=158)
Action.c(88): t=641759ms: Request done "http://localhost:1080/WebTours/images/cancelallreservations.gif"  	[MsgId: MMSG-26000]
Action.c(88): t=641759ms: 298-byte response headers for "http://localhost:1080/WebTours/images/cancelreservation.gif" (RelFrameId=, Internal ID=157)
Action.c(88):     HTTP/1.1 200 OK\r\n
Action.c(88):     Date: Sun, 05 Feb 2023 10:12:09 GMT\r\n
Action.c(88):     Server: Apache/2.2.21 (Win32)\r\n
Action.c(88):     Last-Modified: Thu, 12 Jan 2012 13:30:28 GMT\r\n
Action.c(88):     ETag: "24000000037a78-33f-4b654c0620500"\r\n
Action.c(88):     Accept-Ranges: bytes\r\n
Action.c(88):     Content-Length: 831\r\n
Action.c(88):     Keep-Alive: timeout=5, max=98\r\n
Action.c(88):     Connection: Keep-Alive\r\n
Action.c(88):     Content-Type: image/gif\r\n
Action.c(88):     \r\n
Action.c(88): t=641759ms: 831-byte response body for "http://localhost:1080/WebTours/images/cancelreservation.gif" (RelFrameId=, Internal ID=157)
Action.c(88): t=641759ms: Request done "http://localhost:1080/WebTours/images/cancelreservation.gif"  	[MsgId: MMSG-26000]
Action.c(88): t=641761ms: 5-byte chunked response overhead for "http://localhost:1080/cgi-bin/itinerary.pl" (RelFrameId=1.2, Internal ID=152)
Action.c(88):     0\r\n
Action.c(88):     \r\n
Action.c(88): t=641761ms: Request done "http://localhost:1080/cgi-bin/itinerary.pl"  	[MsgId: MMSG-26000]
Action.c(88): web_image("Itinerary Button") was successful, 100654 body bytes, 2311 header bytes, 219 chunking overhead bytes  	[MsgId: MMSG-26385]
Action.c(93): Notify: Transaction "itinerary" ended with a "Pass" status (Duration: 0,2885 Wasted Time: 0,0006).	[MsgId: MMSG-16871]
Action.c(96): lr_think_time: 5,00 seconds.	[MsgId: MMSG-15948]
Action.c(99): Notify: Transaction "delete_booking" started.	[MsgId: MMSG-16999]
Action.c(101): web_add_header("Origin") started  	[MsgId: MMSG-26355]
Action.c(101): An unrecognized header ("Origin") is being added  	[MsgId: MMSG-26595]
Action.c(101): "Origin: http://localhost:1080" header registered for adding to requests from the immediately following Action function  	[MsgId: MMSG-26506]
Action.c(101): web_add_header("Origin") was successful  	[MsgId: MMSG-26392]
Action.c(104): web_add_auto_header("Sec-Fetch-User") started  	[MsgId: MMSG-26355]
Action.c(104): An unrecognized header ("Sec-Fetch-User") is being added  	[MsgId: MMSG-26595]
Action.c(104): "Sec-Fetch-User: ?1" header registered for adding to requests from all following Action functions  	[MsgId: MMSG-26505]
Action.c(104): web_add_auto_header("Sec-Fetch-User") was successful  	[MsgId: MMSG-26392]
Action.c(108): web_reg_find started  	[MsgId: MMSG-26355]
Action.c(108): Notify: Parameter Substitution: parameter "login" =  "rob"	[MsgId: MMSG-13992]
Action.c(108): Registering web_reg_find was successful  	[MsgId: MMSG-26390]
Action.c(112): web_reg_find started  	[MsgId: MMSG-26355]
Action.c(112): Notify: Parameter Substitution: parameter "flightID" =  "86857043-108490-RK"	[MsgId: MMSG-13992]
Action.c(112): Registering web_reg_find was successful  	[MsgId: MMSG-26390]
Action.c(117): web_submit_form("itinerary.pl") started  	[MsgId: MMSG-26355]
Action.c(117): Submitting form to "http://localhost:1080/cgi-bin/itinerary.pl", Target Frame=""  	[MsgId: MMSG-27978]
Action.c(117): t=646777ms: Closed connection [0] to localhost:1080 after completing 3 request(s)  	[MsgId: MMSG-26000]
Action.c(117): t=646778ms: Connecting [0] to host 127.0.0.1:1080  	[MsgId: MMSG-26000]
Action.c(117): t=646779ms: Connected socket [0] from 127.0.0.1:61816 to 127.0.0.1:1080 in 1 ms  	[MsgId: MMSG-26000]
Action.c(117): t=646779ms: 862-byte request headers for "http://localhost:1080/cgi-bin/itinerary.pl" (RelFrameId=1, Internal ID=159)
Action.c(117):     POST /cgi-bin/itinerary.pl HTTP/1.1\r\n
Action.c(117):     Content-Type: application/x-www-form-urlencoded\r\n
Action.c(117):     Referer: http://localhost:1080/cgi-bin/itinerary.pl\r\n
Action.c(117):     Origin: http://localhost:1080\r\n
Action.c(117):     Sec-Fetch-Dest: frame\r\n
Action.c(117):     Sec-Fetch-Mode: navigate\r\n
Action.c(117):     Sec-Fetch-Site: same-origin\r\n
Action.c(117):     Upgrade-Insecure-Requests: 1\r\n
Action.c(117):     sec-ch-ua: "Not_A Brand";v="99", "Google Chrome";v="109", "Chromium";v="109"\r\n
Action.c(117):     sec-ch-ua-mobile: ?0\r\n
Action.c(117):     sec-ch-ua-platform: "Windows"\r\n
Action.c(117):     Sec-Fetch-User: ?1\r\n
Action.c(117):     User-Agent: Mozilla/5.0 (Windows NT 10.0; Win64; x64) AppleWebKit/537.36 (KHTML, like Geck
Action.c(117):     o) Chrome/109.0.0.0 Safari/537.36\r\n
Action.c(117):     Accept-Encoding: gzip, deflate, br\r\n
Action.c(117):     Accept-Language: ru-RU,ru;q=0.9,en-US;q=0.8,en;q=0.7\r\n
Action.c(117):     Accept: */*\r\n
Action.c(117):     Connection: Keep-Alive\r\n
Action.c(117):     Host: localhost:1080\r\n
Action.c(117):     Cookie: MSO=SID&1675591918; MTUserInfo=firstName&Rob&address2&&username&rob&hash&2&lastNam
Action.c(117):     e&Koch%0A&address1&&creditCard&&expDate&%0A\r\n
Action.c(117):     Content-Length: 3296\r\n
Action.c(117):     \r\n
Action.c(117): t=646779ms: 3296-byte request body for "http://localhost:1080/cgi-bin/itinerary.pl" (RelFrameId=1, Internal ID=159)
Action.c(117):     1=on&flightID=86857043-108490-RK&flightID=86862972-156192-RK&flightID=86877433-3046262-RK&
Action.c(117):     flightID=868848205-3831008-RK&flightID=86864825-425428-RK&flightID=86852616-4769328-RK&fli
Action.c(117):     ghtID=868848222-6138771-RK&flightID=8688541-684709-RK&flightID=86851-692-RK&flightID=86880
Action.c(117):     3-8284-RK&flightID=86877064-9123190-RK&flightID=868614855-9707861-RK&flightID=868885-10761
Action.c(117):     -RK&flightID=86853352-11077001-RK&flightID=86878539-11746240-RK&flightID=86875189-1258478-
Action.c(117):     RK&flightID=86861131-13477008-RK&flightID=8685938-140052-RK&flightID=8686691-1492408-RK&fl
Action.c(117):     ightID=86866324-16100107-RK&flightID=86861131-16553931-RK&flightID=86859282-16938559-RK&fl
Action.c(117):     ightID=8687299-1826937-RK&flightID=86854464-19000084-RK&flightID=86869291-19800133-RK&flig
Action.c(117):     htID=868559-20084-RK&flightID=868685228-21184794-RK&flightID=868722-21961-RK&flightID=8688
Action.c(117):     7061-22761641-RK&flightID=86870389-23115463-RK&flightID=86865562-2440796-RK&flightID=86858
Action.c(117):     183-25161685-RK&flightID=86878167-25515463-RK&flightID=86883730-26677036-RK&flightID=86859
Action.c(117):     49-2707790-RK&flightID=868848205-28446393-RK&flightID=868711149-28654006-RK&flightID=86881
Action.c(117):     127-2997761-RK&flightID=86872967-3057710-RK&flightID=86875588-31123215-RK&flightID=8685334
Action.c(117):     6-3184669-RK&flightID=868733389-32961770-RK&flightID=868885-33838-RK&flightID=86858899-345
Action.c(117):     4659-RK&flightID=86883730-35138574-RK&flightID=86877064-36046266-RK&flightID=868559-36238-
Action.c(117):     RK&flightID=86862972-3694654-RK&flightID=86875930-3812324-RK&flightID=8687520-3873855-RK&f
Action.c(117):     lightID=86863349-39330848-RK&flightID=86885207-40069324-RK&flightID=868807463-41438692-RK&
Action.c(117):     flightID=868837088-42061750-RK&flightID=86861882-42861664-RK&flightID=86865189-4356171-RK&
Action.c(117):     flightID=868711149-44038621-RK&flightID=86-44-RK&flightID=86-45-&flightID=86-46-&flightID=
Action.c(117):     86-46-&flightID=86-47-&flightID=86-48-&flightID=86-49-&flightID=868519-5-&flightID=868518-
Action.c(117):     5-&flightID=86873728-52269333-&flightID=868519-5-RK&flightID=868519-5-&flightID=868519-5-&
Action.c(117):     flightID=868519-5-&flightID=86853352-55692385-&flightID=8687976-5-RK&flightID=868638192-5-
Action.c(117):     &flightID=8687599-5-&flightID=86861253-5-&flightID=868560-5-RK&flightID=86858175-6-RK&flig
Action.c(117):     htID=86866324-6-RK&flightID=86865225-6-RK&flightID=86881175-6-RK&.cgifields=33&.cgifields=
Action.c(117):     32&.cgifields=63&.cgifields=21&.cgifields=71&.cgifields=7&.cgifields=80&.cgifields=26&.cgi
Action.c(117):     fields=18&.cgifields=72&.cgifields=16&.cgifields=44&.cgifields=55&.cgifields=74&.cgifields
Action.c(117):     =27&.cgifields=57&.cgifields=61&.cgifields=20&.cgifields=10&.cgifields=31&.cgifields=35&.c
Action.c(117):     gifields=11&.cgifields=78&.cgifields=48&.cgifields=77&.cgifields=65&.cgifields=29&.cgifiel
Action.c(117):     ds=50&.cgifields=39&.cgifields=64&.cgifields=58&.cgifields=41&.cgifields=12&.cgifields=15&
Action.c(117):     .cgifields=81&.cgifields=52&.cgifields=60&.cgifields=56&.cgifields=73&.cgifields=66&.cgifi
Action.c(117):     elds=45&.cgifields=76&.cgifields=19&.cgifields=62&.cgifields=54&.cgifields=67&.cgifields=7
Action.c(117):     0&.cgifields=68&.cgifields=2&.cgifields=17&.cgifields=1&.cgifields=30&.cgifields=25&.cgifi
Action.c(117):     elds=28&.cgifields=75&.cgifields=40&.cgifields=14&.cgifields=69&.cgifields=59&.cgifields=4
Action.c(117):     9&.cgifields=24&.cgifields=53&.cgifields=79&.cgifields=22&.cgifields=42&.cgifields=46&.cgi
Action.c(117):     fields=23&.cgifields=13&.cgifields=6&.cgifields=3&.cgifields=36&.cgifields=9&.cgifields=51
Action.c(117):     &.cgifields=47&.cgifields=8&.cgifields=38&.cgifields=4&.cgifields=34&.cgifields=37&.cgifie
Action.c(117):     lds=43&.cgifields=5&removeFlights.x=77&removeFlights.y=6
Action.c(117): t=646780ms: Inactive socket [2] was closed by localhost:1080, probably due to Keep-Alive timeout  	[MsgId: MMSG-26000]
Action.c(117): t=646780ms: Closed connection [2] to localhost:1080 after completing 2 request(s)  	[MsgId: MMSG-26000]
Action.c(117): t=646780ms: Inactive socket [3] was closed by localhost:1080, probably due to Keep-Alive timeout  	[MsgId: MMSG-26000]
Action.c(117): t=646780ms: Closed connection [3] to localhost:1080 after completing 1 request(s)  	[MsgId: MMSG-26000]
Action.c(117): t=646780ms: Inactive socket [4] was closed by localhost:1080, probably due to Keep-Alive timeout  	[MsgId: MMSG-26000]
Action.c(117): t=646780ms: Closed connection [4] to localhost:1080 after completing 1 request(s)  	[MsgId: MMSG-26000]
Action.c(117): t=646780ms: Inactive socket [5] was closed by localhost:1080, probably due to Keep-Alive timeout  	[MsgId: MMSG-26000]
Action.c(117): t=646780ms: Closed connection [5] to localhost:1080 after completing 1 request(s)  	[MsgId: MMSG-26000]
Action.c(117): t=646858ms: Inactive socket [1] was closed by localhost:1080, probably due to Keep-Alive timeout  	[MsgId: MMSG-26000]
Action.c(117): t=646858ms: Closed connection [1] to localhost:1080 after completing 1 request(s)  	[MsgId: MMSG-26000]
Action.c(117): t=646961ms: 256-byte response headers for "http://localhost:1080/cgi-bin/itinerary.pl" (RelFrameId=1, Internal ID=159)
Action.c(117):     HTTP/1.1 200 OK\r\n
Action.c(117):     Date: Sun, 05 Feb 2023 10:12:14 GMT\r\n
Action.c(117):     Server: Apache/2.2.21 (Win32)\r\n
Action.c(117):     Expires: Sat, 04 Feb 2023 10:12:14 GMT\r\n
Action.c(117):     Keep-Alive: timeout=5, max=100\r\n
Action.c(117):     Connection: Keep-Alive\r\n
Action.c(117):     Transfer-Encoding: chunked\r\n
Action.c(117):     Content-Type: text/html; charset=ISO-8859-1\r\n
Action.c(117):     \r\n
Action.c(117): t=646961ms: 5-byte chunked response overhead for "http://localhost:1080/cgi-bin/itinerary.pl" (RelFrameId=1, Internal ID=159)
Action.c(117):     3a4\r\n
Action.c(117): t=646961ms: 2-byte chunked response overhead for "http://localhost:1080/cgi-bin/itinerary.pl" (RelFrameId=1, Internal ID=159)
Action.c(117):     \r\n
Action.c(117): t=646961ms: 932-byte chunked response body for "http://localhost:1080/cgi-bin/itinerary.pl" (RelFrameId=1, Internal ID=159)
Action.c(117):     <!DOCTYPE html\n
Action.c(117):     \tPUBLIC "-//W3C//DTD XHTML 1.0 Transitional//EN"\n
Action.c(117):     \t "http://www.w3.org/TR/xhtml1/DTD/xhtml1-transitional.dtd">\n
Action.c(117):     <html xmlns="http://www.w3.org/1999/xhtml" lang="en-US" xml:lang="en-US">\n
Action.c(117):     <head>\n
Action.c(117):     <title>Flights List</title>\n
Action.c(117):     <meta http-equiv="Content-Type" content="text/html; charset=iso-8859-1" />\n
Action.c(117):     </head>\n
Action.c(117):     <body bgcolor="#E0E7F1">\n
Action.c(117):     <style>blockquote {font-family: tahoma; font-size : 10pt}H1 {font-family: tahoma; font-siz
Action.c(117):     e : 22pt; color: #993333}small {font-family: tahoma; font-size : 8pt}H3 {font-family: taho
Action.c(117):     ma; font-size : 10pt; color: black}TD {font-family: tahoma; font-size : 8pt; color: black}
Action.c(117):     </style><BR/><BR/><h1>&nbsp;&nbsp;<b>Itinerary</b></h1>\n
Action.c(117):     <blockquote><P break>Unfortunately, we could not delete your entire itinerary because of a
Action.c(117):      database synchronization error.  If you could please re-load your itinerary and try again
Action.c(117):     , we would appreciate it.  Thank you for your patience.</blockquote>\n
Action.c(117):     </body>\n
Action.c(117):     </html>
Action.c(117): t=646968ms: 5-byte chunked response overhead for "http://localhost:1080/cgi-bin/itinerary.pl" (RelFrameId=1, Internal ID=159)
Action.c(117):     0\r\n
Action.c(117):     \r\n
Action.c(117): t=646968ms: Request done "http://localhost:1080/cgi-bin/itinerary.pl"  	[MsgId: MMSG-26000]
Action.c(117): Error -26366: "Text=rob" not found for web_reg_find  	[MsgId: MERR-26366]
End auto log messages stack.	[MsgId: MMSG-10544]


Start auto log messages stack - Iteration 7.	[MsgId: MMSG-10545]
Starting action Action.	[MsgId: MMSG-15919]
Action.c(3): Notify: Transaction "UC6_Del_Booking" started.	[MsgId: MMSG-16999]
Action.c(5): Notify: Transaction "open_site" started.	[MsgId: MMSG-16999]
Action.c(8): web_set_sockets_option started  	[MsgId: MMSG-26355]
Action.c(8): web_set_sockets_option was successful  	[MsgId: MMSG-26392]
Action.c(10): web_add_auto_header("Sec-Fetch-Dest") started  	[MsgId: MMSG-26355]
Action.c(10): An unrecognized header ("Sec-Fetch-Dest") is being added  	[MsgId: MMSG-26595]
Action.c(10): "Sec-Fetch-Dest: frame" header registered for adding to requests from all following Action functions  	[MsgId: MMSG-26505]
Action.c(10): web_add_auto_header("Sec-Fetch-Dest") was successful  	[MsgId: MMSG-26392]
Action.c(13): web_add_auto_header("Sec-Fetch-Mode") started  	[MsgId: MMSG-26355]
Action.c(13): An unrecognized header ("Sec-Fetch-Mode") is being added  	[MsgId: MMSG-26595]
Action.c(13): "Sec-Fetch-Mode: navigate" header registered for adding to requests from all following Action functions  	[MsgId: MMSG-26505]
Action.c(13): web_add_auto_header("Sec-Fetch-Mode") was successful  	[MsgId: MMSG-26392]
Action.c(16): web_add_auto_header("Sec-Fetch-Site") started  	[MsgId: MMSG-26355]
Action.c(16): An unrecognized header ("Sec-Fetch-Site") is being added  	[MsgId: MMSG-26595]
Action.c(16): "Sec-Fetch-Site: same-origin" header registered for adding to requests from all following Action functions  	[MsgId: MMSG-26505]
Action.c(16): web_add_auto_header("Sec-Fetch-Site") was successful  	[MsgId: MMSG-26392]
Action.c(19): web_add_auto_header("Upgrade-Insecure-Requests") started  	[MsgId: MMSG-26355]
Action.c(19): An unrecognized header ("Upgrade-Insecure-Requests") is being added  	[MsgId: MMSG-26595]
Action.c(19): "Upgrade-Insecure-Requests: 1" header registered for adding to requests from all following Action functions  	[MsgId: MMSG-26505]
Action.c(19): web_add_auto_header("Upgrade-Insecure-Requests") was successful  	[MsgId: MMSG-26392]
Action.c(22): web_add_auto_header("sec-ch-ua") started  	[MsgId: MMSG-26355]
Action.c(22): An unrecognized header ("sec-ch-ua") is being added  	[MsgId: MMSG-26595]
Action.c(22): "sec-ch-ua: "Not_A Brand";v="99", "Google Chrome";v="109", "Chromium";v="109"" header registered for adding to requests from all following Action functions  	[MsgId: MMSG-26505]
Action.c(22): web_add_auto_header("sec-ch-ua") was successful  	[MsgId: MMSG-26392]
Action.c(25): web_add_auto_header("sec-ch-ua-mobile") started  	[MsgId: MMSG-26355]
Action.c(25): An unrecognized header ("sec-ch-ua-mobile") is being added  	[MsgId: MMSG-26595]
Action.c(25): "sec-ch-ua-mobile: ?0" header registered for adding to requests from all following Action functions  	[MsgId: MMSG-26505]
Action.c(25): web_add_auto_header("sec-ch-ua-mobile") was successful  	[MsgId: MMSG-26392]
Action.c(28): web_add_auto_header("sec-ch-ua-platform") started  	[MsgId: MMSG-26355]
Action.c(28): An unrecognized header ("sec-ch-ua-platform") is being added  	[MsgId: MMSG-26595]
Action.c(28): "sec-ch-ua-platform: "Windows"" header registered for adding to requests from all following Action functions  	[MsgId: MMSG-26505]
Action.c(28): web_add_auto_header("sec-ch-ua-platform") was successful  	[MsgId: MMSG-26392]
Action.c(31): web_reg_find started  	[MsgId: MMSG-26355]
Action.c(31): Registering web_reg_find was successful  	[MsgId: MMSG-26390]
Action.c(36): web_url("welcome.pl") started  	[MsgId: MMSG-26355]
Action.c(36): t=721046ms: Connecting [0] to host 127.0.0.1:1080  	[MsgId: MMSG-26000]
Action.c(36): t=721047ms: Connected socket [0] from 127.0.0.1:62006 to 127.0.0.1:1080 in 1 ms  	[MsgId: MMSG-26000]
Action.c(36): t=721047ms: 604-byte request headers for "http://localhost:1080/cgi-bin/welcome.pl?signOff=true" (RelFrameId=1, Internal ID=139)
Action.c(36):     GET /cgi-bin/welcome.pl?signOff=true HTTP/1.1\r\n
Action.c(36):     Referer: http://localhost:1080/WebTours/\r\n
Action.c(36):     Sec-Fetch-Dest: frame\r\n
Action.c(36):     Sec-Fetch-Mode: navigate\r\n
Action.c(36):     Sec-Fetch-Site: same-origin\r\n
Action.c(36):     Upgrade-Insecure-Requests: 1\r\n
Action.c(36):     sec-ch-ua: "Not_A Brand";v="99", "Google Chrome";v="109", "Chromium";v="109"\r\n
Action.c(36):     sec-ch-ua-mobile: ?0\r\n
Action.c(36):     sec-ch-ua-platform: "Windows"\r\n
Action.c(36):     User-Agent: Mozilla/5.0 (Windows NT 10.0; Win64; x64) AppleWebKit/537.36 (KHTML, like Geck
Action.c(36):     o) Chrome/109.0.0.0 Safari/537.36\r\n
Action.c(36):     Accept-Encoding: gzip, deflate, br\r\n
Action.c(36):     Accept-Language: ru-RU,ru;q=0.9,en-US;q=0.8,en;q=0.7\r\n
Action.c(36):     Accept: */*\r\n
Action.c(36):     Connection: Keep-Alive\r\n
Action.c(36):     Host: localhost:1080\r\n
Action.c(36):     \r\n
Action.c(36): t=721191ms: 328-byte response headers for "http://localhost:1080/cgi-bin/welcome.pl?signOff=true" (RelFrameId=1, Internal ID=139)
Action.c(36):     HTTP/1.1 200 OK\r\n
Action.c(36):     Date: Sun, 05 Feb 2023 10:13:28 GMT\r\n
Action.c(36):     Server: Apache/2.2.21 (Win32)\r\n
Action.c(36):     Set-Cookie: MSO=SID&1675592008; path=/\r\n
Action.c(36):     Set-Cookie: MTUserInfo=; path=/; expires=Sat, 04-Feb-2023 10:13:28 GMT\r\n
Action.c(36):     Keep-Alive: timeout=5, max=100\r\n
Action.c(36):     Connection: Keep-Alive\r\n
Action.c(36):     Transfer-Encoding: chunked\r\n
Action.c(36):     Content-Type: text/html; charset=ISO-8859-1\r\n
Action.c(36):     \r\n
Action.c(36): t=721191ms: 5-byte chunked response overhead for "http://localhost:1080/cgi-bin/welcome.pl?signOff=true" (RelFrameId=1, Internal ID=139)
Action.c(36):     2ae\r\n
Action.c(36): t=721191ms: 2-byte chunked response overhead for "http://localhost:1080/cgi-bin/welcome.pl?signOff=true" (RelFrameId=1, Internal ID=139)
Action.c(36):     \r\n
Action.c(36): t=721191ms: 686-byte chunked response body for "http://localhost:1080/cgi-bin/welcome.pl?signOff=true" (RelFrameId=1, Internal ID=139)
Action.c(36):     <!-- \n
Action.c(36):      A Session ID has been created and loaded into a cookie called MSO.\n
Action.c(36):      Also, the server options have been loaded into the cookie called\n
Action.c(36):      MSO as well.  The server options can be set via the Admin page.\n
Action.c(36):      --->\n
Action.c(36):     \n
Action.c(36):     <html>\n
Action.c(36):     <title>Web Tours</title>\n
Action.c(36):        <!-- Frame Set -->\n
Action.c(36):        <frameset cols="160,*" border="1" frameborder="1">\n
Action.c(36):           <!-- Navigation Frame -->\n
Action.c(36):           <frame src="nav.pl?in=home" name="navbar" marginheight="2" marginwidth="2" \n
Action.c(36):                 noresize="noresize" scrolling="auto"/>\n
Action.c(36):           <!-- Home Frame -->\n
Action.c(36):           <frame src="/WebTours/home.html" name="info" marginheight="2" marginwidth="2" \n
Action.c(36):                 noresize="noresize" scrolling="auto"/>\n
Action.c(36):        </frameset>\n
Action.c(36):     </html>\n
Action.c(36):     \n
Action.c(36):     </body>\n
Action.c(36):     </html>
Action.c(36): Detected non-resource "http://localhost:1080/cgi-bin/nav.pl?in=home" in "http://localhost:1080/cgi-bin/welcome.pl?signOff=true"  	[MsgId: MMSG-26574]
Action.c(36): Detected non-resource "http://localhost:1080/WebTours/home.html" in "http://localhost:1080/cgi-bin/welcome.pl?signOff=true"  	[MsgId: MMSG-26574]
Action.c(36): t=721192ms: Connecting [1] to host 127.0.0.1:1080  	[MsgId: MMSG-26000]
Action.c(36): t=721194ms: Connecting [2] to host 127.0.0.1:1080  	[MsgId: MMSG-26000]
Action.c(36): t=721195ms: Connected socket [1] from 127.0.0.1:62007 to 127.0.0.1:1080 in 3 ms  	[MsgId: MMSG-26000]
Action.c(36): t=721195ms: 645-byte request headers for "http://localhost:1080/cgi-bin/nav.pl?in=home" (RelFrameId=1.1, Internal ID=140)
Action.c(36):     GET /cgi-bin/nav.pl?in=home HTTP/1.1\r\n
Action.c(36):     Referer: http://localhost:1080/cgi-bin/welcome.pl?signOff=true\r\n
Action.c(36):     Sec-Fetch-Dest: frame\r\n
Action.c(36):     Sec-Fetch-Mode: navigate\r\n
Action.c(36):     Sec-Fetch-Site: same-origin\r\n
Action.c(36):     Upgrade-Insecure-Requests: 1\r\n
Action.c(36):     sec-ch-ua: "Not_A Brand";v="99", "Google Chrome";v="109", "Chromium";v="109"\r\n
Action.c(36):     sec-ch-ua-mobile: ?0\r\n
Action.c(36):     sec-ch-ua-platform: "Windows"\r\n
Action.c(36):     User-Agent: Mozilla/5.0 (Windows NT 10.0; Win64; x64) AppleWebKit/537.36 (KHTML, like Geck
Action.c(36):     o) Chrome/109.0.0.0 Safari/537.36\r\n
Action.c(36):     Accept-Encoding: gzip, deflate, br\r\n
Action.c(36):     Accept-Language: ru-RU,ru;q=0.9,en-US;q=0.8,en;q=0.7\r\n
Action.c(36):     Accept: */*\r\n
Action.c(36):     Connection: Keep-Alive\r\n
Action.c(36):     Host: localhost:1080\r\n
Action.c(36):     Cookie: MSO=SID&1675592008\r\n
Action.c(36):     \r\n
Action.c(36): t=721196ms: Connected socket [2] from 127.0.0.1:62008 to 127.0.0.1:1080 in 2 ms  	[MsgId: MMSG-26000]
Action.c(36): t=721196ms: 641-byte request headers for "http://localhost:1080/WebTours/home.html" (RelFrameId=1.2, Internal ID=141)
Action.c(36):     GET /WebTours/home.html HTTP/1.1\r\n
Action.c(36):     Referer: http://localhost:1080/cgi-bin/welcome.pl?signOff=true\r\n
Action.c(36):     Sec-Fetch-Dest: frame\r\n
Action.c(36):     Sec-Fetch-Mode: navigate\r\n
Action.c(36):     Sec-Fetch-Site: same-origin\r\n
Action.c(36):     Upgrade-Insecure-Requests: 1\r\n
Action.c(36):     sec-ch-ua: "Not_A Brand";v="99", "Google Chrome";v="109", "Chromium";v="109"\r\n
Action.c(36):     sec-ch-ua-mobile: ?0\r\n
Action.c(36):     sec-ch-ua-platform: "Windows"\r\n
Action.c(36):     User-Agent: Mozilla/5.0 (Windows NT 10.0; Win64; x64) AppleWebKit/537.36 (KHTML, like Geck
Action.c(36):     o) Chrome/109.0.0.0 Safari/537.36\r\n
Action.c(36):     Accept-Encoding: gzip, deflate, br\r\n
Action.c(36):     Accept-Language: ru-RU,ru;q=0.9,en-US;q=0.8,en;q=0.7\r\n
Action.c(36):     Accept: */*\r\n
Action.c(36):     Connection: Keep-Alive\r\n
Action.c(36):     Host: localhost:1080\r\n
Action.c(36):     Cookie: MSO=SID&1675592008\r\n
Action.c(36):     \r\n
Action.c(36): t=721197ms: 5-byte chunked response overhead for "http://localhost:1080/cgi-bin/welcome.pl?signOff=true" (RelFrameId=1, Internal ID=139)
Action.c(36):     0\r\n
Action.c(36):     \r\n
Action.c(36): t=721197ms: Request done "http://localhost:1080/cgi-bin/welcome.pl?signOff=true"  	[MsgId: MMSG-26000]
Action.c(36): t=721198ms: 300-byte response headers for "http://localhost:1080/WebTours/home.html" (RelFrameId=1.2, Internal ID=141)
Action.c(36):     HTTP/1.1 200 OK\r\n
Action.c(36):     Date: Sun, 05 Feb 2023 10:13:28 GMT\r\n
Action.c(36):     Server: Apache/2.2.21 (Win32)\r\n
Action.c(36):     Last-Modified: Mon, 27 May 2013 11:20:22 GMT\r\n
Action.c(36):     ETag: "26000000037a5a-551-4ddb1559ac980"\r\n
Action.c(36):     Accept-Ranges: bytes\r\n
Action.c(36):     Content-Length: 1361\r\n
Action.c(36):     Keep-Alive: timeout=5, max=100\r\n
Action.c(36):     Connection: Keep-Alive\r\n
Action.c(36):     Content-Type: text/html\r\n
Action.c(36):     \r\n
Action.c(36): t=721198ms: 1361-byte response body for "http://localhost:1080/WebTours/home.html" (RelFrameId=1.2, Internal ID=141)
Action.c(36):     <HTML>\n
Action.c(36):     <HEAD>\n
Action.c(36):     \t<title>Web Tours</title>\n
Action.c(36):     </HEAD>\n
Action.c(36):     <style>\n
Action.c(36):     \tblockquote {font-family: tahoma; font-size : 10pt}\n
Action.c(36):     \tH1 {font-family: tahoma; font-size : 22pt; color: #003366}\n
Action.c(36):     \tsmall {font-family: tahoma; font-size : 8pt}\n
Action.c(36):     \tH3{font-family: tahoma; font-size : 10pt; color: black}\n
Action.c(36):     \tA {FONT-WEIGHT: bold; FONT-SIZE: 10pt; COLOR: black; FONT-FAMILY: Tahoma; TEXT-DECORATIO
Action.c(36):     N: none}\n
Action.c(36):     \tA:hover{ FONT-WEIGHT: bold; FONT-SIZE: 10pt; COLOR: #993333; FONT-FAMILY: Tahoma;TEXT-DE
Action.c(36):     CORATION: underline}\n
Action.c(36):     \tTD {font-family: tahoma; font-size : 10pt; color: black}\n
Action.c(36):     </style>\n
Action.c(36):     <body bgcolor="#e0e7f1">\n
Action.c(36):     <BR/>\n
Action.c(36):     <BR/>\n
Action.c(36):     <BR/>\n
Action.c(36):     <br/>\n
Action.c(36):     <table border="0">\n
Action.c(36):     <tr><td></td></tr>\n
Action.c(36):     <TR><TD></TD></TR>\n
Action.c(36):     <TR><TD>\n
Action.c(36):     <blockquote>\n
Action.c(36):     <H1><b>Web Tours</b></H1>\n
Action.c(36):     Welcome to the Web Tours site.\n
Action.c(36):     <br/>\n
Action.c(36):     To make reservations,please enter your account information to the left.\n
Action.c(36):     <br/>\n
Action.c(36):     If you haven't registered yet, <A href="/cgi-bin/login.pl?username=&amp;password=&amp;getI
Action.c(36):     nfo=true" ><B>sign up now</B></A> to get access to all our resources.\n
Action.c(36):     <br/>\n
Action.c(36):     To configure the server options, use <A href="/cgi-bin/admin.pl" target="body" ><b>adminis
Action.c(36):     tration</b></A> link.\n
Action.c(36):     <br/><br/><br/><br/><br/><br/>\n
Action.c(36):     <br/><small>\n
Action.c(36):     This product uses parts of the SMT Kernel, Copyright (c) 1991-99 <A href="http://www.imati
Action.c(36):     x.com" target="new"><B><small>iMatix Corporation</small></B></A> \n
Action.c(36):     </small>\n
Action.c(36):     </blockquote></TD>\n
Action.c(36):     <TD></TD></TR>\n
Action.c(36):     </table>\n
Action.c(36):     </body>\n
Action.c(36):     </HTML>\n
Action.c(36): t=721198ms: Request done "http://localhost:1080/WebTours/home.html"  	[MsgId: MMSG-26000]
Action.c(36): t=721301ms: 256-byte response headers for "http://localhost:1080/cgi-bin/nav.pl?in=home" (RelFrameId=1.1, Internal ID=140)
Action.c(36):     HTTP/1.1 200 OK\r\n
Action.c(36):     Date: Sun, 05 Feb 2023 10:13:28 GMT\r\n
Action.c(36):     Server: Apache/2.2.21 (Win32)\r\n
Action.c(36):     Expires: Sat, 04 Feb 2023 10:13:28 GMT\r\n
Action.c(36):     Keep-Alive: timeout=5, max=100\r\n
Action.c(36):     Connection: Keep-Alive\r\n
Action.c(36):     Transfer-Encoding: chunked\r\n
Action.c(36):     Content-Type: text/html; charset=ISO-8859-1\r\n
Action.c(36):     \r\n
Action.c(36): t=721301ms: 5-byte chunked response overhead for "http://localhost:1080/cgi-bin/nav.pl?in=home" (RelFrameId=1.1, Internal ID=140)
Action.c(36):     5cf\r\n
Action.c(36): t=721301ms: 2-byte chunked response overhead for "http://localhost:1080/cgi-bin/nav.pl?in=home" (RelFrameId=1.1, Internal ID=140)
Action.c(36):     \r\n
Action.c(36): t=721301ms: 1487-byte chunked response body for "http://localhost:1080/cgi-bin/nav.pl?in=home" (RelFrameId=1.1, Internal ID=140)
Action.c(36):     <!DOCTYPE html\n
Action.c(36):     \tPUBLIC "-//W3C//DTD XHTML 1.0 Transitional//EN"\n
Action.c(36):     \t "http://www.w3.org/TR/xhtml1/DTD/xhtml1-transitional.dtd">\n
Action.c(36):     <html xmlns="http://www.w3.org/1999/xhtml" lang="en-US" xml:lang="en-US">\n
Action.c(36):     <head>\n
Action.c(36):     <title>Web Tours Navigation Bar</title>\n
Action.c(36):     <meta http-equiv="Content-Type" content="text/html; charset=iso-8859-1" />\n
Action.c(36):     </head>\n
Action.c(36):     <body bgcolor="#E0E7F1">\n
Action.c(36):     <style>\n
Action.c(36):     blockquote {font-family: tahoma; font-size : 10pt}\n
Action.c(36):     H1 {font-family: tahoma; font-size : 22pt; color: #993333}\n
Action.c(36):     H3 {font-family: tahoma; font-size : 10pt; color: black}\n
Action.c(36):     small {font-family: tahoma; font-size : 8pt}\n
Action.c(36):     </style>\n
Action.c(36):     <form method="post" action="/cgi-bin/login.pl" target="body">\n
Action.c(36):     <input type="hidden" name="userSession" value="135730.41782098zQiVzDDpDzzzzzzHtViiQpiAAc"/
Action.c(36):     >\n
Action.c(36):     <table border="0"><tr><td>&nbsp;</td>\n
Action.c(36):     <td>&nbsp;</td></tr>\n
Action.c(36):     <tr><td>&nbsp;</td>\n
Action.c(36):     <td>&nbsp;</td></tr>\n
Action.c(36):     <tr><td>&nbsp;</td>\n
Action.c(36):     <td><small>&nbsp;Username</small></td></tr>\n
Action.c(36):     <tr><td>&nbsp;</td>\n
Action.c(36):     <td><input type="text" name="username" value="" size="14" maxlength="14"/></td></tr>\n
Action.c(36):     <tr><td>&nbsp;</td>\n
Action.c(36):     <td><small>&nbsp;Password</small></td>\n
Action.c(36):     <tr><td>&nbsp;</td>\n
Action.c(36):     <td><input type="password" name="password" value="" size="14" maxlength="14"/></td></tr>\n
Action.c(36):     <tr><td>&nbsp;</td>\n
Action.c(36):     <td>&nbsp;</td></tr>\n
Action.c(36):     <tr><td>&nbsp;</td>\n
Action.c(36):     <td><input type="image" name="login" value="Login" alt="Login" border="1" \n
Action.c(36):     src="/WebTours/images/mer_login.gif"/></td></tr>\n
Action.c(36):     <tr><td>&nbsp;</td><td>&nbsp;</td></tr>\n
Action.c(36):     </table><input type="hidden" name="JSFormSubmit" value="off"/>\n
Action.c(36):     </form>\n
Action.c(36):     \n
Action.c(36):     </body>\n
Action.c(36):     </html>\n
Action.c(36): Found resource "http://localhost:1080/WebTours/images/mer_login.gif" in HTML "http://localhost:1080/cgi-bin/nav.pl?in=home"  	[MsgId: MMSG-26659]
Action.c(36): t=721308ms: Already connected [0] to localhost:1080  	[MsgId: MMSG-26000]
Action.c(36): t=721308ms: 643-byte request headers for "http://localhost:1080/WebTours/images/mer_login.gif" (RelFrameId=, Internal ID=142)
Action.c(36):     GET /WebTours/images/mer_login.gif HTTP/1.1\r\n
Action.c(36):     Referer: http://localhost:1080/cgi-bin/nav.pl?in=home\r\n
Action.c(36):     Sec-Fetch-Dest: frame\r\n
Action.c(36):     Sec-Fetch-Mode: navigate\r\n
Action.c(36):     Sec-Fetch-Site: same-origin\r\n
Action.c(36):     Upgrade-Insecure-Requests: 1\r\n
Action.c(36):     sec-ch-ua: "Not_A Brand";v="99", "Google Chrome";v="109", "Chromium";v="109"\r\n
Action.c(36):     sec-ch-ua-mobile: ?0\r\n
Action.c(36):     sec-ch-ua-platform: "Windows"\r\n
Action.c(36):     User-Agent: Mozilla/5.0 (Windows NT 10.0; Win64; x64) AppleWebKit/537.36 (KHTML, like Geck
Action.c(36):     o) Chrome/109.0.0.0 Safari/537.36\r\n
Action.c(36):     Accept-Encoding: gzip, deflate, br\r\n
Action.c(36):     Accept-Language: ru-RU,ru;q=0.9,en-US;q=0.8,en;q=0.7\r\n
Action.c(36):     Accept: */*\r\n
Action.c(36):     Connection: Keep-Alive\r\n
Action.c(36):     Host: localhost:1080\r\n
Action.c(36):     Cookie: MSO=SID&1675592008\r\n
Action.c(36):     \r\n
Action.c(36): t=721308ms: 5-byte chunked response overhead for "http://localhost:1080/cgi-bin/nav.pl?in=home" (RelFrameId=1.1, Internal ID=140)
Action.c(36):     0\r\n
Action.c(36):     \r\n
Action.c(36): t=721309ms: Request done "http://localhost:1080/cgi-bin/nav.pl?in=home"  	[MsgId: MMSG-26000]
Action.c(36): t=721310ms: 298-byte response headers for "http://localhost:1080/WebTours/images/mer_login.gif" (RelFrameId=, Internal ID=142)
Action.c(36):     HTTP/1.1 200 OK\r\n
Action.c(36):     Date: Sun, 05 Feb 2023 10:13:28 GMT\r\n
Action.c(36):     Server: Apache/2.2.21 (Win32)\r\n
Action.c(36):     Last-Modified: Thu, 12 Jan 2012 13:30:28 GMT\r\n
Action.c(36):     ETag: "46000000037a9b-2a7-4b654c0620500"\r\n
Action.c(36):     Accept-Ranges: bytes\r\n
Action.c(36):     Content-Length: 679\r\n
Action.c(36):     Keep-Alive: timeout=5, max=99\r\n
Action.c(36):     Connection: Keep-Alive\r\n
Action.c(36):     Content-Type: image/gif\r\n
Action.c(36):     \r\n
Action.c(36): t=721310ms: 679-byte response body for "http://localhost:1080/WebTours/images/mer_login.gif" (RelFrameId=, Internal ID=142)
Action.c(36): t=721310ms: Request done "http://localhost:1080/WebTours/images/mer_login.gif"  	[MsgId: MMSG-26000]
Action.c(36): Registered web_reg_find successful for "Text=Welcome to the Web Tours site." (count=1)  	[MsgId: MMSG-26364]
Action.c(36): web_url("welcome.pl") was successful, 4213 body bytes, 1182 header bytes, 24 chunking overhead bytes  	[MsgId: MMSG-26385]
Action.c(45): Notify: Transaction "open_site" ended with a "Pass" status (Duration: 0,2706 Wasted Time: 0,0000).	[MsgId: MMSG-16871]
Action.c(48): lr_think_time: 5,00 seconds.	[MsgId: MMSG-15948]
Action.c(51): Notify: Transaction "login" started.	[MsgId: MMSG-16999]
Action.c(53): web_reg_find started  	[MsgId: MMSG-26355]
Action.c(53): Notify: Parameter Substitution: parameter "login" =  "rob"	[MsgId: MMSG-13992]
Action.c(53): Registering web_reg_find was successful  	[MsgId: MMSG-26390]
Action.c(57): web_add_header("Origin") started  	[MsgId: MMSG-26355]
Action.c(57): An unrecognized header ("Origin") is being added  	[MsgId: MMSG-26595]
Action.c(57): "Origin: http://localhost:1080" header registered for adding to requests from the immediately following Action function  	[MsgId: MMSG-26506]
Action.c(57): web_add_header("Origin") was successful  	[MsgId: MMSG-26392]
Action.c(60): web_add_auto_header("Sec-Fetch-User") started  	[MsgId: MMSG-26355]
Action.c(60): An unrecognized header ("Sec-Fetch-User") is being added  	[MsgId: MMSG-26595]
Action.c(60): "Sec-Fetch-User: ?1" header registered for adding to requests from all following Action functions  	[MsgId: MMSG-26505]
Action.c(60): web_add_auto_header("Sec-Fetch-User") was successful  	[MsgId: MMSG-26392]
Action.c(64): web_submit_form("login.pl") started  	[MsgId: MMSG-26355]
Action.c(64): Notify: Parameter Substitution: parameter "login" =  "rob"	[MsgId: MMSG-13992]
Action.c(64): Notify: Next row for parameter password = 7 [table  = password].	[MsgId: MMSG-13876]
Action.c(64): Notify: Parameter Substitution: parameter "password" =  "0123"	[MsgId: MMSG-13992]
Action.c(64): Submitting form to "http://localhost:1080/cgi-bin/login.pl", Target Frame="body"  	[MsgId: MMSG-27978]
Action.c(64): t=726317ms: Closed connection [0] to localhost:1080 after completing 2 request(s)  	[MsgId: MMSG-26000]
Action.c(64): t=726319ms: Connecting [0] to host 127.0.0.1:1080  	[MsgId: MMSG-26000]
Action.c(64): t=726321ms: Connected socket [0] from 127.0.0.1:62024 to 127.0.0.1:1080 in 2 ms  	[MsgId: MMSG-26000]
Action.c(64): t=726321ms: 751-byte request headers for "http://localhost:1080/cgi-bin/login.pl" (RelFrameId=1, Internal ID=143)
Action.c(64):     POST /cgi-bin/login.pl HTTP/1.1\r\n
Action.c(64):     Content-Type: application/x-www-form-urlencoded\r\n
Action.c(64):     Referer: http://localhost:1080/cgi-bin/nav.pl?in=home\r\n
Action.c(64):     Origin: http://localhost:1080\r\n
Action.c(64):     Sec-Fetch-Dest: frame\r\n
Action.c(64):     Sec-Fetch-Mode: navigate\r\n
Action.c(64):     Sec-Fetch-Site: same-origin\r\n
Action.c(64):     Upgrade-Insecure-Requests: 1\r\n
Action.c(64):     sec-ch-ua: "Not_A Brand";v="99", "Google Chrome";v="109", "Chromium";v="109"\r\n
Action.c(64):     sec-ch-ua-mobile: ?0\r\n
Action.c(64):     sec-ch-ua-platform: "Windows"\r\n
Action.c(64):     Sec-Fetch-User: ?1\r\n
Action.c(64):     User-Agent: Mozilla/5.0 (Windows NT 10.0; Win64; x64) AppleWebKit/537.36 (KHTML, like Geck
Action.c(64):     o) Chrome/109.0.0.0 Safari/537.36\r\n
Action.c(64):     Accept-Encoding: gzip, deflate, br\r\n
Action.c(64):     Accept-Language: ru-RU,ru;q=0.9,en-US;q=0.8,en;q=0.7\r\n
Action.c(64):     Accept: */*\r\n
Action.c(64):     Connection: Keep-Alive\r\n
Action.c(64):     Host: localhost:1080\r\n
Action.c(64):     Cookie: MSO=SID&1675592008\r\n
Action.c(64):     Content-Length: 97\r\n
Action.c(64):     \r\n
Action.c(64): t=726321ms: 97-byte request body for "http://localhost:1080/cgi-bin/login.pl" (RelFrameId=1, Internal ID=143)
Action.c(64):     userSession=135730.41782098zQiVzDDpDzzzzzzHtViiQpiAAc&username=rob&password=0123&JSFormSub
Action.c(64):     mit=off
Action.c(64): t=726321ms: Inactive socket [2] was closed by localhost:1080, probably due to Keep-Alive timeout  	[MsgId: MMSG-26000]
Action.c(64): t=726321ms: Closed connection [2] to localhost:1080 after completing 1 request(s)  	[MsgId: MMSG-26000]
Action.c(64): t=726377ms: Inactive socket [1] was closed by localhost:1080, probably due to Keep-Alive timeout  	[MsgId: MMSG-26000]
Action.c(64): t=726377ms: Closed connection [1] to localhost:1080 after completing 1 request(s)  	[MsgId: MMSG-26000]
Action.c(64): t=726461ms: 356-byte response headers for "http://localhost:1080/cgi-bin/login.pl" (RelFrameId=1, Internal ID=143)
Action.c(64):     HTTP/1.1 200 OK\r\n
Action.c(64):     Date: Sun, 05 Feb 2023 10:13:33 GMT\r\n
Action.c(64):     Server: Apache/2.2.21 (Win32)\r\n
Action.c(64):     Expires: 5s\r\n
Action.c(64):     Set-Cookie: MTUserInfo=firstName&Rob&address2&&username&rob&hash&2&lastName&Koch%0A&addres
Action.c(64):     s1&&creditCard&&expDate&%0A; path=/\r\n
Action.c(64):     Keep-Alive: timeout=5, max=100\r\n
Action.c(64):     Connection: Keep-Alive\r\n
Action.c(64):     Transfer-Encoding: chunked\r\n
Action.c(64):     Content-Type: text/html; charset=ISO-8859-1\r\n
Action.c(64):     \r\n
Action.c(64): t=726462ms: 5-byte chunked response overhead for "http://localhost:1080/cgi-bin/login.pl" (RelFrameId=1, Internal ID=143)
Action.c(64):     1e1\r\n
Action.c(64): t=726462ms: 2-byte chunked response overhead for "http://localhost:1080/cgi-bin/login.pl" (RelFrameId=1, Internal ID=143)
Action.c(64):     \r\n
Action.c(64): t=726462ms: 481-byte chunked response body for "http://localhost:1080/cgi-bin/login.pl" (RelFrameId=1, Internal ID=143)
Action.c(64):     <!--\n
Action.c(64):     User password was correct - added a cookie with the user's default\n
Action.c(64):     information.  Set the user up to make reservations...\n
Action.c(64):     \n
Action.c(64):     --->\n
Action.c(64):     \n
Action.c(64):     <html>\n
Action.c(64):     <title>Web Tours</title>\n
Action.c(64):     <frameset cols="160,*" border=1 frameborder=1>\n
Action.c(64):     <frame src="nav.pl?page=menu&in=home" name="navbar" marginheight="2" marginwidth="2" nores
Action.c(64):     ize="noresize" scrolling="auto"/>\n
Action.c(64):     <frame src="login.pl?intro=true" name="info" marginheight="2" marginwidth="2" noresize="no
Action.c(64):     resize" scrolling="auto"/>\n
Action.c(64):     </frameset>\n
Action.c(64):     \n
Action.c(64):     </body>\n
Action.c(64):     </html>
Action.c(64): Detected non-resource "http://localhost:1080/cgi-bin/nav.pl?page=menu&in=home" in "http://localhost:1080/cgi-bin/login.pl"  	[MsgId: MMSG-26574]
Action.c(64): Detected non-resource "http://localhost:1080/cgi-bin/login.pl?intro=true" in "http://localhost:1080/cgi-bin/login.pl"  	[MsgId: MMSG-26574]
Action.c(64): t=726463ms: Connecting [1] to host 127.0.0.1:1080  	[MsgId: MMSG-26000]
Action.c(64): t=726465ms: Connecting [2] to host 127.0.0.1:1080  	[MsgId: MMSG-26000]
Action.c(64): t=726465ms: Connected socket [1] from 127.0.0.1:62025 to 127.0.0.1:1080 in 2 ms  	[MsgId: MMSG-26000]
Action.c(64): t=726466ms: 798-byte request headers for "http://localhost:1080/cgi-bin/nav.pl?page=menu&in=home" (RelFrameId=1.1, Internal ID=144)
Action.c(64):     GET /cgi-bin/nav.pl?page=menu&in=home HTTP/1.1\r\n
Action.c(64):     Referer: http://localhost:1080/cgi-bin/login.pl\r\n
Action.c(64):     Origin: http://localhost:1080\r\n
Action.c(64):     Sec-Fetch-Dest: frame\r\n
Action.c(64):     Sec-Fetch-Mode: navigate\r\n
Action.c(64):     Sec-Fetch-Site: same-origin\r\n
Action.c(64):     Upgrade-Insecure-Requests: 1\r\n
Action.c(64):     sec-ch-ua: "Not_A Brand";v="99", "Google Chrome";v="109", "Chromium";v="109"\r\n
Action.c(64):     sec-ch-ua-mobile: ?0\r\n
Action.c(64):     sec-ch-ua-platform: "Windows"\r\n
Action.c(64):     Sec-Fetch-User: ?1\r\n
Action.c(64):     User-Agent: Mozilla/5.0 (Windows NT 10.0; Win64; x64) AppleWebKit/537.36 (KHTML, like Geck
Action.c(64):     o) Chrome/109.0.0.0 Safari/537.36\r\n
Action.c(64):     Accept-Encoding: gzip, deflate, br\r\n
Action.c(64):     Accept-Language: ru-RU,ru;q=0.9,en-US;q=0.8,en;q=0.7\r\n
Action.c(64):     Accept: */*\r\n
Action.c(64):     Connection: Keep-Alive\r\n
Action.c(64):     Host: localhost:1080\r\n
Action.c(64):     Cookie: MSO=SID&1675592008; MTUserInfo=firstName&Rob&address2&&username&rob&hash&2&lastNam
Action.c(64):     e&Koch%0A&address1&&creditCard&&expDate&%0A\r\n
Action.c(64):     \r\n
Action.c(64): t=726467ms: Connected socket [2] from 127.0.0.1:62026 to 127.0.0.1:1080 in 1 ms  	[MsgId: MMSG-26000]
Action.c(64): t=726467ms: 793-byte request headers for "http://localhost:1080/cgi-bin/login.pl?intro=true" (RelFrameId=1.2, Internal ID=145)
Action.c(64):     GET /cgi-bin/login.pl?intro=true HTTP/1.1\r\n
Action.c(64):     Referer: http://localhost:1080/cgi-bin/login.pl\r\n
Action.c(64):     Origin: http://localhost:1080\r\n
Action.c(64):     Sec-Fetch-Dest: frame\r\n
Action.c(64):     Sec-Fetch-Mode: navigate\r\n
Action.c(64):     Sec-Fetch-Site: same-origin\r\n
Action.c(64):     Upgrade-Insecure-Requests: 1\r\n
Action.c(64):     sec-ch-ua: "Not_A Brand";v="99", "Google Chrome";v="109", "Chromium";v="109"\r\n
Action.c(64):     sec-ch-ua-mobile: ?0\r\n
Action.c(64):     sec-ch-ua-platform: "Windows"\r\n
Action.c(64):     Sec-Fetch-User: ?1\r\n
Action.c(64):     User-Agent: Mozilla/5.0 (Windows NT 10.0; Win64; x64) AppleWebKit/537.36 (KHTML, like Geck
Action.c(64):     o) Chrome/109.0.0.0 Safari/537.36\r\n
Action.c(64):     Accept-Encoding: gzip, deflate, br\r\n
Action.c(64):     Accept-Language: ru-RU,ru;q=0.9,en-US;q=0.8,en;q=0.7\r\n
Action.c(64):     Accept: */*\r\n
Action.c(64):     Connection: Keep-Alive\r\n
Action.c(64):     Host: localhost:1080\r\n
Action.c(64):     Cookie: MSO=SID&1675592008; MTUserInfo=firstName&Rob&address2&&username&rob&hash&2&lastNam
Action.c(64):     e&Koch%0A&address1&&creditCard&&expDate&%0A\r\n
Action.c(64):     \r\n
Action.c(64): t=726467ms: 5-byte chunked response overhead for "http://localhost:1080/cgi-bin/login.pl" (RelFrameId=1, Internal ID=143)
Action.c(64):     0\r\n
Action.c(64):     \r\n
Action.c(64): t=726468ms: Request done "http://localhost:1080/cgi-bin/login.pl"  	[MsgId: MMSG-26000]
Action.c(64): t=726608ms: 229-byte response headers for "http://localhost:1080/cgi-bin/login.pl?intro=true" (RelFrameId=1.2, Internal ID=145)
Action.c(64):     HTTP/1.1 200 OK\r\n
Action.c(64):     Date: Sun, 05 Feb 2023 10:13:33 GMT\r\n
Action.c(64):     Server: Apache/2.2.21 (Win32)\r\n
Action.c(64):     Expires: 5s\r\n
Action.c(64):     Keep-Alive: timeout=5, max=100\r\n
Action.c(64):     Connection: Keep-Alive\r\n
Action.c(64):     Transfer-Encoding: chunked\r\n
Action.c(64):     Content-Type: text/html; charset=ISO-8859-1\r\n
Action.c(64):     \r\n
Action.c(64): t=726608ms: 5-byte chunked response overhead for "http://localhost:1080/cgi-bin/login.pl?intro=true" (RelFrameId=1.2, Internal ID=145)
Action.c(64):     395\r\n
Action.c(64): t=726608ms: 2-byte chunked response overhead for "http://localhost:1080/cgi-bin/login.pl?intro=true" (RelFrameId=1.2, Internal ID=145)
Action.c(64):     \r\n
Action.c(64): t=726608ms: 917-byte chunked response body for "http://localhost:1080/cgi-bin/login.pl?intro=true" (RelFrameId=1.2, Internal ID=145)
Action.c(64):     <!DOCTYPE html\n
Action.c(64):     \tPUBLIC "-//W3C//DTD XHTML 1.0 Transitional//EN"\n
Action.c(64):     \t "http://www.w3.org/TR/xhtml1/DTD/xhtml1-transitional.dtd">\n
Action.c(64):     <html xmlns="http://www.w3.org/1999/xhtml" lang="en-US" xml:lang="en-US">\n
Action.c(64):     <head>\n
Action.c(64):     <title>Welcome to Web Tours</title>\n
Action.c(64):     <meta http-equiv="Content-Type" content="text/html; charset=iso-8859-1" />\n
Action.c(64):     </head>\n
Action.c(64):     <body bgcolor="#E0E7F1">\n
Action.c(64):     <p /><style>blockquote {font-family: tahoma; font-size : 10pt}H1 {font-family: tahoma; fon
Action.c(64):     t-size : 22pt; color: #993333}small {font-family: tahoma; font-size : 8pt}H3 {font-family:
Action.c(64):      tahoma; font-size : 10pt; color: black}TD {font-family: tahoma; font-size : 10pt; color: 
Action.c(64):     black}</style><BR/><BR/><BR/><BR/><BR/><blockquote>Welcome, <b>rob</b>, to the Web Tours r
Action.c(64):     eservation pages.<BR/>Using the menu to the left, you can search for new flights to book, 
Action.c(64):     \n
Action.c(64):     or review/edit the flights already booked.  Don't forget to sign off when\n
Action.c(64):     you're done!\n
Action.c(64):     </blockquote>\n
Action.c(64):     </body>\n
Action.c(64):     </html>
Action.c(64): t=726614ms: 5-byte chunked response overhead for "http://localhost:1080/cgi-bin/login.pl?intro=true" (RelFrameId=1.2, Internal ID=145)
Action.c(64):     0\r\n
Action.c(64):     \r\n
Action.c(64): t=726614ms: Request done "http://localhost:1080/cgi-bin/login.pl?intro=true"  	[MsgId: MMSG-26000]
Action.c(64): t=731530ms: Inactive socket [0] was closed by localhost:1080, probably due to Keep-Alive timeout  	[MsgId: MMSG-26000]
Action.c(64): t=731530ms: Closed connection [0] to localhost:1080 after completing 1 request(s)  	[MsgId: MMSG-26000]
Action.c(64): t=731686ms: Inactive socket [2] was closed by localhost:1080, probably due to Keep-Alive timeout  	[MsgId: MMSG-26000]
Action.c(64): t=731686ms: Closed connection [2] to localhost:1080 after completing 1 request(s)  	[MsgId: MMSG-26000]
Action.c(64): Error -27778: Timeout (120 seconds) exceeded while waiting to receive data for URL "http://localhost:1080/cgi-bin/nav.pl?page=menu&in=home"  	[MsgId: MERR-27778]
End auto log messages stack.	[MsgId: MMSG-10544]


