Start auto log messages stack - Iteration 7.	[MsgId: MMSG-10545]
Starting action Action.	[MsgId: MMSG-15919]
Action.c(4): Notify: Transaction "UC2_LoginLogout" started.	[MsgId: MMSG-16999]
Action.c(7): Notify: Transaction "open_site" started.	[MsgId: MMSG-16999]
Action.c(9): web_set_sockets_option started  	[MsgId: MMSG-26355]
Action.c(9): web_set_sockets_option was successful  	[MsgId: MMSG-26392]
Action.c(11): web_add_auto_header("Sec-Fetch-Dest") started  	[MsgId: MMSG-26355]
Action.c(11): An unrecognized header ("Sec-Fetch-Dest") is being added  	[MsgId: MMSG-26595]
Action.c(11): "Sec-Fetch-Dest: frame" header registered for adding to requests from all following Action functions  	[MsgId: MMSG-26505]
Action.c(11): web_add_auto_header("Sec-Fetch-Dest") was successful  	[MsgId: MMSG-26392]
Action.c(14): web_add_auto_header("Sec-Fetch-Mode") started  	[MsgId: MMSG-26355]
Action.c(14): An unrecognized header ("Sec-Fetch-Mode") is being added  	[MsgId: MMSG-26595]
Action.c(14): "Sec-Fetch-Mode: navigate" header registered for adding to requests from all following Action functions  	[MsgId: MMSG-26505]
Action.c(14): web_add_auto_header("Sec-Fetch-Mode") was successful  	[MsgId: MMSG-26392]
Action.c(17): web_add_auto_header("Sec-Fetch-Site") started  	[MsgId: MMSG-26355]
Action.c(17): An unrecognized header ("Sec-Fetch-Site") is being added  	[MsgId: MMSG-26595]
Action.c(17): "Sec-Fetch-Site: same-origin" header registered for adding to requests from all following Action functions  	[MsgId: MMSG-26505]
Action.c(17): web_add_auto_header("Sec-Fetch-Site") was successful  	[MsgId: MMSG-26392]
Action.c(20): web_add_auto_header("Upgrade-Insecure-Requests") started  	[MsgId: MMSG-26355]
Action.c(20): An unrecognized header ("Upgrade-Insecure-Requests") is being added  	[MsgId: MMSG-26595]
Action.c(20): "Upgrade-Insecure-Requests: 1" header registered for adding to requests from all following Action functions  	[MsgId: MMSG-26505]
Action.c(20): web_add_auto_header("Upgrade-Insecure-Requests") was successful  	[MsgId: MMSG-26392]
Action.c(23): web_add_auto_header("sec-ch-ua") started  	[MsgId: MMSG-26355]
Action.c(23): An unrecognized header ("sec-ch-ua") is being added  	[MsgId: MMSG-26595]
Action.c(23): "sec-ch-ua: "Not?A_Brand";v="8", "Chromium";v="108", "Google Chrome";v="108"" header registered for adding to requests from all following Action functions  	[MsgId: MMSG-26505]
Action.c(23): web_add_auto_header("sec-ch-ua") was successful  	[MsgId: MMSG-26392]
Action.c(26): web_add_auto_header("sec-ch-ua-mobile") started  	[MsgId: MMSG-26355]
Action.c(26): An unrecognized header ("sec-ch-ua-mobile") is being added  	[MsgId: MMSG-26595]
Action.c(26): "sec-ch-ua-mobile: ?0" header registered for adding to requests from all following Action functions  	[MsgId: MMSG-26505]
Action.c(26): web_add_auto_header("sec-ch-ua-mobile") was successful  	[MsgId: MMSG-26392]
Action.c(29): web_add_auto_header("sec-ch-ua-platform") started  	[MsgId: MMSG-26355]
Action.c(29): An unrecognized header ("sec-ch-ua-platform") is being added  	[MsgId: MMSG-26595]
Action.c(29): "sec-ch-ua-platform: "Windows"" header registered for adding to requests from all following Action functions  	[MsgId: MMSG-26505]
Action.c(29): web_add_auto_header("sec-ch-ua-platform") was successful  	[MsgId: MMSG-26392]
Action.c(32): web_reg_find started  	[MsgId: MMSG-26355]
Action.c(32): Registering web_reg_find was successful  	[MsgId: MMSG-26390]
Action.c(38): web_reg_save_param_attrib started  	[MsgId: MMSG-26355]
Action.c(38): Registering web_reg_save_param_attrib was successful  	[MsgId: MMSG-26390]
Action.c(49): web_url("welcome.pl") started  	[MsgId: MMSG-26355]
Action.c(49): t=529037ms: Connecting [0] to host 127.0.0.1:1080  	[MsgId: MMSG-26000]
Action.c(49): t=529047ms: Connected socket [0] from 127.0.0.1:36835 to 127.0.0.1:1080 in 9 ms  	[MsgId: MMSG-26000]
Action.c(49): t=529047ms: 603-byte request headers for "http://localhost:1080/cgi-bin/welcome.pl?signOff=true" (RelFrameId=1, Internal ID=121)
Action.c(49):     GET /cgi-bin/welcome.pl?signOff=true HTTP/1.1\r\n
Action.c(49):     Referer: http://localhost:1080/WebTours/\r\n
Action.c(49):     Sec-Fetch-Dest: frame\r\n
Action.c(49):     Sec-Fetch-Mode: navigate\r\n
Action.c(49):     Sec-Fetch-Site: same-origin\r\n
Action.c(49):     Upgrade-Insecure-Requests: 1\r\n
Action.c(49):     sec-ch-ua: "Not?A_Brand";v="8", "Chromium";v="108", "Google Chrome";v="108"\r\n
Action.c(49):     sec-ch-ua-mobile: ?0\r\n
Action.c(49):     sec-ch-ua-platform: "Windows"\r\n
Action.c(49):     User-Agent: Mozilla/5.0 (Windows NT 10.0; Win64; x64) AppleWebKit/537.36 (KHTML, like Geck
Action.c(49):     o) Chrome/108.0.0.0 Safari/537.36\r\n
Action.c(49):     Accept-Encoding: gzip, deflate, br\r\n
Action.c(49):     Accept-Language: ru-RU,ru;q=0.9,en-US;q=0.8,en;q=0.7\r\n
Action.c(49):     Accept: */*\r\n
Action.c(49):     Connection: Keep-Alive\r\n
Action.c(49):     Host: localhost:1080\r\n
Action.c(49):     \r\n
Action.c(49): t=529174ms: 328-byte response headers for "http://localhost:1080/cgi-bin/welcome.pl?signOff=true" (RelFrameId=1, Internal ID=121)
Action.c(49):     HTTP/1.1 200 OK\r\n
Action.c(49):     Date: Fri, 03 Feb 2023 22:17:21 GMT\r\n
Action.c(49):     Server: Apache/2.2.21 (Win32)\r\n
Action.c(49):     Set-Cookie: MSO=SID&1675462641; path=/\r\n
Action.c(49):     Set-Cookie: MTUserInfo=; path=/; expires=Thu, 02-Feb-2023 22:17:21 GMT\r\n
Action.c(49):     Keep-Alive: timeout=5, max=100\r\n
Action.c(49):     Connection: Keep-Alive\r\n
Action.c(49):     Transfer-Encoding: chunked\r\n
Action.c(49):     Content-Type: text/html; charset=ISO-8859-1\r\n
Action.c(49):     \r\n
Action.c(49): t=529174ms: 5-byte chunked response overhead for "http://localhost:1080/cgi-bin/welcome.pl?signOff=true" (RelFrameId=1, Internal ID=121)
Action.c(49):     2ae\r\n
Action.c(49): t=529174ms: 2-byte chunked response overhead for "http://localhost:1080/cgi-bin/welcome.pl?signOff=true" (RelFrameId=1, Internal ID=121)
Action.c(49):     \r\n
Action.c(49): t=529174ms: 686-byte chunked response body for "http://localhost:1080/cgi-bin/welcome.pl?signOff=true" (RelFrameId=1, Internal ID=121)
Action.c(49):     <!-- \n
Action.c(49):      A Session ID has been created and loaded into a cookie called MSO.\n
Action.c(49):      Also, the server options have been loaded into the cookie called\n
Action.c(49):      MSO as well.  The server options can be set via the Admin page.\n
Action.c(49):      --->\n
Action.c(49):     \n
Action.c(49):     <html>\n
Action.c(49):     <title>Web Tours</title>\n
Action.c(49):        <!-- Frame Set -->\n
Action.c(49):        <frameset cols="160,*" border="1" frameborder="1">\n
Action.c(49):           <!-- Navigation Frame -->\n
Action.c(49):           <frame src="nav.pl?in=home" name="navbar" marginheight="2" marginwidth="2" \n
Action.c(49):                 noresize="noresize" scrolling="auto"/>\n
Action.c(49):           <!-- Home Frame -->\n
Action.c(49):           <frame src="/WebTours/home.html" name="info" marginheight="2" marginwidth="2" \n
Action.c(49):                 noresize="noresize" scrolling="auto"/>\n
Action.c(49):        </frameset>\n
Action.c(49):     </html>\n
Action.c(49):     \n
Action.c(49):     </body>\n
Action.c(49):     </html>
Action.c(49): Detected non-resource "http://localhost:1080/cgi-bin/nav.pl?in=home" in "http://localhost:1080/cgi-bin/welcome.pl?signOff=true"  	[MsgId: MMSG-26574]
Action.c(49): Detected non-resource "http://localhost:1080/WebTours/home.html" in "http://localhost:1080/cgi-bin/welcome.pl?signOff=true"  	[MsgId: MMSG-26574]
Action.c(49): t=529174ms: Connecting [1] to host 127.0.0.1:1080  	[MsgId: MMSG-26000]
Action.c(49): t=529175ms: Connecting [2] to host 127.0.0.1:1080  	[MsgId: MMSG-26000]
Action.c(49): t=529176ms: Connected socket [1] from 127.0.0.1:36836 to 127.0.0.1:1080 in 2 ms  	[MsgId: MMSG-26000]
Action.c(49): t=529176ms: 644-byte request headers for "http://localhost:1080/cgi-bin/nav.pl?in=home" (RelFrameId=1.1, Internal ID=122)
Action.c(49):     GET /cgi-bin/nav.pl?in=home HTTP/1.1\r\n
Action.c(49):     Referer: http://localhost:1080/cgi-bin/welcome.pl?signOff=true\r\n
Action.c(49):     Sec-Fetch-Dest: frame\r\n
Action.c(49):     Sec-Fetch-Mode: navigate\r\n
Action.c(49):     Sec-Fetch-Site: same-origin\r\n
Action.c(49):     Upgrade-Insecure-Requests: 1\r\n
Action.c(49):     sec-ch-ua: "Not?A_Brand";v="8", "Chromium";v="108", "Google Chrome";v="108"\r\n
Action.c(49):     sec-ch-ua-mobile: ?0\r\n
Action.c(49):     sec-ch-ua-platform: "Windows"\r\n
Action.c(49):     User-Agent: Mozilla/5.0 (Windows NT 10.0; Win64; x64) AppleWebKit/537.36 (KHTML, like Geck
Action.c(49):     o) Chrome/108.0.0.0 Safari/537.36\r\n
Action.c(49):     Accept-Encoding: gzip, deflate, br\r\n
Action.c(49):     Accept-Language: ru-RU,ru;q=0.9,en-US;q=0.8,en;q=0.7\r\n
Action.c(49):     Accept: */*\r\n
Action.c(49):     Connection: Keep-Alive\r\n
Action.c(49):     Host: localhost:1080\r\n
Action.c(49):     Cookie: MSO=SID&1675462641\r\n
Action.c(49):     \r\n
Action.c(49): t=529176ms: Connected socket [2] from 127.0.0.1:36837 to 127.0.0.1:1080 in 1 ms  	[MsgId: MMSG-26000]
Action.c(49): t=529176ms: 640-byte request headers for "http://localhost:1080/WebTours/home.html" (RelFrameId=1.2, Internal ID=123)
Action.c(49):     GET /WebTours/home.html HTTP/1.1\r\n
Action.c(49):     Referer: http://localhost:1080/cgi-bin/welcome.pl?signOff=true\r\n
Action.c(49):     Sec-Fetch-Dest: frame\r\n
Action.c(49):     Sec-Fetch-Mode: navigate\r\n
Action.c(49):     Sec-Fetch-Site: same-origin\r\n
Action.c(49):     Upgrade-Insecure-Requests: 1\r\n
Action.c(49):     sec-ch-ua: "Not?A_Brand";v="8", "Chromium";v="108", "Google Chrome";v="108"\r\n
Action.c(49):     sec-ch-ua-mobile: ?0\r\n
Action.c(49):     sec-ch-ua-platform: "Windows"\r\n
Action.c(49):     User-Agent: Mozilla/5.0 (Windows NT 10.0; Win64; x64) AppleWebKit/537.36 (KHTML, like Geck
Action.c(49):     o) Chrome/108.0.0.0 Safari/537.36\r\n
Action.c(49):     Accept-Encoding: gzip, deflate, br\r\n
Action.c(49):     Accept-Language: ru-RU,ru;q=0.9,en-US;q=0.8,en;q=0.7\r\n
Action.c(49):     Accept: */*\r\n
Action.c(49):     Connection: Keep-Alive\r\n
Action.c(49):     Host: localhost:1080\r\n
Action.c(49):     Cookie: MSO=SID&1675462641\r\n
Action.c(49):     \r\n
Action.c(49): t=529178ms: 300-byte response headers for "http://localhost:1080/WebTours/home.html" (RelFrameId=1.2, Internal ID=123)
Action.c(49):     HTTP/1.1 200 OK\r\n
Action.c(49):     Date: Fri, 03 Feb 2023 22:17:22 GMT\r\n
Action.c(49):     Server: Apache/2.2.21 (Win32)\r\n
Action.c(49):     Last-Modified: Mon, 27 May 2013 11:20:22 GMT\r\n
Action.c(49):     ETag: "26000000037a5a-551-4ddb1559ac980"\r\n
Action.c(49):     Accept-Ranges: bytes\r\n
Action.c(49):     Content-Length: 1361\r\n
Action.c(49):     Keep-Alive: timeout=5, max=100\r\n
Action.c(49):     Connection: Keep-Alive\r\n
Action.c(49):     Content-Type: text/html\r\n
Action.c(49):     \r\n
Action.c(49): t=529178ms: 1361-byte response body for "http://localhost:1080/WebTours/home.html" (RelFrameId=1.2, Internal ID=123)
Action.c(49):     <HTML>\n
Action.c(49):     <HEAD>\n
Action.c(49):     \t<title>Web Tours</title>\n
Action.c(49):     </HEAD>\n
Action.c(49):     <style>\n
Action.c(49):     \tblockquote {font-family: tahoma; font-size : 10pt}\n
Action.c(49):     \tH1 {font-family: tahoma; font-size : 22pt; color: #003366}\n
Action.c(49):     \tsmall {font-family: tahoma; font-size : 8pt}\n
Action.c(49):     \tH3{font-family: tahoma; font-size : 10pt; color: black}\n
Action.c(49):     \tA {FONT-WEIGHT: bold; FONT-SIZE: 10pt; COLOR: black; FONT-FAMILY: Tahoma; TEXT-DECORATIO
Action.c(49):     N: none}\n
Action.c(49):     \tA:hover{ FONT-WEIGHT: bold; FONT-SIZE: 10pt; COLOR: #993333; FONT-FAMILY: Tahoma;TEXT-DE
Action.c(49):     CORATION: underline}\n
Action.c(49):     \tTD {font-family: tahoma; font-size : 10pt; color: black}\n
Action.c(49):     </style>\n
Action.c(49):     <body bgcolor="#e0e7f1">\n
Action.c(49):     <BR/>\n
Action.c(49):     <BR/>\n
Action.c(49):     <BR/>\n
Action.c(49):     <br/>\n
Action.c(49):     <table border="0">\n
Action.c(49):     <tr><td></td></tr>\n
Action.c(49):     <TR><TD></TD></TR>\n
Action.c(49):     <TR><TD>\n
Action.c(49):     <blockquote>\n
Action.c(49):     <H1><b>Web Tours</b></H1>\n
Action.c(49):     Welcome to the Web Tours site.\n
Action.c(49):     <br/>\n
Action.c(49):     To make reservations,please enter your account information to the left.\n
Action.c(49):     <br/>\n
Action.c(49):     If you haven't registered yet, <A href="/cgi-bin/login.pl?username=&amp;password=&amp;getI
Action.c(49):     nfo=true" ><B>sign up now</B></A> to get access to all our resources.\n
Action.c(49):     <br/>\n
Action.c(49):     To configure the server options, use <A href="/cgi-bin/admin.pl" target="body" ><b>adminis
Action.c(49):     tration</b></A> link.\n
Action.c(49):     <br/><br/><br/><br/><br/><br/>\n
Action.c(49):     <br/><small>\n
Action.c(49):     This product uses parts of the SMT Kernel, Copyright (c) 1991-99 <A href="http://www.imati
Action.c(49):     x.com" target="new"><B><small>iMatix Corporation</small></B></A> \n
Action.c(49):     </small>\n
Action.c(49):     </blockquote></TD>\n
Action.c(49):     <TD></TD></TR>\n
Action.c(49):     </table>\n
Action.c(49):     </body>\n
Action.c(49):     </HTML>\n
Action.c(49): t=529179ms: Request done "http://localhost:1080/WebTours/home.html"  	[MsgId: MMSG-26000]
Action.c(49): Search registration for "userSession" parameter is filtered by "Request URL"  	[MsgId: MMSG-26000]
Action.c(49): t=529179ms: 5-byte chunked response overhead for "http://localhost:1080/cgi-bin/welcome.pl?signOff=true" (RelFrameId=1, Internal ID=121)
Action.c(49):     0\r\n
Action.c(49):     \r\n
Action.c(49): t=529179ms: Request done "http://localhost:1080/cgi-bin/welcome.pl?signOff=true"  	[MsgId: MMSG-26000]
Action.c(49): Search registration for "userSession" parameter is filtered by "Request URL"  	[MsgId: MMSG-26000]
Action.c(49): t=529280ms: 256-byte response headers for "http://localhost:1080/cgi-bin/nav.pl?in=home" (RelFrameId=1.1, Internal ID=122)
Action.c(49):     HTTP/1.1 200 OK\r\n
Action.c(49):     Date: Fri, 03 Feb 2023 22:17:22 GMT\r\n
Action.c(49):     Server: Apache/2.2.21 (Win32)\r\n
Action.c(49):     Expires: Thu, 02 Feb 2023 22:17:22 GMT\r\n
Action.c(49):     Keep-Alive: timeout=5, max=100\r\n
Action.c(49):     Connection: Keep-Alive\r\n
Action.c(49):     Transfer-Encoding: chunked\r\n
Action.c(49):     Content-Type: text/html; charset=ISO-8859-1\r\n
Action.c(49):     \r\n
Action.c(49): t=529280ms: 5-byte chunked response overhead for "http://localhost:1080/cgi-bin/nav.pl?in=home" (RelFrameId=1.1, Internal ID=122)
Action.c(49):     5ce\r\n
Action.c(49): t=529280ms: 2-byte chunked response overhead for "http://localhost:1080/cgi-bin/nav.pl?in=home" (RelFrameId=1.1, Internal ID=122)
Action.c(49):     \r\n
Action.c(49): t=529280ms: 1486-byte chunked response body for "http://localhost:1080/cgi-bin/nav.pl?in=home" (RelFrameId=1.1, Internal ID=122)
Action.c(49):     <!DOCTYPE html\n
Action.c(49):     \tPUBLIC "-//W3C//DTD XHTML 1.0 Transitional//EN"\n
Action.c(49):     \t "http://www.w3.org/TR/xhtml1/DTD/xhtml1-transitional.dtd">\n
Action.c(49):     <html xmlns="http://www.w3.org/1999/xhtml" lang="en-US" xml:lang="en-US">\n
Action.c(49):     <head>\n
Action.c(49):     <title>Web Tours Navigation Bar</title>\n
Action.c(49):     <meta http-equiv="Content-Type" content="text/html; charset=iso-8859-1" />\n
Action.c(49):     </head>\n
Action.c(49):     <body bgcolor="#E0E7F1">\n
Action.c(49):     <style>\n
Action.c(49):     blockquote {font-family: tahoma; font-size : 10pt}\n
Action.c(49):     H1 {font-family: tahoma; font-size : 22pt; color: #993333}\n
Action.c(49):     H3 {font-family: tahoma; font-size : 10pt; color: black}\n
Action.c(49):     small {font-family: tahoma; font-size : 8pt}\n
Action.c(49):     </style>\n
Action.c(49):     <form method="post" action="/cgi-bin/login.pl" target="body">\n
Action.c(49):     <input type="hidden" name="userSession" value="135719.938517618zQiVAQtpDDHftViizpfzzAcf"/>
Action.c(49):     \n
Action.c(49):     <table border="0"><tr><td>&nbsp;</td>\n
Action.c(49):     <td>&nbsp;</td></tr>\n
Action.c(49):     <tr><td>&nbsp;</td>\n
Action.c(49):     <td>&nbsp;</td></tr>\n
Action.c(49):     <tr><td>&nbsp;</td>\n
Action.c(49):     <td><small>&nbsp;Username</small></td></tr>\n
Action.c(49):     <tr><td>&nbsp;</td>\n
Action.c(49):     <td><input type="text" name="username" value="" size="14" maxlength="14"/></td></tr>\n
Action.c(49):     <tr><td>&nbsp;</td>\n
Action.c(49):     <td><small>&nbsp;Password</small></td>\n
Action.c(49):     <tr><td>&nbsp;</td>\n
Action.c(49):     <td><input type="password" name="password" value="" size="14" maxlength="14"/></td></tr>\n
Action.c(49):     <tr><td>&nbsp;</td>\n
Action.c(49):     <td>&nbsp;</td></tr>\n
Action.c(49):     <tr><td>&nbsp;</td>\n
Action.c(49):     <td><input type="image" name="login" value="Login" alt="Login" border="1" \n
Action.c(49):     src="/WebTours/images/mer_login.gif"/></td></tr>\n
Action.c(49):     <tr><td>&nbsp;</td><td>&nbsp;</td></tr>\n
Action.c(49):     </table><input type="hidden" name="JSFormSubmit" value="off"/>\n
Action.c(49):     </form>\n
Action.c(49):     \n
Action.c(49):     </body>\n
Action.c(49):     </html>\n
Action.c(49): Found resource "http://localhost:1080/WebTours/images/mer_login.gif" in HTML "http://localhost:1080/cgi-bin/nav.pl?in=home"  	[MsgId: MMSG-26659]
Action.c(49): t=529286ms: Already connected [0] to localhost:1080  	[MsgId: MMSG-26000]
Action.c(49): t=529286ms: 642-byte request headers for "http://localhost:1080/WebTours/images/mer_login.gif" (RelFrameId=, Internal ID=124)
Action.c(49):     GET /WebTours/images/mer_login.gif HTTP/1.1\r\n
Action.c(49):     Referer: http://localhost:1080/cgi-bin/nav.pl?in=home\r\n
Action.c(49):     Sec-Fetch-Dest: frame\r\n
Action.c(49):     Sec-Fetch-Mode: navigate\r\n
Action.c(49):     Sec-Fetch-Site: same-origin\r\n
Action.c(49):     Upgrade-Insecure-Requests: 1\r\n
Action.c(49):     sec-ch-ua: "Not?A_Brand";v="8", "Chromium";v="108", "Google Chrome";v="108"\r\n
Action.c(49):     sec-ch-ua-mobile: ?0\r\n
Action.c(49):     sec-ch-ua-platform: "Windows"\r\n
Action.c(49):     User-Agent: Mozilla/5.0 (Windows NT 10.0; Win64; x64) AppleWebKit/537.36 (KHTML, like Geck
Action.c(49):     o) Chrome/108.0.0.0 Safari/537.36\r\n
Action.c(49):     Accept-Encoding: gzip, deflate, br\r\n
Action.c(49):     Accept-Language: ru-RU,ru;q=0.9,en-US;q=0.8,en;q=0.7\r\n
Action.c(49):     Accept: */*\r\n
Action.c(49):     Connection: Keep-Alive\r\n
Action.c(49):     Host: localhost:1080\r\n
Action.c(49):     Cookie: MSO=SID&1675462641\r\n
Action.c(49):     \r\n
Action.c(49): t=529286ms: 5-byte chunked response overhead for "http://localhost:1080/cgi-bin/nav.pl?in=home" (RelFrameId=1.1, Internal ID=122)
Action.c(49):     0\r\n
Action.c(49):     \r\n
Action.c(49): t=529286ms: Request done "http://localhost:1080/cgi-bin/nav.pl?in=home"  	[MsgId: MMSG-26000]
Action.c(49): Notify: Saving Parameter "userSession = 135719.938517618zQiVAQtpDDHftViizpfzzAcf".	[MsgId: MMSG-13798]
Action.c(49): t=529288ms: 298-byte response headers for "http://localhost:1080/WebTours/images/mer_login.gif" (RelFrameId=, Internal ID=124)
Action.c(49):     HTTP/1.1 200 OK\r\n
Action.c(49):     Date: Fri, 03 Feb 2023 22:17:22 GMT\r\n
Action.c(49):     Server: Apache/2.2.21 (Win32)\r\n
Action.c(49):     Last-Modified: Thu, 12 Jan 2012 13:30:28 GMT\r\n
Action.c(49):     ETag: "46000000037a9b-2a7-4b654c0620500"\r\n
Action.c(49):     Accept-Ranges: bytes\r\n
Action.c(49):     Content-Length: 679\r\n
Action.c(49):     Keep-Alive: timeout=5, max=99\r\n
Action.c(49):     Connection: Keep-Alive\r\n
Action.c(49):     Content-Type: image/gif\r\n
Action.c(49):     \r\n
Action.c(49): t=529288ms: 679-byte response body for "http://localhost:1080/WebTours/images/mer_login.gif" (RelFrameId=, Internal ID=124)
Action.c(49): t=529288ms: Request done "http://localhost:1080/WebTours/images/mer_login.gif"  	[MsgId: MMSG-26000]
Action.c(49): Registered web_reg_find successful for "Text=Welcome to the Web Tours site." (count=1)  	[MsgId: MMSG-26364]
Action.c(49): web_url("welcome.pl") was successful, 4212 body bytes, 1182 header bytes, 24 chunking overhead bytes  	[MsgId: MMSG-26385]
Action.c(60): Notify: Transaction "open_site" ended with a "Pass" status (Duration: 0,2558 Wasted Time: 0,0010).	[MsgId: MMSG-16871]
Action.c(62): lr_think_time: 5,00 seconds.	[MsgId: MMSG-15948]
Action.c(65): Notify: Transaction "login" started.	[MsgId: MMSG-16999]
Action.c(67): web_reg_find started  	[MsgId: MMSG-26355]
Action.c(67): Notify: Parameter Substitution: parameter "login" =  "ripley"	[MsgId: MMSG-13992]
Action.c(67): Registering web_reg_find was successful  	[MsgId: MMSG-26390]
Action.c(72): web_add_header("Origin") started  	[MsgId: MMSG-26355]
Action.c(72): An unrecognized header ("Origin") is being added  	[MsgId: MMSG-26595]
Action.c(72): "Origin: http://localhost:1080" header registered for adding to requests from the immediately following Action function  	[MsgId: MMSG-26506]
Action.c(72): web_add_header("Origin") was successful  	[MsgId: MMSG-26392]
Action.c(75): web_add_auto_header("Sec-Fetch-User") started  	[MsgId: MMSG-26355]
Action.c(75): An unrecognized header ("Sec-Fetch-User") is being added  	[MsgId: MMSG-26595]
Action.c(75): "Sec-Fetch-User: ?1" header registered for adding to requests from all following Action functions  	[MsgId: MMSG-26505]
Action.c(75): web_add_auto_header("Sec-Fetch-User") was successful  	[MsgId: MMSG-26392]
Action.c(78): web_submit_data("login.pl") started  	[MsgId: MMSG-26355]
Action.c(78): Notify: Parameter Substitution: parameter "userSession" =  "135719.938517618zQiVAQtpDDHftViizpfzzAcf"	[MsgId: MMSG-13992]
Action.c(78): Notify: Parameter Substitution: parameter "login" =  "ripley"	[MsgId: MMSG-13992]
Action.c(78): Notify: Next row for parameter password = 3 [table  = password].	[MsgId: MMSG-13876]
Action.c(78): Notify: Parameter Substitution: parameter "password" =  "6789"	[MsgId: MMSG-13992]
Action.c(78): t=534299ms: Closed connection [0] to localhost:1080 after completing 2 request(s)  	[MsgId: MMSG-26000]
Action.c(78): t=534299ms: Connecting [0] to host 127.0.0.1:1080  	[MsgId: MMSG-26000]
Action.c(78): t=534300ms: Connected socket [0] from 127.0.0.1:36856 to 127.0.0.1:1080 in 1 ms  	[MsgId: MMSG-26000]
Action.c(78): t=534300ms: 751-byte request headers for "http://localhost:1080/cgi-bin/login.pl" (RelFrameId=1, Internal ID=125)
Action.c(78):     POST /cgi-bin/login.pl HTTP/1.1\r\n
Action.c(78):     Content-Type: application/x-www-form-urlencoded\r\n
Action.c(78):     Referer: http://localhost:1080/cgi-bin/nav.pl?in=home\r\n
Action.c(78):     Origin: http://localhost:1080\r\n
Action.c(78):     Sec-Fetch-Dest: frame\r\n
Action.c(78):     Sec-Fetch-Mode: navigate\r\n
Action.c(78):     Sec-Fetch-Site: same-origin\r\n
Action.c(78):     Upgrade-Insecure-Requests: 1\r\n
Action.c(78):     sec-ch-ua: "Not?A_Brand";v="8", "Chromium";v="108", "Google Chrome";v="108"\r\n
Action.c(78):     sec-ch-ua-mobile: ?0\r\n
Action.c(78):     sec-ch-ua-platform: "Windows"\r\n
Action.c(78):     Sec-Fetch-User: ?1\r\n
Action.c(78):     User-Agent: Mozilla/5.0 (Windows NT 10.0; Win64; x64) AppleWebKit/537.36 (KHTML, like Geck
Action.c(78):     o) Chrome/108.0.0.0 Safari/537.36\r\n
Action.c(78):     Accept-Encoding: gzip, deflate, br\r\n
Action.c(78):     Accept-Language: ru-RU,ru;q=0.9,en-US;q=0.8,en;q=0.7\r\n
Action.c(78):     Accept: */*\r\n
Action.c(78):     Connection: Keep-Alive\r\n
Action.c(78):     Host: localhost:1080\r\n
Action.c(78):     Cookie: MSO=SID&1675462641\r\n
Action.c(78):     Content-Length: 121\r\n
Action.c(78):     \r\n
Action.c(78): t=534300ms: 121-byte request body for "http://localhost:1080/cgi-bin/login.pl" (RelFrameId=1, Internal ID=125)
Action.c(78):     userSession=135719.938517618zQiVAQtpDDHftViizpfzzAcf&username=ripley&password=6789&login.x
Action.c(78):     =67&login.y=11&JSFormSubmit=off
Action.c(78): t=534300ms: Inactive socket [2] was closed by localhost:1080, probably due to Keep-Alive timeout  	[MsgId: MMSG-26000]
Action.c(78): t=534300ms: Closed connection [2] to localhost:1080 after completing 1 request(s)  	[MsgId: MMSG-26000]
Action.c(78): t=534346ms: Inactive socket [1] was closed by localhost:1080, probably due to Keep-Alive timeout  	[MsgId: MMSG-26000]
Action.c(78): t=534346ms: Closed connection [1] to localhost:1080 after completing 1 request(s)  	[MsgId: MMSG-26000]
Action.c(78): Error -27721: Step download timeout (120 seconds) has expired when downloading resource "http://localhost:1080/cgi-bin/login.pl"  	[MsgId: MERR-27721]
End auto log messages stack.	[MsgId: MMSG-10544]

Start auto log messages stack - Iteration 7.	[MsgId: MMSG-10545]
Action.c(78): Aborting pending download of URL="http://localhost:1080/cgi-bin/login.pl" (RelFrameId=1, Internal ID=125)  	[MsgId: MMSG-27649]
Action.c(78): Error -26366: "Text=Welcome, <b>ripley</b>, to the Web Tours reservation pages." not found for web_reg_find  	[MsgId: MERR-26366]
Action.c(78): Error -26374: The above "not found" error(s) may be explained by header and body byte counts being 0 and 0, respectively.  	[MsgId: MERR-26374]
End auto log messages stack.	[MsgId: MMSG-10544]

Start auto log messages stack - Iteration 16.	[MsgId: MMSG-10545]
Starting action Action.	[MsgId: MMSG-15919]
Action.c(4): Notify: Transaction "UC2_LoginLogout" started.	[MsgId: MMSG-16999]
Action.c(7): Notify: Transaction "open_site" started.	[MsgId: MMSG-16999]
Action.c(9): web_set_sockets_option started  	[MsgId: MMSG-26355]
Action.c(9): web_set_sockets_option was successful  	[MsgId: MMSG-26392]
Action.c(11): web_add_auto_header("Sec-Fetch-Dest") started  	[MsgId: MMSG-26355]
Action.c(11): An unrecognized header ("Sec-Fetch-Dest") is being added  	[MsgId: MMSG-26595]
Action.c(11): "Sec-Fetch-Dest: frame" header registered for adding to requests from all following Action functions  	[MsgId: MMSG-26505]
Action.c(11): web_add_auto_header("Sec-Fetch-Dest") was successful  	[MsgId: MMSG-26392]
Action.c(14): web_add_auto_header("Sec-Fetch-Mode") started  	[MsgId: MMSG-26355]
Action.c(14): An unrecognized header ("Sec-Fetch-Mode") is being added  	[MsgId: MMSG-26595]
Action.c(14): "Sec-Fetch-Mode: navigate" header registered for adding to requests from all following Action functions  	[MsgId: MMSG-26505]
Action.c(14): web_add_auto_header("Sec-Fetch-Mode") was successful  	[MsgId: MMSG-26392]
Action.c(17): web_add_auto_header("Sec-Fetch-Site") started  	[MsgId: MMSG-26355]
Action.c(17): An unrecognized header ("Sec-Fetch-Site") is being added  	[MsgId: MMSG-26595]
Action.c(17): "Sec-Fetch-Site: same-origin" header registered for adding to requests from all following Action functions  	[MsgId: MMSG-26505]
Action.c(17): web_add_auto_header("Sec-Fetch-Site") was successful  	[MsgId: MMSG-26392]
Action.c(20): web_add_auto_header("Upgrade-Insecure-Requests") started  	[MsgId: MMSG-26355]
Action.c(20): An unrecognized header ("Upgrade-Insecure-Requests") is being added  	[MsgId: MMSG-26595]
Action.c(20): "Upgrade-Insecure-Requests: 1" header registered for adding to requests from all following Action functions  	[MsgId: MMSG-26505]
Action.c(20): web_add_auto_header("Upgrade-Insecure-Requests") was successful  	[MsgId: MMSG-26392]
Action.c(23): web_add_auto_header("sec-ch-ua") started  	[MsgId: MMSG-26355]
Action.c(23): An unrecognized header ("sec-ch-ua") is being added  	[MsgId: MMSG-26595]
Action.c(23): "sec-ch-ua: "Not?A_Brand";v="8", "Chromium";v="108", "Google Chrome";v="108"" header registered for adding to requests from all following Action functions  	[MsgId: MMSG-26505]
Action.c(23): web_add_auto_header("sec-ch-ua") was successful  	[MsgId: MMSG-26392]
Action.c(26): web_add_auto_header("sec-ch-ua-mobile") started  	[MsgId: MMSG-26355]
Action.c(26): An unrecognized header ("sec-ch-ua-mobile") is being added  	[MsgId: MMSG-26595]
Action.c(26): "sec-ch-ua-mobile: ?0" header registered for adding to requests from all following Action functions  	[MsgId: MMSG-26505]
Action.c(26): web_add_auto_header("sec-ch-ua-mobile") was successful  	[MsgId: MMSG-26392]
Action.c(29): web_add_auto_header("sec-ch-ua-platform") started  	[MsgId: MMSG-26355]
Action.c(29): An unrecognized header ("sec-ch-ua-platform") is being added  	[MsgId: MMSG-26595]
Action.c(29): "sec-ch-ua-platform: "Windows"" header registered for adding to requests from all following Action functions  	[MsgId: MMSG-26505]
Action.c(29): web_add_auto_header("sec-ch-ua-platform") was successful  	[MsgId: MMSG-26392]
Action.c(32): web_reg_find started  	[MsgId: MMSG-26355]
Action.c(32): Registering web_reg_find was successful  	[MsgId: MMSG-26390]
Action.c(38): web_reg_save_param_attrib started  	[MsgId: MMSG-26355]
Action.c(38): Registering web_reg_save_param_attrib was successful  	[MsgId: MMSG-26390]
Action.c(49): web_url("welcome.pl") started  	[MsgId: MMSG-26355]
Action.c(49): t=1254507ms: Connecting [0] to host 127.0.0.1:1080  	[MsgId: MMSG-26000]
Action.c(49): t=1254508ms: Connected socket [0] from 127.0.0.1:38420 to 127.0.0.1:1080 in 1 ms  	[MsgId: MMSG-26000]
Action.c(49): t=1254508ms: 603-byte request headers for "http://localhost:1080/cgi-bin/welcome.pl?signOff=true" (RelFrameId=1, Internal ID=286)
Action.c(49):     GET /cgi-bin/welcome.pl?signOff=true HTTP/1.1\r\n
Action.c(49):     Referer: http://localhost:1080/WebTours/\r\n
Action.c(49):     Sec-Fetch-Dest: frame\r\n
Action.c(49):     Sec-Fetch-Mode: navigate\r\n
Action.c(49):     Sec-Fetch-Site: same-origin\r\n
Action.c(49):     Upgrade-Insecure-Requests: 1\r\n
Action.c(49):     sec-ch-ua: "Not?A_Brand";v="8", "Chromium";v="108", "Google Chrome";v="108"\r\n
Action.c(49):     sec-ch-ua-mobile: ?0\r\n
Action.c(49):     sec-ch-ua-platform: "Windows"\r\n
Action.c(49):     User-Agent: Mozilla/5.0 (Windows NT 10.0; Win64; x64) AppleWebKit/537.36 (KHTML, like Geck
Action.c(49):     o) Chrome/108.0.0.0 Safari/537.36\r\n
Action.c(49):     Accept-Encoding: gzip, deflate, br\r\n
Action.c(49):     Accept-Language: ru-RU,ru;q=0.9,en-US;q=0.8,en;q=0.7\r\n
Action.c(49):     Accept: */*\r\n
Action.c(49):     Connection: Keep-Alive\r\n
Action.c(49):     Host: localhost:1080\r\n
Action.c(49):     \r\n
Action.c(49): t=1254625ms: 328-byte response headers for "http://localhost:1080/cgi-bin/welcome.pl?signOff=true" (RelFrameId=1, Internal ID=286)
Action.c(49):     HTTP/1.1 200 OK\r\n
Action.c(49):     Date: Fri, 03 Feb 2023 22:29:27 GMT\r\n
Action.c(49):     Server: Apache/2.2.21 (Win32)\r\n
Action.c(49):     Set-Cookie: MSO=SID&1675463367; path=/\r\n
Action.c(49):     Set-Cookie: MTUserInfo=; path=/; expires=Thu, 02-Feb-2023 22:29:27 GMT\r\n
Action.c(49):     Keep-Alive: timeout=5, max=100\r\n
Action.c(49):     Connection: Keep-Alive\r\n
Action.c(49):     Transfer-Encoding: chunked\r\n
Action.c(49):     Content-Type: text/html; charset=ISO-8859-1\r\n
Action.c(49):     \r\n
Action.c(49): t=1254625ms: 5-byte chunked response overhead for "http://localhost:1080/cgi-bin/welcome.pl?signOff=true" (RelFrameId=1, Internal ID=286)
Action.c(49):     2ae\r\n
Action.c(49): t=1254625ms: 2-byte chunked response overhead for "http://localhost:1080/cgi-bin/welcome.pl?signOff=true" (RelFrameId=1, Internal ID=286)
Action.c(49):     \r\n
Action.c(49): t=1254625ms: 686-byte chunked response body for "http://localhost:1080/cgi-bin/welcome.pl?signOff=true" (RelFrameId=1, Internal ID=286)
Action.c(49):     <!-- \n
Action.c(49):      A Session ID has been created and loaded into a cookie called MSO.\n
Action.c(49):      Also, the server options have been loaded into the cookie called\n
Action.c(49):      MSO as well.  The server options can be set via the Admin page.\n
Action.c(49):      --->\n
Action.c(49):     \n
Action.c(49):     <html>\n
Action.c(49):     <title>Web Tours</title>\n
Action.c(49):        <!-- Frame Set -->\n
Action.c(49):        <frameset cols="160,*" border="1" frameborder="1">\n
Action.c(49):           <!-- Navigation Frame -->\n
Action.c(49):           <frame src="nav.pl?in=home" name="navbar" marginheight="2" marginwidth="2" \n
Action.c(49):                 noresize="noresize" scrolling="auto"/>\n
Action.c(49):           <!-- Home Frame -->\n
Action.c(49):           <frame src="/WebTours/home.html" name="info" marginheight="2" marginwidth="2" \n
Action.c(49):                 noresize="noresize" scrolling="auto"/>\n
Action.c(49):        </frameset>\n
Action.c(49):     </html>\n
Action.c(49):     \n
Action.c(49):     </body>\n
Action.c(49):     </html>
Action.c(49): Detected non-resource "http://localhost:1080/cgi-bin/nav.pl?in=home" in "http://localhost:1080/cgi-bin/welcome.pl?signOff=true"  	[MsgId: MMSG-26574]
Action.c(49): Detected non-resource "http://localhost:1080/WebTours/home.html" in "http://localhost:1080/cgi-bin/welcome.pl?signOff=true"  	[MsgId: MMSG-26574]
Action.c(49): t=1254626ms: Connecting [1] to host 127.0.0.1:1080  	[MsgId: MMSG-26000]
Action.c(49): t=1254627ms: Connecting [2] to host 127.0.0.1:1080  	[MsgId: MMSG-26000]
Action.c(49): t=1254628ms: Connected socket [1] from 127.0.0.1:38421 to 127.0.0.1:1080 in 2 ms  	[MsgId: MMSG-26000]
Action.c(49): t=1254628ms: 644-byte request headers for "http://localhost:1080/cgi-bin/nav.pl?in=home" (RelFrameId=1.1, Internal ID=287)
Action.c(49):     GET /cgi-bin/nav.pl?in=home HTTP/1.1\r\n
Action.c(49):     Referer: http://localhost:1080/cgi-bin/welcome.pl?signOff=true\r\n
Action.c(49):     Sec-Fetch-Dest: frame\r\n
Action.c(49):     Sec-Fetch-Mode: navigate\r\n
Action.c(49):     Sec-Fetch-Site: same-origin\r\n
Action.c(49):     Upgrade-Insecure-Requests: 1\r\n
Action.c(49):     sec-ch-ua: "Not?A_Brand";v="8", "Chromium";v="108", "Google Chrome";v="108"\r\n
Action.c(49):     sec-ch-ua-mobile: ?0\r\n
Action.c(49):     sec-ch-ua-platform: "Windows"\r\n
Action.c(49):     User-Agent: Mozilla/5.0 (Windows NT 10.0; Win64; x64) AppleWebKit/537.36 (KHTML, like Geck
Action.c(49):     o) Chrome/108.0.0.0 Safari/537.36\r\n
Action.c(49):     Accept-Encoding: gzip, deflate, br\r\n
Action.c(49):     Accept-Language: ru-RU,ru;q=0.9,en-US;q=0.8,en;q=0.7\r\n
Action.c(49):     Accept: */*\r\n
Action.c(49):     Connection: Keep-Alive\r\n
Action.c(49):     Host: localhost:1080\r\n
Action.c(49):     Cookie: MSO=SID&1675463367\r\n
Action.c(49):     \r\n
Action.c(49): t=1254630ms: Connected socket [2] from 127.0.0.1:38422 to 127.0.0.1:1080 in 3 ms  	[MsgId: MMSG-26000]
Action.c(49): t=1254630ms: 640-byte request headers for "http://localhost:1080/WebTours/home.html" (RelFrameId=1.2, Internal ID=288)
Action.c(49):     GET /WebTours/home.html HTTP/1.1\r\n
Action.c(49):     Referer: http://localhost:1080/cgi-bin/welcome.pl?signOff=true\r\n
Action.c(49):     Sec-Fetch-Dest: frame\r\n
Action.c(49):     Sec-Fetch-Mode: navigate\r\n
Action.c(49):     Sec-Fetch-Site: same-origin\r\n
Action.c(49):     Upgrade-Insecure-Requests: 1\r\n
Action.c(49):     sec-ch-ua: "Not?A_Brand";v="8", "Chromium";v="108", "Google Chrome";v="108"\r\n
Action.c(49):     sec-ch-ua-mobile: ?0\r\n
Action.c(49):     sec-ch-ua-platform: "Windows"\r\n
Action.c(49):     User-Agent: Mozilla/5.0 (Windows NT 10.0; Win64; x64) AppleWebKit/537.36 (KHTML, like Geck
Action.c(49):     o) Chrome/108.0.0.0 Safari/537.36\r\n
Action.c(49):     Accept-Encoding: gzip, deflate, br\r\n
Action.c(49):     Accept-Language: ru-RU,ru;q=0.9,en-US;q=0.8,en;q=0.7\r\n
Action.c(49):     Accept: */*\r\n
Action.c(49):     Connection: Keep-Alive\r\n
Action.c(49):     Host: localhost:1080\r\n
Action.c(49):     Cookie: MSO=SID&1675463367\r\n
Action.c(49):     \r\n
Action.c(49): t=1254632ms: 5-byte chunked response overhead for "http://localhost:1080/cgi-bin/welcome.pl?signOff=true" (RelFrameId=1, Internal ID=286)
Action.c(49):     0\r\n
Action.c(49):     \r\n
Action.c(49): t=1254632ms: Request done "http://localhost:1080/cgi-bin/welcome.pl?signOff=true"  	[MsgId: MMSG-26000]
Action.c(49): Search registration for "userSession" parameter is filtered by "Request URL"  	[MsgId: MMSG-26000]
Action.c(49): t=1254632ms: 300-byte response headers for "http://localhost:1080/WebTours/home.html" (RelFrameId=1.2, Internal ID=288)
Action.c(49):     HTTP/1.1 200 OK\r\n
Action.c(49):     Date: Fri, 03 Feb 2023 22:29:27 GMT\r\n
Action.c(49):     Server: Apache/2.2.21 (Win32)\r\n
Action.c(49):     Last-Modified: Mon, 27 May 2013 11:20:22 GMT\r\n
Action.c(49):     ETag: "26000000037a5a-551-4ddb1559ac980"\r\n
Action.c(49):     Accept-Ranges: bytes\r\n
Action.c(49):     Content-Length: 1361\r\n
Action.c(49):     Keep-Alive: timeout=5, max=100\r\n
Action.c(49):     Connection: Keep-Alive\r\n
Action.c(49):     Content-Type: text/html\r\n
Action.c(49):     \r\n
Action.c(49): t=1254632ms: 1361-byte response body for "http://localhost:1080/WebTours/home.html" (RelFrameId=1.2, Internal ID=288)
Action.c(49):     <HTML>\n
Action.c(49):     <HEAD>\n
Action.c(49):     \t<title>Web Tours</title>\n
Action.c(49):     </HEAD>\n
Action.c(49):     <style>\n
Action.c(49):     \tblockquote {font-family: tahoma; font-size : 10pt}\n
Action.c(49):     \tH1 {font-family: tahoma; font-size : 22pt; color: #003366}\n
Action.c(49):     \tsmall {font-family: tahoma; font-size : 8pt}\n
Action.c(49):     \tH3{font-family: tahoma; font-size : 10pt; color: black}\n
Action.c(49):     \tA {FONT-WEIGHT: bold; FONT-SIZE: 10pt; COLOR: black; FONT-FAMILY: Tahoma; TEXT-DECORATIO
Action.c(49):     N: none}\n
Action.c(49):     \tA:hover{ FONT-WEIGHT: bold; FONT-SIZE: 10pt; COLOR: #993333; FONT-FAMILY: Tahoma;TEXT-DE
Action.c(49):     CORATION: underline}\n
Action.c(49):     \tTD {font-family: tahoma; font-size : 10pt; color: black}\n
Action.c(49):     </style>\n
Action.c(49):     <body bgcolor="#e0e7f1">\n
Action.c(49):     <BR/>\n
Action.c(49):     <BR/>\n
Action.c(49):     <BR/>\n
Action.c(49):     <br/>\n
Action.c(49):     <table border="0">\n
Action.c(49):     <tr><td></td></tr>\n
Action.c(49):     <TR><TD></TD></TR>\n
Action.c(49):     <TR><TD>\n
Action.c(49):     <blockquote>\n
Action.c(49):     <H1><b>Web Tours</b></H1>\n
Action.c(49):     Welcome to the Web Tours site.\n
Action.c(49):     <br/>\n
Action.c(49):     To make reservations,please enter your account information to the left.\n
Action.c(49):     <br/>\n
Action.c(49):     If you haven't registered yet, <A href="/cgi-bin/login.pl?username=&amp;password=&amp;getI
Action.c(49):     nfo=true" ><B>sign up now</B></A> to get access to all our resources.\n
Action.c(49):     <br/>\n
Action.c(49):     To configure the server options, use <A href="/cgi-bin/admin.pl" target="body" ><b>adminis
Action.c(49):     tration</b></A> link.\n
Action.c(49):     <br/><br/><br/><br/><br/><br/>\n
Action.c(49):     <br/><small>\n
Action.c(49):     This product uses parts of the SMT Kernel, Copyright (c) 1991-99 <A href="http://www.imati
Action.c(49):     x.com" target="new"><B><small>iMatix Corporation</small></B></A> \n
Action.c(49):     </small>\n
Action.c(49):     </blockquote></TD>\n
Action.c(49):     <TD></TD></TR>\n
Action.c(49):     </table>\n
Action.c(49):     </body>\n
Action.c(49):     </HTML>\n
Action.c(49): t=1254633ms: Request done "http://localhost:1080/WebTours/home.html"  	[MsgId: MMSG-26000]
Action.c(49): Search registration for "userSession" parameter is filtered by "Request URL"  	[MsgId: MMSG-26000]
Action.c(49): t=1254736ms: 256-byte response headers for "http://localhost:1080/cgi-bin/nav.pl?in=home" (RelFrameId=1.1, Internal ID=287)
Action.c(49):     HTTP/1.1 200 OK\r\n
Action.c(49):     Date: Fri, 03 Feb 2023 22:29:27 GMT\r\n
Action.c(49):     Server: Apache/2.2.21 (Win32)\r\n
Action.c(49):     Expires: Thu, 02 Feb 2023 22:29:27 GMT\r\n
Action.c(49):     Keep-Alive: timeout=5, max=100\r\n
Action.c(49):     Connection: Keep-Alive\r\n
Action.c(49):     Transfer-Encoding: chunked\r\n
Action.c(49):     Content-Type: text/html; charset=ISO-8859-1\r\n
Action.c(49):     \r\n
Action.c(49): t=1254738ms: 5-byte chunked response overhead for "http://localhost:1080/cgi-bin/nav.pl?in=home" (RelFrameId=1.1, Internal ID=287)
Action.c(49):     5ce\r\n
Action.c(49): t=1254738ms: 2-byte chunked response overhead for "http://localhost:1080/cgi-bin/nav.pl?in=home" (RelFrameId=1.1, Internal ID=287)
Action.c(49):     \r\n
Action.c(49): t=1254738ms: 1486-byte chunked response body for "http://localhost:1080/cgi-bin/nav.pl?in=home" (RelFrameId=1.1, Internal ID=287)
Action.c(49):     <!DOCTYPE html\n
Action.c(49):     \tPUBLIC "-//W3C//DTD XHTML 1.0 Transitional//EN"\n
Action.c(49):     \t "http://www.w3.org/TR/xhtml1/DTD/xhtml1-transitional.dtd">\n
Action.c(49):     <html xmlns="http://www.w3.org/1999/xhtml" lang="en-US" xml:lang="en-US">\n
Action.c(49):     <head>\n
Action.c(49):     <title>Web Tours Navigation Bar</title>\n
Action.c(49):     <meta http-equiv="Content-Type" content="text/html; charset=iso-8859-1" />\n
Action.c(49):     </head>\n
Action.c(49):     <body bgcolor="#E0E7F1">\n
Action.c(49):     <style>\n
Action.c(49):     blockquote {font-family: tahoma; font-size : 10pt}\n
Action.c(49):     H1 {font-family: tahoma; font-size : 22pt; color: #993333}\n
Action.c(49):     H3 {font-family: tahoma; font-size : 10pt; color: black}\n
Action.c(49):     small {font-family: tahoma; font-size : 8pt}\n
Action.c(49):     </style>\n
Action.c(49):     <form method="post" action="/cgi-bin/login.pl" target="body">\n
Action.c(49):     <input type="hidden" name="userSession" value="135719.997326853zQiVAQHpDzcftViizpfitVHf"/>
Action.c(49):     \n
Action.c(49):     <table border="0"><tr><td>&nbsp;</td>\n
Action.c(49):     <td>&nbsp;</td></tr>\n
Action.c(49):     <tr><td>&nbsp;</td>\n
Action.c(49):     <td>&nbsp;</td></tr>\n
Action.c(49):     <tr><td>&nbsp;</td>\n
Action.c(49):     <td><small>&nbsp;Username</small></td></tr>\n
Action.c(49):     <tr><td>&nbsp;</td>\n
Action.c(49):     <td><input type="text" name="username" value="" size="14" maxlength="14"/></td></tr>\n
Action.c(49):     <tr><td>&nbsp;</td>\n
Action.c(49):     <td><small>&nbsp;Password</small></td>\n
Action.c(49):     <tr><td>&nbsp;</td>\n
Action.c(49):     <td><input type="password" name="password" value="" size="14" maxlength="14"/></td></tr>\n
Action.c(49):     <tr><td>&nbsp;</td>\n
Action.c(49):     <td>&nbsp;</td></tr>\n
Action.c(49):     <tr><td>&nbsp;</td>\n
Action.c(49):     <td><input type="image" name="login" value="Login" alt="Login" border="1" \n
Action.c(49):     src="/WebTours/images/mer_login.gif"/></td></tr>\n
Action.c(49):     <tr><td>&nbsp;</td><td>&nbsp;</td></tr>\n
Action.c(49):     </table><input type="hidden" name="JSFormSubmit" value="off"/>\n
Action.c(49):     </form>\n
Action.c(49):     \n
Action.c(49):     </body>\n
Action.c(49):     </html>\n
Action.c(49): Found resource "http://localhost:1080/WebTours/images/mer_login.gif" in HTML "http://localhost:1080/cgi-bin/nav.pl?in=home"  	[MsgId: MMSG-26659]
Action.c(49): t=1254742ms: Already connected [0] to localhost:1080  	[MsgId: MMSG-26000]
Action.c(49): t=1254742ms: 642-byte request headers for "http://localhost:1080/WebTours/images/mer_login.gif" (RelFrameId=, Internal ID=289)
Action.c(49):     GET /WebTours/images/mer_login.gif HTTP/1.1\r\n
Action.c(49):     Referer: http://localhost:1080/cgi-bin/nav.pl?in=home\r\n
Action.c(49):     Sec-Fetch-Dest: frame\r\n
Action.c(49):     Sec-Fetch-Mode: navigate\r\n
Action.c(49):     Sec-Fetch-Site: same-origin\r\n
Action.c(49):     Upgrade-Insecure-Requests: 1\r\n
Action.c(49):     sec-ch-ua: "Not?A_Brand";v="8", "Chromium";v="108", "Google Chrome";v="108"\r\n
Action.c(49):     sec-ch-ua-mobile: ?0\r\n
Action.c(49):     sec-ch-ua-platform: "Windows"\r\n
Action.c(49):     User-Agent: Mozilla/5.0 (Windows NT 10.0; Win64; x64) AppleWebKit/537.36 (KHTML, like Geck
Action.c(49):     o) Chrome/108.0.0.0 Safari/537.36\r\n
Action.c(49):     Accept-Encoding: gzip, deflate, br\r\n
Action.c(49):     Accept-Language: ru-RU,ru;q=0.9,en-US;q=0.8,en;q=0.7\r\n
Action.c(49):     Accept: */*\r\n
Action.c(49):     Connection: Keep-Alive\r\n
Action.c(49):     Host: localhost:1080\r\n
Action.c(49):     Cookie: MSO=SID&1675463367\r\n
Action.c(49):     \r\n
Action.c(49): t=1254742ms: 5-byte chunked response overhead for "http://localhost:1080/cgi-bin/nav.pl?in=home" (RelFrameId=1.1, Internal ID=287)
Action.c(49):     0\r\n
Action.c(49):     \r\n
Action.c(49): t=1254742ms: Request done "http://localhost:1080/cgi-bin/nav.pl?in=home"  	[MsgId: MMSG-26000]
Action.c(49): Notify: Saving Parameter "userSession = 135719.997326853zQiVAQHpDzcftViizpfitVHf".	[MsgId: MMSG-13798]
Action.c(49): t=1254744ms: 298-byte response headers for "http://localhost:1080/WebTours/images/mer_login.gif" (RelFrameId=, Internal ID=289)
Action.c(49):     HTTP/1.1 200 OK\r\n
Action.c(49):     Date: Fri, 03 Feb 2023 22:29:27 GMT\r\n
Action.c(49):     Server: Apache/2.2.21 (Win32)\r\n
Action.c(49):     Last-Modified: Thu, 12 Jan 2012 13:30:28 GMT\r\n
Action.c(49):     ETag: "46000000037a9b-2a7-4b654c0620500"\r\n
Action.c(49):     Accept-Ranges: bytes\r\n
Action.c(49):     Content-Length: 679\r\n
Action.c(49):     Keep-Alive: timeout=5, max=99\r\n
Action.c(49):     Connection: Keep-Alive\r\n
Action.c(49):     Content-Type: image/gif\r\n
Action.c(49):     \r\n
Action.c(49): t=1254744ms: 679-byte response body for "http://localhost:1080/WebTours/images/mer_login.gif" (RelFrameId=, Internal ID=289)
Action.c(49): t=1254744ms: Request done "http://localhost:1080/WebTours/images/mer_login.gif"  	[MsgId: MMSG-26000]
Action.c(49): Registered web_reg_find successful for "Text=Welcome to the Web Tours site." (count=1)  	[MsgId: MMSG-26364]
Action.c(49): web_url("welcome.pl") was successful, 4212 body bytes, 1182 header bytes, 24 chunking overhead bytes  	[MsgId: MMSG-26385]
Action.c(60): Notify: Transaction "open_site" ended with a "Pass" status (Duration: 0,2411 Wasted Time: 0,0010).	[MsgId: MMSG-16871]
Action.c(62): lr_think_time: 5,00 seconds.	[MsgId: MMSG-15948]
Action.c(65): Notify: Transaction "login" started.	[MsgId: MMSG-16999]
Action.c(67): web_reg_find started  	[MsgId: MMSG-26355]
Action.c(67): Notify: Parameter Substitution: parameter "login" =  "john"	[MsgId: MMSG-13992]
Action.c(67): Registering web_reg_find was successful  	[MsgId: MMSG-26390]
Action.c(72): web_add_header("Origin") started  	[MsgId: MMSG-26355]
Action.c(72): An unrecognized header ("Origin") is being added  	[MsgId: MMSG-26595]
Action.c(72): "Origin: http://localhost:1080" header registered for adding to requests from the immediately following Action function  	[MsgId: MMSG-26506]
Action.c(72): web_add_header("Origin") was successful  	[MsgId: MMSG-26392]
Action.c(75): web_add_auto_header("Sec-Fetch-User") started  	[MsgId: MMSG-26355]
Action.c(75): An unrecognized header ("Sec-Fetch-User") is being added  	[MsgId: MMSG-26595]
Action.c(75): "Sec-Fetch-User: ?1" header registered for adding to requests from all following Action functions  	[MsgId: MMSG-26505]
Action.c(75): web_add_auto_header("Sec-Fetch-User") was successful  	[MsgId: MMSG-26392]
Action.c(78): web_submit_data("login.pl") started  	[MsgId: MMSG-26355]
Action.c(78): Notify: Parameter Substitution: parameter "userSession" =  "135719.997326853zQiVAQHpDzcftViizpfitVHf"	[MsgId: MMSG-13992]
Action.c(78): Notify: Parameter Substitution: parameter "login" =  "john"	[MsgId: MMSG-13992]
Action.c(78): Notify: Next row for parameter password = 9 [table  = password].	[MsgId: MMSG-13876]
Action.c(78): Notify: Parameter Substitution: parameter "password" =  "2345"	[MsgId: MMSG-13992]
Action.c(78): t=1259761ms: Closed connection [0] to localhost:1080 after completing 2 request(s)  	[MsgId: MMSG-26000]
Action.c(78): t=1259761ms: Connecting [0] to host 127.0.0.1:1080  	[MsgId: MMSG-26000]
Action.c(78): t=1259763ms: Connected socket [0] from 127.0.0.1:38440 to 127.0.0.1:1080 in 1 ms  	[MsgId: MMSG-26000]
Action.c(78): t=1259763ms: 751-byte request headers for "http://localhost:1080/cgi-bin/login.pl" (RelFrameId=1, Internal ID=290)
Action.c(78):     POST /cgi-bin/login.pl HTTP/1.1\r\n
Action.c(78):     Content-Type: application/x-www-form-urlencoded\r\n
Action.c(78):     Referer: http://localhost:1080/cgi-bin/nav.pl?in=home\r\n
Action.c(78):     Origin: http://localhost:1080\r\n
Action.c(78):     Sec-Fetch-Dest: frame\r\n
Action.c(78):     Sec-Fetch-Mode: navigate\r\n
Action.c(78):     Sec-Fetch-Site: same-origin\r\n
Action.c(78):     Upgrade-Insecure-Requests: 1\r\n
Action.c(78):     sec-ch-ua: "Not?A_Brand";v="8", "Chromium";v="108", "Google Chrome";v="108"\r\n
Action.c(78):     sec-ch-ua-mobile: ?0\r\n
Action.c(78):     sec-ch-ua-platform: "Windows"\r\n
Action.c(78):     Sec-Fetch-User: ?1\r\n
Action.c(78):     User-Agent: Mozilla/5.0 (Windows NT 10.0; Win64; x64) AppleWebKit/537.36 (KHTML, like Geck
Action.c(78):     o) Chrome/108.0.0.0 Safari/537.36\r\n
Action.c(78):     Accept-Encoding: gzip, deflate, br\r\n
Action.c(78):     Accept-Language: ru-RU,ru;q=0.9,en-US;q=0.8,en;q=0.7\r\n
Action.c(78):     Accept: */*\r\n
Action.c(78):     Connection: Keep-Alive\r\n
Action.c(78):     Host: localhost:1080\r\n
Action.c(78):     Cookie: MSO=SID&1675463367\r\n
Action.c(78):     Content-Length: 119\r\n
Action.c(78):     \r\n
Action.c(78): t=1259763ms: 119-byte request body for "http://localhost:1080/cgi-bin/login.pl" (RelFrameId=1, Internal ID=290)
Action.c(78):     userSession=135719.997326853zQiVAQHpDzcftViizpfitVHf&username=john&password=2345&login.x=6
Action.c(78):     7&login.y=11&JSFormSubmit=off
Action.c(78): t=1259805ms: Inactive socket [1] was closed by localhost:1080, probably due to Keep-Alive timeout  	[MsgId: MMSG-26000]
Action.c(78): t=1259805ms: Closed connection [1] to localhost:1080 after completing 1 request(s)  	[MsgId: MMSG-26000]
Action.c(78): t=1259897ms: 360-byte response headers for "http://localhost:1080/cgi-bin/login.pl" (RelFrameId=1, Internal ID=290)
Action.c(78):     HTTP/1.1 200 OK\r\n
Action.c(78):     Date: Fri, 03 Feb 2023 22:29:32 GMT\r\n
Action.c(78):     Server: Apache/2.2.21 (Win32)\r\n
Action.c(78):     Expires: 5s\r\n
Action.c(78):     Set-Cookie: MTUserInfo=firstName&John&address2&&username&john&hash&110&lastName&Snow%0A&ad
Action.c(78):     dress1&&creditCard&&expDate&%0A; path=/\r\n
Action.c(78):     Keep-Alive: timeout=5, max=100\r\n
Action.c(78):     Connection: Keep-Alive\r\n
Action.c(78):     Transfer-Encoding: chunked\r\n
Action.c(78):     Content-Type: text/html; charset=ISO-8859-1\r\n
Action.c(78):     \r\n
Action.c(78): t=1259897ms: 5-byte chunked response overhead for "http://localhost:1080/cgi-bin/login.pl" (RelFrameId=1, Internal ID=290)
Action.c(78):     1e1\r\n
Action.c(78): t=1259897ms: 2-byte chunked response overhead for "http://localhost:1080/cgi-bin/login.pl" (RelFrameId=1, Internal ID=290)
Action.c(78):     \r\n
Action.c(78): t=1259897ms: 481-byte chunked response body for "http://localhost:1080/cgi-bin/login.pl" (RelFrameId=1, Internal ID=290)
Action.c(78):     <!--\n
Action.c(78):     User password was correct - added a cookie with the user's default\n
Action.c(78):     information.  Set the user up to make reservations...\n
Action.c(78):     \n
Action.c(78):     --->\n
Action.c(78):     \n
Action.c(78):     <html>\n
Action.c(78):     <title>Web Tours</title>\n
Action.c(78):     <frameset cols="160,*" border=1 frameborder=1>\n
Action.c(78):     <frame src="nav.pl?page=menu&in=home" name="navbar" marginheight="2" marginwidth="2" nores
Action.c(78):     ize="noresize" scrolling="auto"/>\n
Action.c(78):     <frame src="login.pl?intro=true" name="info" marginheight="2" marginwidth="2" noresize="no
Action.c(78):     resize" scrolling="auto"/>\n
Action.c(78):     </frameset>\n
Action.c(78):     \n
Action.c(78):     </body>\n
Action.c(78):     </html>
Action.c(78): Detected non-resource "http://localhost:1080/cgi-bin/nav.pl?page=menu&in=home" in "http://localhost:1080/cgi-bin/login.pl"  	[MsgId: MMSG-26574]
Action.c(78): Detected non-resource "http://localhost:1080/cgi-bin/login.pl?intro=true" in "http://localhost:1080/cgi-bin/login.pl"  	[MsgId: MMSG-26574]
Action.c(78): t=1259897ms: Connecting [1] to host 127.0.0.1:1080  	[MsgId: MMSG-26000]
Action.c(78): t=1259898ms: Already connected [2] to localhost:1080  	[MsgId: MMSG-26000]
Action.c(78): t=1259898ms: 801-byte request headers for "http://localhost:1080/cgi-bin/nav.pl?page=menu&in=home" (RelFrameId=1.1, Internal ID=291)
Action.c(78):     GET /cgi-bin/nav.pl?page=menu&in=home HTTP/1.1\r\n
Action.c(78):     Referer: http://localhost:1080/cgi-bin/login.pl\r\n
Action.c(78):     Origin: http://localhost:1080\r\n
Action.c(78):     Sec-Fetch-Dest: frame\r\n
Action.c(78):     Sec-Fetch-Mode: navigate\r\n
Action.c(78):     Sec-Fetch-Site: same-origin\r\n
Action.c(78):     Upgrade-Insecure-Requests: 1\r\n
Action.c(78):     sec-ch-ua: "Not?A_Brand";v="8", "Chromium";v="108", "Google Chrome";v="108"\r\n
Action.c(78):     sec-ch-ua-mobile: ?0\r\n
Action.c(78):     sec-ch-ua-platform: "Windows"\r\n
Action.c(78):     Sec-Fetch-User: ?1\r\n
Action.c(78):     User-Agent: Mozilla/5.0 (Windows NT 10.0; Win64; x64) AppleWebKit/537.36 (KHTML, like Geck
Action.c(78):     o) Chrome/108.0.0.0 Safari/537.36\r\n
Action.c(78):     Accept-Encoding: gzip, deflate, br\r\n
Action.c(78):     Accept-Language: ru-RU,ru;q=0.9,en-US;q=0.8,en;q=0.7\r\n
Action.c(78):     Accept: */*\r\n
Action.c(78):     Connection: Keep-Alive\r\n
Action.c(78):     Host: localhost:1080\r\n
Action.c(78):     Cookie: MSO=SID&1675463367; MTUserInfo=firstName&John&address2&&username&john&hash&110&las
Action.c(78):     tName&Snow%0A&address1&&creditCard&&expDate&%0A\r\n
Action.c(78):     \r\n
Action.c(78): t=1259898ms: Connected socket [1] from 127.0.0.1:38441 to 127.0.0.1:1080 in 1 ms  	[MsgId: MMSG-26000]
Action.c(78): t=1259898ms: 796-byte request headers for "http://localhost:1080/cgi-bin/login.pl?intro=true" (RelFrameId=1.2, Internal ID=292)
Action.c(78):     GET /cgi-bin/login.pl?intro=true HTTP/1.1\r\n
Action.c(78):     Referer: http://localhost:1080/cgi-bin/login.pl\r\n
Action.c(78):     Origin: http://localhost:1080\r\n
Action.c(78):     Sec-Fetch-Dest: frame\r\n
Action.c(78):     Sec-Fetch-Mode: navigate\r\n
Action.c(78):     Sec-Fetch-Site: same-origin\r\n
Action.c(78):     Upgrade-Insecure-Requests: 1\r\n
Action.c(78):     sec-ch-ua: "Not?A_Brand";v="8", "Chromium";v="108", "Google Chrome";v="108"\r\n
Action.c(78):     sec-ch-ua-mobile: ?0\r\n
Action.c(78):     sec-ch-ua-platform: "Windows"\r\n
Action.c(78):     Sec-Fetch-User: ?1\r\n
Action.c(78):     User-Agent: Mozilla/5.0 (Windows NT 10.0; Win64; x64) AppleWebKit/537.36 (KHTML, like Geck
Action.c(78):     o) Chrome/108.0.0.0 Safari/537.36\r\n
Action.c(78):     Accept-Encoding: gzip, deflate, br\r\n
Action.c(78):     Accept-Language: ru-RU,ru;q=0.9,en-US;q=0.8,en;q=0.7\r\n
Action.c(78):     Accept: */*\r\n
Action.c(78):     Connection: Keep-Alive\r\n
Action.c(78):     Host: localhost:1080\r\n
Action.c(78):     Cookie: MSO=SID&1675463367; MTUserInfo=firstName&John&address2&&username&john&hash&110&las
Action.c(78):     tName&Snow%0A&address1&&creditCard&&expDate&%0A\r\n
Action.c(78):     \r\n
Action.c(78): t=1259899ms: Server localhost has shut down the connection [2] prematurely (empty response, no HTTP headers received). Considering retry  	[MsgId: MMSG-26000]
Action.c(78): t=1259899ms: Closed connection [2] to localhost:1080 after completing 1 request(s)  	[MsgId: MMSG-26000]
Action.c(78): t=1259899ms: reporting user data point RETRY_KEEP_ALIVE  	[MsgId: MMSG-26000]
Action.c(78): t=1259899ms: Connecting [2] to host 127.0.0.1:1080  	[MsgId: MMSG-26000]
Action.c(78): t=1259900ms: Connected socket [2] from 127.0.0.1:38442 to 127.0.0.1:1080 in 1 ms  	[MsgId: MMSG-26000]
Action.c(78): t=1259900ms: 801-byte request headers for "http://localhost:1080/cgi-bin/nav.pl?page=menu&in=home" (RelFrameId=1.1, Internal ID=291)
Action.c(78):     GET /cgi-bin/nav.pl?page=menu&in=home HTTP/1.1\r\n
Action.c(78):     Referer: http://localhost:1080/cgi-bin/login.pl\r\n
Action.c(78):     Origin: http://localhost:1080\r\n
Action.c(78):     Sec-Fetch-Dest: frame\r\n
Action.c(78):     Sec-Fetch-Mode: navigate\r\n
Action.c(78):     Sec-Fetch-Site: same-origin\r\n
Action.c(78):     Upgrade-Insecure-Requests: 1\r\n
Action.c(78):     sec-ch-ua: "Not?A_Brand";v="8", "Chromium";v="108", "Google Chrome";v="108"\r\n
Action.c(78):     sec-ch-ua-mobile: ?0\r\n
Action.c(78):     sec-ch-ua-platform: "Windows"\r\n
Action.c(78):     Sec-Fetch-User: ?1\r\n
Action.c(78):     User-Agent: Mozilla/5.0 (Windows NT 10.0; Win64; x64) AppleWebKit/537.36 (KHTML, like Geck
Action.c(78):     o) Chrome/108.0.0.0 Safari/537.36\r\n
Action.c(78):     Accept-Encoding: gzip, deflate, br\r\n
Action.c(78):     Accept-Language: ru-RU,ru;q=0.9,en-US;q=0.8,en;q=0.7\r\n
Action.c(78):     Accept: */*\r\n
Action.c(78):     Connection: Keep-Alive\r\n
Action.c(78):     Host: localhost:1080\r\n
Action.c(78):     Cookie: MSO=SID&1675463367; MTUserInfo=firstName&John&address2&&username&john&hash&110&las
Action.c(78):     tName&Snow%0A&address1&&creditCard&&expDate&%0A\r\n
Action.c(78):     \r\n
Action.c(78): t=1259903ms: 5-byte chunked response overhead for "http://localhost:1080/cgi-bin/login.pl" (RelFrameId=1, Internal ID=290)
Action.c(78):     0\r\n
Action.c(78):     \r\n
Action.c(78): t=1259903ms: Request done "http://localhost:1080/cgi-bin/login.pl"  	[MsgId: MMSG-26000]
Action.c(78): t=1260028ms: 229-byte response headers for "http://localhost:1080/cgi-bin/login.pl?intro=true" (RelFrameId=1.2, Internal ID=292)
Action.c(78):     HTTP/1.1 200 OK\r\n
Action.c(78):     Date: Fri, 03 Feb 2023 22:29:32 GMT\r\n
Action.c(78):     Server: Apache/2.2.21 (Win32)\r\n
Action.c(78):     Expires: 5s\r\n
Action.c(78):     Keep-Alive: timeout=5, max=100\r\n
Action.c(78):     Connection: Keep-Alive\r\n
Action.c(78):     Transfer-Encoding: chunked\r\n
Action.c(78):     Content-Type: text/html; charset=ISO-8859-1\r\n
Action.c(78):     \r\n
Action.c(78): t=1260028ms: 5-byte chunked response overhead for "http://localhost:1080/cgi-bin/login.pl?intro=true" (RelFrameId=1.2, Internal ID=292)
Action.c(78):     396\r\n
Action.c(78): t=1260028ms: 2-byte chunked response overhead for "http://localhost:1080/cgi-bin/login.pl?intro=true" (RelFrameId=1.2, Internal ID=292)
Action.c(78):     \r\n
Action.c(78): t=1260029ms: 918-byte chunked response body for "http://localhost:1080/cgi-bin/login.pl?intro=true" (RelFrameId=1.2, Internal ID=292)
Action.c(78):     <!DOCTYPE html\n
Action.c(78):     \tPUBLIC "-//W3C//DTD XHTML 1.0 Transitional//EN"\n
Action.c(78):     \t "http://www.w3.org/TR/xhtml1/DTD/xhtml1-transitional.dtd">\n
Action.c(78):     <html xmlns="http://www.w3.org/1999/xhtml" lang="en-US" xml:lang="en-US">\n
Action.c(78):     <head>\n
Action.c(78):     <title>Welcome to Web Tours</title>\n
Action.c(78):     <meta http-equiv="Content-Type" content="text/html; charset=iso-8859-1" />\n
Action.c(78):     </head>\n
Action.c(78):     <body bgcolor="#E0E7F1">\n
Action.c(78):     <p /><style>blockquote {font-family: tahoma; font-size : 10pt}H1 {font-family: tahoma; fon
Action.c(78):     t-size : 22pt; color: #993333}small {font-family: tahoma; font-size : 8pt}H3 {font-family:
Action.c(78):      tahoma; font-size : 10pt; color: black}TD {font-family: tahoma; font-size : 10pt; color: 
Action.c(78):     black}</style><BR/><BR/><BR/><BR/><BR/><blockquote>Welcome, <b>john</b>, to the Web Tours 
Action.c(78):     reservation pages.<BR/>Using the menu to the left, you can search for new flights to book,
Action.c(78):      \n
Action.c(78):     or review/edit the flights already booked.  Don't forget to sign off when\n
Action.c(78):     you're done!\n
Action.c(78):     </blockquote>\n
Action.c(78):     </body>\n
Action.c(78):     </html>
Action.c(78): t=1260040ms: 5-byte chunked response overhead for "http://localhost:1080/cgi-bin/login.pl?intro=true" (RelFrameId=1.2, Internal ID=292)
Action.c(78):     0\r\n
Action.c(78):     \r\n
Action.c(78): t=1260040ms: Request done "http://localhost:1080/cgi-bin/login.pl?intro=true"  	[MsgId: MMSG-26000]
Action.c(78): t=1264971ms: Inactive socket [0] was closed by localhost:1080, probably due to Keep-Alive timeout  	[MsgId: MMSG-26000]
Action.c(78): t=1264971ms: Closed connection [0] to localhost:1080 after completing 1 request(s)  	[MsgId: MMSG-26000]
Action.c(78): t=1265096ms: Inactive socket [1] was closed by localhost:1080, probably due to Keep-Alive timeout  	[MsgId: MMSG-26000]
Action.c(78): t=1265096ms: Closed connection [1] to localhost:1080 after completing 1 request(s)  	[MsgId: MMSG-26000]
Action.c(78): Error -27721: Step download timeout (120 seconds) has expired when downloading resource "http://localhost:1080/cgi-bin/nav.pl?page=menu&in=home"  	[MsgId: MERR-27721]
End auto log messages stack.	[MsgId: MMSG-10544]

